<?xml version="1.0" ?>
<!DOCTYPE coverage SYSTEM "http://cobertura.sourceforge.net/xml/coverage-04.dtd">
<coverage lines-valid="33" lines-covered="0" line-rate="0" branches-valid="4" branches-covered="0" branch-rate="0" timestamp="1571147521527" complexity="0" version="0.1">
  <sources>
    <source>d:\Projects\react-forms\packages\forms-core</source>
  </sources>
  <packages>
    <class name="form-store-helpers.ts" filename="src\stores\form-store-helpers.ts" line-rate="0" branch-rate="1">
      <methods>
        <method name="(anonymous_0)" hits="0" signature="()V">
          <lines>
            <line number="4" hits="0"/>
          </lines>
        </method>
        <method name="(anonymous_1)" hits="0" signature="()V">
          <lines>
            <line number="17" hits="0"/>
          </lines>
        </method>
      </methods>
      <lines>
        <line number="4" hits="0" branch="false"/>
        <line number="5" hits="0" branch="false"/>
        <line number="7" hits="0" branch="false"/>
        <line number="10" hits="0" branch="false"/>
        <line number="11" hits="0" branch="false"/>
        <line number="14" hits="0" branch="false"/>
        <line number="17" hits="0" branch="false"/>
        <line number="18" hits="0" branch="false"/>
      </lines>
    </class>
    <class name="form-store.ts" filename="src\stores\form-store.ts" line-rate="0" branch-rate="0">
      <methods>
        <method name="(anonymous_0)" hits="0" signature="()V">
          <lines>
            <line number="7" hits="0"/>
          </lines>
        </method>
        <method name="FormStore" hits="0" signature="()V">
          <lines>
            <line number="12" hits="0"/>
          </lines>
        </method>
        <method name="(anonymous_2)" hits="0" signature="()V">
          <lines>
            <line number="18" hits="0"/>
          </lines>
        </method>
        <method name="(anonymous_3)" hits="0" signature="()V">
          <lines>
            <line number="22" hits="0"/>
          </lines>
        </method>
        <method name="(anonymous_4)" hits="0" signature="()V">
          <lines>
            <line number="25" hits="0"/>
          </lines>
        </method>
        <method name="(anonymous_5)" hits="0" signature="()V">
          <lines>
            <line number="43" hits="0"/>
          </lines>
        </method>
        <method name="(anonymous_6)" hits="0" signature="()V">
          <lines>
            <line number="62" hits="0"/>
          </lines>
        </method>
      </methods>
      <lines>
        <line number="1" hits="0" branch="false"/>
        <line number="2" hits="0" branch="false"/>
        <line number="5" hits="0" branch="false"/>
        <line number="7" hits="0" branch="false"/>
        <line number="10" hits="0" branch="false"/>
        <line number="13" hits="0" branch="true" condition-coverage="0% (0/2)"/>
        <line number="14" hits="0" branch="false"/>
        <line number="15" hits="0" branch="false"/>
        <line number="18" hits="0" branch="false"/>
        <line number="19" hits="0" branch="false"/>
        <line number="22" hits="0" branch="false"/>
        <line number="23" hits="0" branch="false"/>
        <line number="25" hits="0" branch="false"/>
        <line number="26" hits="0" branch="false"/>
        <line number="29" hits="0" branch="false"/>
        <line number="31" hits="0" branch="true" condition-coverage="0% (0/2)"/>
        <line number="32" hits="0" branch="false"/>
        <line number="34" hits="0" branch="false"/>
        <line number="36" hits="0" branch="false"/>
        <line number="38" hits="0" branch="false"/>
        <line number="40" hits="0" branch="false"/>
        <line number="43" hits="0" branch="false"/>
        <line number="44" hits="0" branch="false"/>
        <line number="62" hits="0" branch="false"/>
        <line number="64" hits="0" branch="false"/>
      </lines>
    </class>
  </packages>
</coverage>
