{
"D:\\SimplrJS\\simplr-forms\\tools\\api-extractor\\lib\\ApiDefinitionReference.js":{"path":"D:\\SimplrJS\\simplr-forms\\tools\\api-extractor\\lib\\ApiDefinitionReference.js","s":{"1":1,"2":1,"3":1,"4":50,"5":50,"6":50,"7":50,"8":1,"9":50,"10":1,"11":47,"12":4,"13":4,"14":43,"15":43,"16":43,"17":34,"18":34,"19":34,"20":34,"21":43,"22":43,"23":42,"24":42,"25":1,"26":1,"27":42,"28":0,"29":0,"30":42,"31":1,"32":44,"33":16,"34":28,"35":28,"36":28,"37":0,"38":1,"39":33,"40":33,"41":25,"42":8,"43":7,"44":33,"45":1,"46":5,"47":5,"48":4,"49":5,"50":1,"51":1,"52":1,"53":1,"54":1,"55":1,"56":1},"b":{"1":[4,43],"2":[47,47],"3":[34,9],"4":[42,1],"5":[7,35],"6":[0,42],"7":[16,28],"8":[28,0],"9":[25,8],"10":[7,1],"11":[4,1]},"f":{"1":1,"2":50,"3":50,"4":47,"5":44,"6":33,"7":5,"8":1},"fnMap":{"1":{"name":"(anonymous_1)","line":8,"loc":{"start":{"line":8,"column":30},"end":{"line":8,"column":42}}},"2":{"name":"ApiDefinitionReference","line":9,"loc":{"start":{"line":9,"column":4},"end":{"line":9,"column":43}}},"3":{"name":"(anonymous_3)","line":19,"loc":{"start":{"line":19,"column":45},"end":{"line":19,"column":62}}},"4":{"name":"(anonymous_4)","line":27,"loc":{"start":{"line":27,"column":46},"end":{"line":27,"column":87}}},"5":{"name":"(anonymous_5)","line":70,"loc":{"start":{"line":70,"column":52},"end":{"line":70,"column":74}}},"6":{"name":"(anonymous_6)","line":88,"loc":{"start":{"line":88,"column":60},"end":{"line":88,"column":72}}},"7":{"name":"(anonymous_7)","line":104,"loc":{"start":{"line":104,"column":54},"end":{"line":104,"column":66}}},"8":{"name":"(anonymous_8)","line":117,"loc":{"start":{"line":117,"column":54},"end":{"line":117,"column":66}}}},"statementMap":{"1":{"start":{"line":4,"column":0},"end":{"line":4,"column":62}},"2":{"start":{"line":8,"column":0},"end":{"line":134,"column":5}},"3":{"start":{"line":9,"column":4},"end":{"line":14,"column":5}},"4":{"start":{"line":10,"column":8},"end":{"line":10,"column":41}},"5":{"start":{"line":11,"column":8},"end":{"line":11,"column":45}},"6":{"start":{"line":12,"column":8},"end":{"line":12,"column":43}},"7":{"start":{"line":13,"column":8},"end":{"line":13,"column":43}},"8":{"start":{"line":19,"column":4},"end":{"line":21,"column":6}},"9":{"start":{"line":20,"column":8},"end":{"line":20,"column":49}},"10":{"start":{"line":27,"column":4},"end":{"line":64,"column":6}},"11":{"start":{"line":28,"column":8},"end":{"line":31,"column":9}},"12":{"start":{"line":29,"column":12},"end":{"line":29,"column":119}},"13":{"start":{"line":30,"column":12},"end":{"line":30,"column":29}},"14":{"start":{"line":32,"column":8},"end":{"line":37,"column":10}},"15":{"start":{"line":39,"column":8},"end":{"line":39,"column":81}},"16":{"start":{"line":40,"column":8},"end":{"line":46,"column":9}},"17":{"start":{"line":42,"column":12},"end":{"line":42,"column":91}},"18":{"start":{"line":43,"column":12},"end":{"line":43,"column":62}},"19":{"start":{"line":44,"column":12},"end":{"line":44,"column":66}},"20":{"start":{"line":45,"column":12},"end":{"line":45,"column":40}},"21":{"start":{"line":48,"column":8},"end":{"line":48,"column":76}},"22":{"start":{"line":49,"column":8},"end":{"line":58,"column":9}},"23":{"start":{"line":50,"column":12},"end":{"line":50,"column":49}},"24":{"start":{"line":51,"column":12},"end":{"line":51,"column":65}},"25":{"start":{"line":55,"column":12},"end":{"line":56,"column":65}},"26":{"start":{"line":57,"column":12},"end":{"line":57,"column":29}},"27":{"start":{"line":59,"column":8},"end":{"line":62,"column":9}},"28":{"start":{"line":60,"column":12},"end":{"line":60,"column":108}},"29":{"start":{"line":61,"column":12},"end":{"line":61,"column":29}},"30":{"start":{"line":63,"column":8},"end":{"line":63,"column":70}},"31":{"start":{"line":70,"column":4},"end":{"line":81,"column":6}},"32":{"start":{"line":71,"column":8},"end":{"line":73,"column":9}},"33":{"start":{"line":72,"column":12},"end":{"line":72,"column":54}},"34":{"start":{"line":74,"column":8},"end":{"line":74,"column":49}},"35":{"start":{"line":75,"column":8},"end":{"line":80,"column":9}},"36":{"start":{"line":76,"column":12},"end":{"line":76,"column":107}},"37":{"start":{"line":79,"column":12},"end":{"line":79,"column":66}},"38":{"start":{"line":88,"column":4},"end":{"line":97,"column":6}},"39":{"start":{"line":89,"column":8},"end":{"line":89,"column":24}},"40":{"start":{"line":90,"column":8},"end":{"line":95,"column":9}},"41":{"start":{"line":91,"column":12},"end":{"line":91,"column":62}},"42":{"start":{"line":93,"column":13},"end":{"line":95,"column":9}},"43":{"start":{"line":94,"column":12},"end":{"line":94,"column":39}},"44":{"start":{"line":96,"column":8},"end":{"line":96,"column":22}},"45":{"start":{"line":104,"column":4},"end":{"line":110,"column":6}},"46":{"start":{"line":105,"column":8},"end":{"line":105,"column":49}},"47":{"start":{"line":106,"column":8},"end":{"line":108,"column":9}},"48":{"start":{"line":107,"column":12},"end":{"line":107,"column":26}},"49":{"start":{"line":109,"column":8},"end":{"line":109,"column":47}},"50":{"start":{"line":117,"column":4},"end":{"line":119,"column":6}},"51":{"start":{"line":118,"column":8},"end":{"line":118,"column":63}},"52":{"start":{"line":124,"column":4},"end":{"line":124,"column":61}},"53":{"start":{"line":128,"column":4},"end":{"line":128,"column":68}},"54":{"start":{"line":132,"column":4},"end":{"line":132,"column":49}},"55":{"start":{"line":133,"column":4},"end":{"line":133,"column":34}},"56":{"start":{"line":135,"column":0},"end":{"line":135,"column":41}}},"branchMap":{"1":{"line":28,"type":"if","locations":[{"start":{"line":28,"column":8},"end":{"line":28,"column":8}},{"start":{"line":28,"column":8},"end":{"line":28,"column":8}}]},"2":{"line":28,"type":"binary-expr","locations":[{"start":{"line":28,"column":12},"end":{"line":28,"column":29}},{"start":{"line":28,"column":33},"end":{"line":28,"column":71}}]},"3":{"line":40,"type":"if","locations":[{"start":{"line":40,"column":8},"end":{"line":40,"column":8}},{"start":{"line":40,"column":8},"end":{"line":40,"column":8}}]},"4":{"line":49,"type":"if","locations":[{"start":{"line":49,"column":8},"end":{"line":49,"column":8}},{"start":{"line":49,"column":8},"end":{"line":49,"column":8}}]},"5":{"line":51,"type":"cond-expr","locations":[{"start":{"line":51,"column":51},"end":{"line":51,"column":59}},{"start":{"line":51,"column":62},"end":{"line":51,"column":64}}]},"6":{"line":59,"type":"if","locations":[{"start":{"line":59,"column":8},"end":{"line":59,"column":8}},{"start":{"line":59,"column":8},"end":{"line":59,"column":8}}]},"7":{"line":71,"type":"if","locations":[{"start":{"line":71,"column":8},"end":{"line":71,"column":8}},{"start":{"line":71,"column":8},"end":{"line":71,"column":8}}]},"8":{"line":75,"type":"if","locations":[{"start":{"line":75,"column":8},"end":{"line":75,"column":8}},{"start":{"line":75,"column":8},"end":{"line":75,"column":8}}]},"9":{"line":90,"type":"if","locations":[{"start":{"line":90,"column":8},"end":{"line":90,"column":8}},{"start":{"line":90,"column":8},"end":{"line":90,"column":8}}]},"10":{"line":93,"type":"if","locations":[{"start":{"line":93,"column":13},"end":{"line":93,"column":13}},{"start":{"line":93,"column":13},"end":{"line":93,"column":13}}]},"11":{"line":106,"type":"if","locations":[{"start":{"line":106,"column":8},"end":{"line":106,"column":8}},{"start":{"line":106,"column":8},"end":{"line":106,"column":8}}]}},"l":{"4":1,"8":1,"9":1,"10":50,"11":50,"12":50,"13":50,"19":1,"20":50,"27":1,"28":47,"29":4,"30":4,"32":43,"39":43,"40":43,"42":34,"43":34,"44":34,"45":34,"48":43,"49":43,"50":42,"51":42,"55":1,"57":1,"59":42,"60":0,"61":0,"63":42,"70":1,"71":44,"72":16,"74":28,"75":28,"76":28,"79":0,"88":1,"89":33,"90":33,"91":25,"93":8,"94":7,"96":33,"104":1,"105":5,"106":5,"107":4,"109":5,"117":1,"118":1,"124":1,"128":1,"132":1,"133":1,"135":1}},
"D:\\SimplrJS\\simplr-forms\\tools\\api-extractor\\lib\\DocElementParser.js":{"path":"D:\\SimplrJS\\simplr-forms\\tools\\api-extractor\\lib\\DocElementParser.js","s":{"1":1,"2":1,"3":1,"4":1,"5":1,"6":1,"7":1,"8":258,"9":258,"10":176,"11":170,"12":170,"13":6,"14":0,"15":0,"16":0,"17":258,"18":1,"19":19,"20":0,"21":19,"22":1,"23":397,"24":397,"25":397,"26":397,"27":658,"28":658,"29":227,"30":227,"31":431,"32":171,"33":1,"34":1,"35":1,"36":170,"37":170,"38":260,"39":55,"40":35,"41":35,"42":4,"43":35,"44":35,"45":35,"46":20,"47":20,"48":13,"49":13,"50":4,"51":20,"52":20,"53":0,"54":0,"55":205,"56":205,"57":205,"58":0,"59":397,"60":1,"61":20,"62":0,"63":0,"64":20,"65":30,"66":30,"67":20,"68":1,"69":1,"70":19,"71":19,"72":19,"73":19,"74":11,"75":1,"76":1,"77":10,"78":8,"79":8,"80":4,"81":4,"82":14,"83":8,"84":8,"85":1,"86":1,"87":7,"88":6,"89":13,"90":1,"91":35,"92":35,"93":0,"94":0,"95":35,"96":35,"97":0,"98":0,"99":35,"100":35,"101":6,"102":6,"103":6,"104":29,"105":7,"106":29,"107":29,"108":29,"109":2,"110":2,"111":2,"112":0,"113":0,"114":0,"115":29,"116":8,"117":1,"118":1,"119":1,"120":1},"b":{"1":[170,6,0,0],"2":[0,19],"3":[227,431],"4":[171,260],"5":[1,170],"6":[55,205],"7":[35,20,0],"8":[4,31],"9":[35,31],"10":[13,7],"11":[4,9],"12":[205,0],"13":[0,20],"14":[30,0],"15":[1,19],"16":[8,11],"17":[11,8],"18":[1,10],"19":[4,4],"20":[8,6],"21":[1,7],"22":[0,35],"23":[0,35],"24":[6,29],"25":[7,22],"26":[2,0],"27":[8,21]},"f":{"1":1,"2":0,"3":258,"4":176,"5":19,"6":397,"7":20,"8":30,"9":35},"fnMap":{"1":{"name":"(anonymous_1)","line":8,"loc":{"start":{"line":8,"column":24},"end":{"line":8,"column":36}}},"2":{"name":"DocElementParser","line":9,"loc":{"start":{"line":9,"column":4},"end":{"line":9,"column":32}}},"3":{"name":"(anonymous_3)","line":11,"loc":{"start":{"line":11,"column":33},"end":{"line":11,"column":68}}},"4":{"name":"(anonymous_4)","line":13,"loc":{"start":{"line":13,"column":27},"end":{"line":13,"column":49}}},"5":{"name":"(anonymous_5)","line":31,"loc":{"start":{"line":31,"column":39},"end":{"line":31,"column":55}}},"6":{"name":"(anonymous_6)","line":37,"loc":{"start":{"line":37,"column":29},"end":{"line":37,"column":65}}},"7":{"name":"(anonymous_7)","line":112,"loc":{"start":{"line":112,"column":36},"end":{"line":112,"column":72}}},"8":{"name":"(anonymous_8)","line":118,"loc":{"start":{"line":118,"column":61},"end":{"line":118,"column":78}}},"9":{"name":"(anonymous_9)","line":187,"loc":{"start":{"line":187,"column":39},"end":{"line":187,"column":81}}}},"statementMap":{"1":{"start":{"line":4,"column":0},"end":{"line":4,"column":62}},"2":{"start":{"line":5,"column":0},"end":{"line":5,"column":67}},"3":{"start":{"line":6,"column":0},"end":{"line":6,"column":49}},"4":{"start":{"line":7,"column":0},"end":{"line":7,"column":33}},"5":{"start":{"line":8,"column":0},"end":{"line":268,"column":5}},"6":{"start":{"line":9,"column":4},"end":{"line":10,"column":5}},"7":{"start":{"line":11,"column":4},"end":{"line":30,"column":6}},"8":{"start":{"line":12,"column":8},"end":{"line":12,"column":22}},"9":{"start":{"line":13,"column":8},"end":{"line":28,"column":11}},"10":{"start":{"line":14,"column":12},"end":{"line":27,"column":13}},"11":{"start":{"line":16,"column":20},"end":{"line":16,"column":51}},"12":{"start":{"line":17,"column":20},"end":{"line":17,"column":26}},"13":{"start":{"line":20,"column":20},"end":{"line":20,"column":26}},"14":{"start":{"line":23,"column":20},"end":{"line":23,"column":26}},"15":{"start":{"line":25,"column":20},"end":{"line":25,"column":77}},"16":{"start":{"line":26,"column":20},"end":{"line":26,"column":26}},"17":{"start":{"line":29,"column":8},"end":{"line":29,"column":27}},"18":{"start":{"line":31,"column":4},"end":{"line":36,"column":6}},"19":{"start":{"line":32,"column":8},"end":{"line":34,"column":9}},"20":{"start":{"line":33,"column":12},"end":{"line":33,"column":19}},"21":{"start":{"line":35,"column":8},"end":{"line":35,"column":55}},"22":{"start":{"line":37,"column":4},"end":{"line":97,"column":6}},"23":{"start":{"line":38,"column":8},"end":{"line":38,"column":29}},"24":{"start":{"line":39,"column":8},"end":{"line":39,"column":27}},"25":{"start":{"line":40,"column":8},"end":{"line":40,"column":18}},"26":{"start":{"line":41,"column":8},"end":{"line":95,"column":9}},"27":{"start":{"line":42,"column":12},"end":{"line":42,"column":42}},"28":{"start":{"line":43,"column":12},"end":{"line":46,"column":13}},"29":{"start":{"line":44,"column":16},"end":{"line":44,"column":32}},"30":{"start":{"line":45,"column":16},"end":{"line":45,"column":22}},"31":{"start":{"line":47,"column":12},"end":{"line":94,"column":13}},"32":{"start":{"line":48,"column":16},"end":{"line":59,"column":17}},"33":{"start":{"line":50,"column":24},"end":{"line":50,"column":45}},"34":{"start":{"line":51,"column":24},"end":{"line":54,"column":27}},"35":{"start":{"line":55,"column":24},"end":{"line":55,"column":30}},"36":{"start":{"line":57,"column":24},"end":{"line":57,"column":40}},"37":{"start":{"line":58,"column":24},"end":{"line":58,"column":30}},"38":{"start":{"line":61,"column":17},"end":{"line":94,"column":13}},"39":{"start":{"line":62,"column":16},"end":{"line":86,"column":17}},"40":{"start":{"line":64,"column":24},"end":{"line":64,"column":45}},"41":{"start":{"line":65,"column":24},"end":{"line":68,"column":25}},"42":{"start":{"line":66,"column":28},"end":{"line":67,"column":90}},"43":{"start":{"line":69,"column":24},"end":{"line":69,"column":72}},"44":{"start":{"line":70,"column":24},"end":{"line":70,"column":60}},"45":{"start":{"line":71,"column":24},"end":{"line":71,"column":30}},"46":{"start":{"line":73,"column":24},"end":{"line":73,"column":85}},"47":{"start":{"line":74,"column":24},"end":{"line":80,"column":25}},"48":{"start":{"line":76,"column":28},"end":{"line":76,"column":61}},"49":{"start":{"line":77,"column":28},"end":{"line":79,"column":29}},"50":{"start":{"line":78,"column":32},"end":{"line":78,"column":83}},"51":{"start":{"line":81,"column":24},"end":{"line":81,"column":45}},"52":{"start":{"line":82,"column":24},"end":{"line":82,"column":30}},"53":{"start":{"line":84,"column":24},"end":{"line":84,"column":40}},"54":{"start":{"line":85,"column":24},"end":{"line":85,"column":30}},"55":{"start":{"line":88,"column":17},"end":{"line":94,"column":13}},"56":{"start":{"line":89,"column":16},"end":{"line":89,"column":80}},"57":{"start":{"line":90,"column":16},"end":{"line":90,"column":37}},"58":{"start":{"line":93,"column":16},"end":{"line":93,"column":126}},"59":{"start":{"line":96,"column":8},"end":{"line":96,"column":27}},"60":{"start":{"line":112,"column":4},"end":{"line":178,"column":6}},"61":{"start":{"line":113,"column":8},"end":{"line":116,"column":9}},"62":{"start":{"line":114,"column":12},"end":{"line":114,"column":98}},"63":{"start":{"line":115,"column":12},"end":{"line":115,"column":19}},"64":{"start":{"line":118,"column":8},"end":{"line":122,"column":11}},"65":{"start":{"line":119,"column":12},"end":{"line":121,"column":13}},"66":{"start":{"line":120,"column":16},"end":{"line":120,"column":36}},"67":{"start":{"line":123,"column":8},"end":{"line":126,"column":9}},"68":{"start":{"line":124,"column":12},"end":{"line":124,"column":101}},"69":{"start":{"line":125,"column":12},"end":{"line":125,"column":29}},"70":{"start":{"line":127,"column":8},"end":{"line":127,"column":46}},"71":{"start":{"line":128,"column":8},"end":{"line":128,"column":85}},"72":{"start":{"line":130,"column":8},"end":{"line":130,"column":27}},"73":{"start":{"line":131,"column":8},"end":{"line":161,"column":9}},"74":{"start":{"line":133,"column":12},"end":{"line":137,"column":13}},"75":{"start":{"line":134,"column":16},"end":{"line":135,"column":122}},"76":{"start":{"line":136,"column":16},"end":{"line":136,"column":33}},"77":{"start":{"line":138,"column":12},"end":{"line":143,"column":14}},"78":{"start":{"line":147,"column":12},"end":{"line":147,"column":123}},"79":{"start":{"line":149,"column":12},"end":{"line":151,"column":13}},"80":{"start":{"line":150,"column":16},"end":{"line":150,"column":33}},"81":{"start":{"line":152,"column":12},"end":{"line":160,"column":14}},"82":{"start":{"line":163,"column":8},"end":{"line":176,"column":9}},"83":{"start":{"line":164,"column":12},"end":{"line":164,"column":81}},"84":{"start":{"line":165,"column":12},"end":{"line":169,"column":13}},"85":{"start":{"line":166,"column":16},"end":{"line":167,"column":60}},"86":{"start":{"line":168,"column":16},"end":{"line":168,"column":33}},"87":{"start":{"line":171,"column":12},"end":{"line":171,"column":51}},"88":{"start":{"line":175,"column":12},"end":{"line":175,"column":47}},"89":{"start":{"line":177,"column":8},"end":{"line":177,"column":30}},"90":{"start":{"line":187,"column":4},"end":{"line":245,"column":6}},"91":{"start":{"line":189,"column":8},"end":{"line":189,"column":48}},"92":{"start":{"line":190,"column":8},"end":{"line":194,"column":9}},"93":{"start":{"line":191,"column":12},"end":{"line":192,"column":70}},"94":{"start":{"line":193,"column":12},"end":{"line":193,"column":19}},"95":{"start":{"line":197,"column":8},"end":{"line":197,"column":120}},"96":{"start":{"line":199,"column":8},"end":{"line":202,"column":9}},"97":{"start":{"line":200,"column":12},"end":{"line":200,"column":106}},"98":{"start":{"line":201,"column":12},"end":{"line":201,"column":19}},"99":{"start":{"line":204,"column":8},"end":{"line":204,"column":131}},"100":{"start":{"line":207,"column":8},"end":{"line":214,"column":9}},"101":{"start":{"line":208,"column":12},"end":{"line":211,"column":14}},"102":{"start":{"line":212,"column":12},"end":{"line":212,"column":50}},"103":{"start":{"line":213,"column":12},"end":{"line":213,"column":19}},"104":{"start":{"line":221,"column":8},"end":{"line":223,"column":9}},"105":{"start":{"line":222,"column":12},"end":{"line":222,"column":61}},"106":{"start":{"line":225,"column":8},"end":{"line":225,"column":56}},"107":{"start":{"line":226,"column":8},"end":{"line":226,"column":56}},"108":{"start":{"line":229,"column":8},"end":{"line":238,"column":9}},"109":{"start":{"line":231,"column":16},"end":{"line":231,"column":66}},"110":{"start":{"line":232,"column":16},"end":{"line":232,"column":78}},"111":{"start":{"line":233,"column":16},"end":{"line":233,"column":22}},"112":{"start":{"line":235,"column":16},"end":{"line":235,"column":66}},"113":{"start":{"line":236,"column":16},"end":{"line":236,"column":78}},"114":{"start":{"line":237,"column":16},"end":{"line":237,"column":22}},"115":{"start":{"line":242,"column":8},"end":{"line":244,"column":9}},"116":{"start":{"line":243,"column":12},"end":{"line":243,"column":58}},"117":{"start":{"line":252,"column":4},"end":{"line":252,"column":62}},"118":{"start":{"line":266,"column":4},"end":{"line":266,"column":49}},"119":{"start":{"line":267,"column":4},"end":{"line":267,"column":28}},"120":{"start":{"line":269,"column":0},"end":{"line":269,"column":35}}},"branchMap":{"1":{"line":14,"type":"switch","locations":[{"start":{"line":15,"column":16},"end":{"line":17,"column":26}},{"start":{"line":18,"column":16},"end":{"line":20,"column":26}},{"start":{"line":21,"column":16},"end":{"line":23,"column":26}},{"start":{"line":24,"column":16},"end":{"line":26,"column":26}}]},"2":{"line":32,"type":"if","locations":[{"start":{"line":32,"column":8},"end":{"line":32,"column":8}},{"start":{"line":32,"column":8},"end":{"line":32,"column":8}}]},"3":{"line":43,"type":"if","locations":[{"start":{"line":43,"column":12},"end":{"line":43,"column":12}},{"start":{"line":43,"column":12},"end":{"line":43,"column":12}}]},"4":{"line":47,"type":"if","locations":[{"start":{"line":47,"column":12},"end":{"line":47,"column":12}},{"start":{"line":47,"column":12},"end":{"line":47,"column":12}}]},"5":{"line":48,"type":"switch","locations":[{"start":{"line":49,"column":20},"end":{"line":55,"column":30}},{"start":{"line":56,"column":20},"end":{"line":58,"column":30}}]},"6":{"line":61,"type":"if","locations":[{"start":{"line":61,"column":17},"end":{"line":61,"column":17}},{"start":{"line":61,"column":17},"end":{"line":61,"column":17}}]},"7":{"line":62,"type":"switch","locations":[{"start":{"line":63,"column":20},"end":{"line":71,"column":30}},{"start":{"line":72,"column":20},"end":{"line":82,"column":30}},{"start":{"line":83,"column":20},"end":{"line":85,"column":30}}]},"8":{"line":65,"type":"if","locations":[{"start":{"line":65,"column":24},"end":{"line":65,"column":24}},{"start":{"line":65,"column":24},"end":{"line":65,"column":24}}]},"9":{"line":65,"type":"binary-expr","locations":[{"start":{"line":65,"column":28},"end":{"line":65,"column":50}},{"start":{"line":65,"column":54},"end":{"line":65,"column":86}}]},"10":{"line":74,"type":"if","locations":[{"start":{"line":74,"column":24},"end":{"line":74,"column":24}},{"start":{"line":74,"column":24},"end":{"line":74,"column":24}}]},"11":{"line":77,"type":"if","locations":[{"start":{"line":77,"column":28},"end":{"line":77,"column":28}},{"start":{"line":77,"column":28},"end":{"line":77,"column":28}}]},"12":{"line":88,"type":"if","locations":[{"start":{"line":88,"column":17},"end":{"line":88,"column":17}},{"start":{"line":88,"column":17},"end":{"line":88,"column":17}}]},"13":{"line":113,"type":"if","locations":[{"start":{"line":113,"column":8},"end":{"line":113,"column":8}},{"start":{"line":113,"column":8},"end":{"line":113,"column":8}}]},"14":{"line":119,"type":"if","locations":[{"start":{"line":119,"column":12},"end":{"line":119,"column":12}},{"start":{"line":119,"column":12},"end":{"line":119,"column":12}}]},"15":{"line":123,"type":"if","locations":[{"start":{"line":123,"column":8},"end":{"line":123,"column":8}},{"start":{"line":123,"column":8},"end":{"line":123,"column":8}}]},"16":{"line":128,"type":"cond-expr","locations":[{"start":{"line":128,"column":60},"end":{"line":128,"column":79}},{"start":{"line":128,"column":82},"end":{"line":128,"column":84}}]},"17":{"line":131,"type":"if","locations":[{"start":{"line":131,"column":8},"end":{"line":131,"column":8}},{"start":{"line":131,"column":8},"end":{"line":131,"column":8}}]},"18":{"line":133,"type":"if","locations":[{"start":{"line":133,"column":12},"end":{"line":133,"column":12}},{"start":{"line":133,"column":12},"end":{"line":133,"column":12}}]},"19":{"line":149,"type":"if","locations":[{"start":{"line":149,"column":12},"end":{"line":149,"column":12}},{"start":{"line":149,"column":12},"end":{"line":149,"column":12}}]},"20":{"line":163,"type":"if","locations":[{"start":{"line":163,"column":8},"end":{"line":163,"column":8}},{"start":{"line":163,"column":8},"end":{"line":163,"column":8}}]},"21":{"line":165,"type":"if","locations":[{"start":{"line":165,"column":12},"end":{"line":165,"column":12}},{"start":{"line":165,"column":12},"end":{"line":165,"column":12}}]},"22":{"line":190,"type":"if","locations":[{"start":{"line":190,"column":8},"end":{"line":190,"column":8}},{"start":{"line":190,"column":8},"end":{"line":190,"column":8}}]},"23":{"line":199,"type":"if","locations":[{"start":{"line":199,"column":8},"end":{"line":199,"column":8}},{"start":{"line":199,"column":8},"end":{"line":199,"column":8}}]},"24":{"line":207,"type":"if","locations":[{"start":{"line":207,"column":8},"end":{"line":207,"column":8}},{"start":{"line":207,"column":8},"end":{"line":207,"column":8}}]},"25":{"line":221,"type":"if","locations":[{"start":{"line":221,"column":8},"end":{"line":221,"column":8}},{"start":{"line":221,"column":8},"end":{"line":221,"column":8}}]},"26":{"line":229,"type":"switch","locations":[{"start":{"line":230,"column":12},"end":{"line":233,"column":22}},{"start":{"line":234,"column":12},"end":{"line":237,"column":22}}]},"27":{"line":242,"type":"if","locations":[{"start":{"line":242,"column":8},"end":{"line":242,"column":8}},{"start":{"line":242,"column":8},"end":{"line":242,"column":8}}]}},"l":{"4":1,"5":1,"6":1,"7":1,"8":1,"9":1,"11":1,"12":258,"13":258,"14":176,"16":170,"17":170,"20":6,"23":0,"25":0,"26":0,"29":258,"31":1,"32":19,"33":0,"35":19,"37":1,"38":397,"39":397,"40":397,"41":397,"42":658,"43":658,"44":227,"45":227,"47":431,"48":171,"50":1,"51":1,"55":1,"57":170,"58":170,"61":260,"62":55,"64":35,"65":35,"66":4,"69":35,"70":35,"71":35,"73":20,"74":20,"76":13,"77":13,"78":4,"81":20,"82":20,"84":0,"85":0,"88":205,"89":205,"90":205,"93":0,"96":397,"112":1,"113":20,"114":0,"115":0,"118":20,"119":30,"120":30,"123":20,"124":1,"125":1,"127":19,"128":19,"130":19,"131":19,"133":11,"134":1,"136":1,"138":10,"147":8,"149":8,"150":4,"152":4,"163":14,"164":8,"165":8,"166":1,"168":1,"171":7,"175":6,"177":13,"187":1,"189":35,"190":35,"191":0,"193":0,"197":35,"199":35,"200":0,"201":0,"204":35,"207":35,"208":6,"212":6,"213":6,"221":29,"222":7,"225":29,"226":29,"229":29,"231":2,"232":2,"233":2,"235":0,"236":0,"237":0,"242":29,"243":8,"252":1,"266":1,"267":1,"269":1}},
"D:\\SimplrJS\\simplr-forms\\tools\\api-extractor\\lib\\definitions\\ApiItem.js":{"path":"D:\\SimplrJS\\simplr-forms\\tools\\api-extractor\\lib\\definitions\\ApiItem.js","s":{"1":1,"2":1,"3":1,"4":1,"5":1,"6":1,"7":1,"8":1,"9":1,"10":1,"11":1,"12":1,"13":1,"14":1,"15":1,"16":1,"17":1,"18":1,"19":1,"20":1,"21":1,"22":1,"23":1,"24":1,"25":1,"26":1,"27":1,"28":1,"29":1,"30":328,"31":328,"32":328,"33":328,"34":328,"35":328,"36":328,"37":328,"38":328,"39":328,"40":328,"41":328,"42":328,"43":328,"44":328,"45":324,"46":328,"47":1,"48":213,"49":0,"50":213,"51":1,"52":1,"53":148,"54":1,"55":0,"56":1,"57":249,"58":1,"59":279,"60":1,"61":162,"62":162,"63":260,"64":162,"65":98,"66":98,"67":0,"68":98,"69":162,"70":1,"71":41,"72":1,"73":56,"74":1,"75":258,"76":258,"77":258,"78":258,"79":258,"80":4,"81":258,"82":9,"83":0,"84":0,"85":258,"86":2,"87":0,"88":0,"89":258,"90":4,"91":258,"92":41,"93":4,"94":217,"95":2,"96":258,"97":158,"98":0,"99":0,"100":1,"101":265,"102":6,"103":258,"104":258,"105":258,"106":258,"107":249,"108":249,"109":258,"110":1,"111":1,"112":0,"113":1,"114":243,"115":18,"116":225,"117":169,"118":169,"119":12,"120":213,"121":1,"122":1453,"123":67,"124":1386,"125":32,"126":32,"127":1386,"128":1336,"129":1336,"130":1,"131":32,"132":32,"133":0,"134":32,"135":0,"136":32,"137":32,"138":0,"139":32,"140":32,"141":32,"142":32,"143":0,"144":32,"145":32,"146":32,"147":0,"148":0,"149":32,"150":32,"151":32,"152":26,"153":26,"154":18,"155":8,"156":8,"157":6,"158":6,"159":6,"160":0,"161":0,"162":0,"163":6,"164":6,"165":6,"166":6,"167":6,"168":4,"169":2,"170":1,"171":1,"172":1},"b":{"1":[1,1],"2":[1,1],"3":[328,236],"4":[328,0],"5":[324,4],"6":[0,213],"7":[162,98],"8":[0,98],"9":[98,98],"10":[258,249],"11":[258,249],"12":[4,254],"13":[9,249],"14":[0,9],"15":[2,256],"16":[0,2],"17":[4,254],"18":[258,8],"19":[41,217],"20":[4,37],"21":[41,28],"22":[2,215],"23":[158,100],"24":[0,158],"25":[158,113],"26":[0,0],"27":[6,258,1,0],"28":[18,225],"29":[12,157],"30":[67,1386],"31":[1453,1386,337],"32":[32,1354],"33":[0,32],"34":[0,32],"35":[0,32],"36":[32,32],"37":[0,32],"38":[0,32],"39":[26,6],"40":[32,32],"41":[18,8],"42":[0,6],"43":[4,2]},"f":{"1":1,"2":1,"3":1,"4":328,"5":213,"6":208,"7":148,"8":0,"9":249,"10":279,"11":162,"12":41,"13":56,"14":258,"15":265,"16":243,"17":1453,"18":32,"19":32},"fnMap":{"1":{"name":"(anonymous_1)","line":16,"loc":{"start":{"line":16,"column":1},"end":{"line":16,"column":24}}},"2":{"name":"(anonymous_2)","line":74,"loc":{"start":{"line":74,"column":1},"end":{"line":74,"column":32}}},"3":{"name":"(anonymous_3)","line":106,"loc":{"start":{"line":106,"column":15},"end":{"line":106,"column":27}}},"4":{"name":"ApiItem","line":107,"loc":{"start":{"line":107,"column":4},"end":{"line":107,"column":30}}},"5":{"name":"(anonymous_5)","line":150,"loc":{"start":{"line":150,"column":47},"end":{"line":150,"column":74}}},"6":{"name":"(anonymous_6)","line":160,"loc":{"start":{"line":160,"column":54},"end":{"line":160,"column":66}}},"7":{"name":"(anonymous_7)","line":168,"loc":{"start":{"line":168,"column":39},"end":{"line":168,"column":51}}},"8":{"name":"(anonymous_8)","line":176,"loc":{"start":{"line":176,"column":45},"end":{"line":176,"column":57}}},"9":{"name":"(anonymous_9)","line":183,"loc":{"start":{"line":183,"column":48},"end":{"line":183,"column":60}}},"10":{"name":"(anonymous_10)","line":190,"loc":{"start":{"line":190,"column":13},"end":{"line":190,"column":25}}},"11":{"name":"(anonymous_11)","line":207,"loc":{"start":{"line":207,"column":38},"end":{"line":207,"column":56}}},"12":{"name":"(anonymous_12)","line":225,"loc":{"start":{"line":225,"column":36},"end":{"line":225,"column":55}}},"13":{"name":"(anonymous_13)","line":232,"loc":{"start":{"line":232,"column":38},"end":{"line":232,"column":57}}},"14":{"name":"(anonymous_14)","line":239,"loc":{"start":{"line":239,"column":49},"end":{"line":239,"column":61}}},"15":{"name":"(anonymous_15)","line":301,"loc":{"start":{"line":301,"column":47},"end":{"line":301,"column":59}}},"16":{"name":"(anonymous_16)","line":334,"loc":{"start":{"line":334,"column":46},"end":{"line":334,"column":58}}},"17":{"name":"(anonymous_17)","line":352,"loc":{"start":{"line":352,"column":51},"end":{"line":352,"column":67}}},"18":{"name":"(anonymous_18)","line":371,"loc":{"start":{"line":371,"column":46},"end":{"line":371,"column":75}}},"19":{"name":"(anonymous_19)","line":403,"loc":{"start":{"line":403,"column":36},"end":{"line":403,"column":63}}}},"statementMap":{"1":{"start":{"line":4,"column":0},"end":{"line":4,"column":62}},"2":{"start":{"line":7,"column":0},"end":{"line":7,"column":31}},"3":{"start":{"line":8,"column":0},"end":{"line":8,"column":55}},"4":{"start":{"line":9,"column":0},"end":{"line":9,"column":58}},"5":{"start":{"line":10,"column":0},"end":{"line":10,"column":56}},"6":{"start":{"line":11,"column":0},"end":{"line":11,"column":68}},"7":{"start":{"line":15,"column":0},"end":{"line":15,"column":16}},"8":{"start":{"line":16,"column":0},"end":{"line":69,"column":68}},"9":{"start":{"line":20,"column":4},"end":{"line":20,"column":52}},"10":{"start":{"line":24,"column":4},"end":{"line":24,"column":50}},"11":{"start":{"line":28,"column":4},"end":{"line":28,"column":60}},"12":{"start":{"line":32,"column":4},"end":{"line":32,"column":58}},"13":{"start":{"line":36,"column":4},"end":{"line":36,"column":60}},"14":{"start":{"line":40,"column":4},"end":{"line":40,"column":54}},"15":{"start":{"line":44,"column":4},"end":{"line":44,"column":56}},"16":{"start":{"line":48,"column":4},"end":{"line":48,"column":60}},"17":{"start":{"line":52,"column":4},"end":{"line":52,"column":58}},"18":{"start":{"line":56,"column":4},"end":{"line":56,"column":64}},"19":{"start":{"line":60,"column":4},"end":{"line":60,"column":65}},"20":{"start":{"line":64,"column":4},"end":{"line":64,"column":61}},"21":{"start":{"line":68,"column":4},"end":{"line":68,"column":71}},"22":{"start":{"line":73,"column":0},"end":{"line":73,"column":24}},"23":{"start":{"line":74,"column":0},"end":{"line":90,"column":54}},"24":{"start":{"line":78,"column":4},"end":{"line":78,"column":78}},"25":{"start":{"line":84,"column":4},"end":{"line":84,"column":78}},"26":{"start":{"line":89,"column":4},"end":{"line":89,"column":76}},"27":{"start":{"line":99,"column":0},"end":{"line":99,"column":35}},"28":{"start":{"line":106,"column":0},"end":{"line":475,"column":5}},"29":{"start":{"line":107,"column":4},"end":{"line":146,"column":5}},"30":{"start":{"line":117,"column":8},"end":{"line":117,"column":29}},"31":{"start":{"line":129,"column":8},"end":{"line":129,"column":40}},"32":{"start":{"line":130,"column":8},"end":{"line":130,"column":55}},"33":{"start":{"line":131,"column":8},"end":{"line":131,"column":43}},"34":{"start":{"line":132,"column":8},"end":{"line":132,"column":47}},"35":{"start":{"line":133,"column":8},"end":{"line":133,"column":46}},"36":{"start":{"line":134,"column":8},"end":{"line":134,"column":53}},"37":{"start":{"line":135,"column":8},"end":{"line":135,"column":27}},"38":{"start":{"line":136,"column":8},"end":{"line":136,"column":43}},"39":{"start":{"line":137,"column":8},"end":{"line":137,"column":54}},"40":{"start":{"line":138,"column":8},"end":{"line":138,"column":59}},"41":{"start":{"line":139,"column":8},"end":{"line":139,"column":75}},"42":{"start":{"line":140,"column":8},"end":{"line":140,"column":52}},"43":{"start":{"line":141,"column":8},"end":{"line":141,"column":31}},"44":{"start":{"line":142,"column":8},"end":{"line":144,"column":9}},"45":{"start":{"line":143,"column":12},"end":{"line":143,"column":107}},"46":{"start":{"line":145,"column":8},"end":{"line":145,"column":154}},"47":{"start":{"line":150,"column":4},"end":{"line":156,"column":6}},"48":{"start":{"line":151,"column":8},"end":{"line":154,"column":9}},"49":{"start":{"line":153,"column":12},"end":{"line":153,"column":119}},"50":{"start":{"line":155,"column":8},"end":{"line":155,"column":48}},"51":{"start":{"line":160,"column":4},"end":{"line":162,"column":6}},"52":{"start":{"line":168,"column":4},"end":{"line":170,"column":6}},"53":{"start":{"line":169,"column":8},"end":{"line":169,"column":32}},"54":{"start":{"line":176,"column":4},"end":{"line":178,"column":6}},"55":{"start":{"line":177,"column":8},"end":{"line":177,"column":38}},"56":{"start":{"line":183,"column":4},"end":{"line":185,"column":6}},"57":{"start":{"line":184,"column":8},"end":{"line":184,"column":20}},"58":{"start":{"line":186,"column":4},"end":{"line":195,"column":7}},"59":{"start":{"line":191,"column":12},"end":{"line":191,"column":41}},"60":{"start":{"line":207,"column":4},"end":{"line":220,"column":6}},"61":{"start":{"line":208,"column":8},"end":{"line":208,"column":29}},"62":{"start":{"line":209,"column":8},"end":{"line":218,"column":9}},"63":{"start":{"line":210,"column":12},"end":{"line":212,"column":13}},"64":{"start":{"line":211,"column":16},"end":{"line":211,"column":22}},"65":{"start":{"line":213,"column":12},"end":{"line":213,"column":74}},"66":{"start":{"line":214,"column":12},"end":{"line":216,"column":13}},"67":{"start":{"line":215,"column":16},"end":{"line":215,"column":22}},"68":{"start":{"line":217,"column":12},"end":{"line":217,"column":35}},"69":{"start":{"line":219,"column":8},"end":{"line":219,"column":23}},"70":{"start":{"line":225,"column":4},"end":{"line":227,"column":6}},"71":{"start":{"line":226,"column":8},"end":{"line":226,"column":105}},"72":{"start":{"line":232,"column":4},"end":{"line":234,"column":6}},"73":{"start":{"line":233,"column":8},"end":{"line":233,"column":36}},"74":{"start":{"line":239,"column":4},"end":{"line":291,"column":6}},"75":{"start":{"line":240,"column":8},"end":{"line":240,"column":65}},"76":{"start":{"line":242,"column":8},"end":{"line":242,"column":140}},"77":{"start":{"line":243,"column":8},"end":{"line":243,"column":102}},"78":{"start":{"line":244,"column":8},"end":{"line":244,"column":110}},"79":{"start":{"line":245,"column":8},"end":{"line":248,"column":9}},"80":{"start":{"line":246,"column":12},"end":{"line":247,"column":79}},"81":{"start":{"line":249,"column":8},"end":{"line":254,"column":9}},"82":{"start":{"line":250,"column":12},"end":{"line":253,"column":13}},"83":{"start":{"line":251,"column":16},"end":{"line":251,"column":107}},"84":{"start":{"line":252,"column":16},"end":{"line":252,"column":128}},"85":{"start":{"line":255,"column":8},"end":{"line":260,"column":9}},"86":{"start":{"line":256,"column":12},"end":{"line":259,"column":13}},"87":{"start":{"line":257,"column":16},"end":{"line":257,"column":103}},"88":{"start":{"line":258,"column":16},"end":{"line":258,"column":55}},"89":{"start":{"line":261,"column":8},"end":{"line":264,"column":9}},"90":{"start":{"line":262,"column":12},"end":{"line":263,"column":96}},"91":{"start":{"line":265,"column":8},"end":{"line":277,"column":9}},"92":{"start":{"line":266,"column":12},"end":{"line":270,"column":13}},"93":{"start":{"line":268,"column":16},"end":{"line":269,"column":66}},"94":{"start":{"line":273,"column":12},"end":{"line":276,"column":13}},"95":{"start":{"line":274,"column":16},"end":{"line":275,"column":54}},"96":{"start":{"line":279,"column":8},"end":{"line":290,"column":9}},"97":{"start":{"line":281,"column":12},"end":{"line":289,"column":13}},"98":{"start":{"line":283,"column":16},"end":{"line":288,"column":17}},"99":{"start":{"line":286,"column":20},"end":{"line":287,"column":49}},"100":{"start":{"line":301,"column":4},"end":{"line":320,"column":6}},"101":{"start":{"line":302,"column":8},"end":{"line":319,"column":9}},"102":{"start":{"line":304,"column":16},"end":{"line":304,"column":23}},"103":{"start":{"line":306,"column":16},"end":{"line":306,"column":61}},"104":{"start":{"line":307,"column":16},"end":{"line":307,"column":48}},"105":{"start":{"line":308,"column":16},"end":{"line":308,"column":60}},"106":{"start":{"line":309,"column":16},"end":{"line":312,"column":17}},"107":{"start":{"line":310,"column":20},"end":{"line":310,"column":43}},"108":{"start":{"line":311,"column":20},"end":{"line":311,"column":55}},"109":{"start":{"line":313,"column":16},"end":{"line":313,"column":23}},"110":{"start":{"line":315,"column":16},"end":{"line":315,"column":55}},"111":{"start":{"line":316,"column":16},"end":{"line":316,"column":23}},"112":{"start":{"line":318,"column":16},"end":{"line":318,"column":60}},"113":{"start":{"line":334,"column":4},"end":{"line":345,"column":6}},"114":{"start":{"line":335,"column":8},"end":{"line":337,"column":9}},"115":{"start":{"line":336,"column":12},"end":{"line":336,"column":24}},"116":{"start":{"line":338,"column":8},"end":{"line":343,"column":9}},"117":{"start":{"line":339,"column":12},"end":{"line":339,"column":35}},"118":{"start":{"line":340,"column":12},"end":{"line":342,"column":13}},"119":{"start":{"line":341,"column":16},"end":{"line":341,"column":28}},"120":{"start":{"line":344,"column":8},"end":{"line":344,"column":21}},"121":{"start":{"line":352,"column":4},"end":{"line":367,"column":6}},"122":{"start":{"line":353,"column":8},"end":{"line":357,"column":9}},"123":{"start":{"line":356,"column":12},"end":{"line":356,"column":19}},"124":{"start":{"line":358,"column":8},"end":{"line":361,"column":9}},"125":{"start":{"line":359,"column":12},"end":{"line":359,"column":37}},"126":{"start":{"line":360,"column":12},"end":{"line":360,"column":54}},"127":{"start":{"line":363,"column":8},"end":{"line":366,"column":9}},"128":{"start":{"line":364,"column":12},"end":{"line":364,"column":35}},"129":{"start":{"line":365,"column":12},"end":{"line":365,"column":55}},"130":{"start":{"line":371,"column":4},"end":{"line":469,"column":6}},"131":{"start":{"line":372,"column":8},"end":{"line":372,"column":96}},"132":{"start":{"line":373,"column":8},"end":{"line":376,"column":9}},"133":{"start":{"line":375,"column":12},"end":{"line":375,"column":19}},"134":{"start":{"line":377,"column":8},"end":{"line":380,"column":9}},"135":{"start":{"line":379,"column":12},"end":{"line":379,"column":19}},"136":{"start":{"line":382,"column":8},"end":{"line":382,"column":55}},"137":{"start":{"line":383,"column":8},"end":{"line":386,"column":9}},"138":{"start":{"line":385,"column":12},"end":{"line":385,"column":19}},"139":{"start":{"line":387,"column":8},"end":{"line":387,"column":71}},"140":{"start":{"line":391,"column":8},"end":{"line":392,"column":60}},"141":{"start":{"line":394,"column":8},"end":{"line":394,"column":42}},"142":{"start":{"line":397,"column":8},"end":{"line":410,"column":9}},"143":{"start":{"line":398,"column":12},"end":{"line":398,"column":67}},"144":{"start":{"line":401,"column":12},"end":{"line":402,"column":59}},"145":{"start":{"line":403,"column":12},"end":{"line":409,"column":15}},"146":{"start":{"line":404,"column":16},"end":{"line":408,"column":17}},"147":{"start":{"line":405,"column":20},"end":{"line":405,"column":107}},"148":{"start":{"line":407,"column":20},"end":{"line":407,"column":32}},"149":{"start":{"line":413,"column":8},"end":{"line":413,"column":61}},"150":{"start":{"line":414,"column":8},"end":{"line":414,"column":60}},"151":{"start":{"line":415,"column":8},"end":{"line":432,"column":9}},"152":{"start":{"line":417,"column":12},"end":{"line":417,"column":99}},"153":{"start":{"line":418,"column":12},"end":{"line":431,"column":13}},"154":{"start":{"line":423,"column":16},"end":{"line":423,"column":23}},"155":{"start":{"line":428,"column":16},"end":{"line":429,"column":51}},"156":{"start":{"line":430,"column":16},"end":{"line":430,"column":23}},"157":{"start":{"line":435,"column":8},"end":{"line":435,"column":114}},"158":{"start":{"line":436,"column":8},"end":{"line":441,"column":10}},"159":{"start":{"line":444,"column":8},"end":{"line":451,"column":9}},"160":{"start":{"line":445,"column":12},"end":{"line":445,"column":65}},"161":{"start":{"line":446,"column":12},"end":{"line":446,"column":70}},"162":{"start":{"line":447,"column":12},"end":{"line":447,"column":70}},"163":{"start":{"line":450,"column":12},"end":{"line":450,"column":66}},"164":{"start":{"line":452,"column":8},"end":{"line":452,"column":103}},"165":{"start":{"line":454,"column":8},"end":{"line":454,"column":45}},"166":{"start":{"line":455,"column":8},"end":{"line":455,"column":128}},"167":{"start":{"line":456,"column":8},"end":{"line":468,"column":9}},"168":{"start":{"line":459,"column":12},"end":{"line":459,"column":19}},"169":{"start":{"line":467,"column":12},"end":{"line":467,"column":19}},"170":{"start":{"line":473,"column":4},"end":{"line":473,"column":60}},"171":{"start":{"line":474,"column":4},"end":{"line":474,"column":19}},"172":{"start":{"line":476,"column":0},"end":{"line":476,"column":26}}},"branchMap":{"1":{"line":69,"type":"binary-expr","locations":[{"start":{"line":69,"column":17},"end":{"line":69,"column":36}},{"start":{"line":69,"column":41},"end":{"line":69,"column":65}}]},"2":{"line":90,"type":"binary-expr","locations":[{"start":{"line":90,"column":3},"end":{"line":90,"column":22}},{"start":{"line":90,"column":27},"end":{"line":90,"column":51}}]},"3":{"line":139,"type":"binary-expr","locations":[{"start":{"line":139,"column":28},"end":{"line":139,"column":48}},{"start":{"line":139,"column":52},"end":{"line":139,"column":74}}]},"4":{"line":140,"type":"binary-expr","locations":[{"start":{"line":140,"column":20},"end":{"line":140,"column":42}},{"start":{"line":140,"column":46},"end":{"line":140,"column":51}}]},"5":{"line":142,"type":"if","locations":[{"start":{"line":142,"column":8},"end":{"line":142,"column":8}},{"start":{"line":142,"column":8},"end":{"line":142,"column":8}}]},"6":{"line":151,"type":"if","locations":[{"start":{"line":151,"column":8},"end":{"line":151,"column":8}},{"start":{"line":151,"column":8},"end":{"line":151,"column":8}}]},"7":{"line":210,"type":"if","locations":[{"start":{"line":210,"column":12},"end":{"line":210,"column":12}},{"start":{"line":210,"column":12},"end":{"line":210,"column":12}}]},"8":{"line":214,"type":"if","locations":[{"start":{"line":214,"column":12},"end":{"line":214,"column":12}},{"start":{"line":214,"column":12},"end":{"line":214,"column":12}}]},"9":{"line":214,"type":"binary-expr","locations":[{"start":{"line":214,"column":16},"end":{"line":214,"column":29}},{"start":{"line":214,"column":33},"end":{"line":214,"column":57}}]},"10":{"line":243,"type":"binary-expr","locations":[{"start":{"line":243,"column":34},"end":{"line":243,"column":64}},{"start":{"line":243,"column":68},"end":{"line":243,"column":101}}]},"11":{"line":244,"type":"binary-expr","locations":[{"start":{"line":244,"column":30},"end":{"line":244,"column":63}},{"start":{"line":244,"column":68},"end":{"line":244,"column":109}}]},"12":{"line":245,"type":"if","locations":[{"start":{"line":245,"column":8},"end":{"line":245,"column":8}},{"start":{"line":245,"column":8},"end":{"line":245,"column":8}}]},"13":{"line":249,"type":"if","locations":[{"start":{"line":249,"column":8},"end":{"line":249,"column":8}},{"start":{"line":249,"column":8},"end":{"line":249,"column":8}}]},"14":{"line":250,"type":"if","locations":[{"start":{"line":250,"column":12},"end":{"line":250,"column":12}},{"start":{"line":250,"column":12},"end":{"line":250,"column":12}}]},"15":{"line":255,"type":"if","locations":[{"start":{"line":255,"column":8},"end":{"line":255,"column":8}},{"start":{"line":255,"column":8},"end":{"line":255,"column":8}}]},"16":{"line":256,"type":"if","locations":[{"start":{"line":256,"column":12},"end":{"line":256,"column":12}},{"start":{"line":256,"column":12},"end":{"line":256,"column":12}}]},"17":{"line":261,"type":"if","locations":[{"start":{"line":261,"column":8},"end":{"line":261,"column":8}},{"start":{"line":261,"column":8},"end":{"line":261,"column":8}}]},"18":{"line":261,"type":"binary-expr","locations":[{"start":{"line":261,"column":12},"end":{"line":261,"column":55}},{"start":{"line":261,"column":59},"end":{"line":261,"column":108}}]},"19":{"line":265,"type":"if","locations":[{"start":{"line":265,"column":8},"end":{"line":265,"column":8}},{"start":{"line":265,"column":8},"end":{"line":265,"column":8}}]},"20":{"line":266,"type":"if","locations":[{"start":{"line":266,"column":12},"end":{"line":266,"column":12}},{"start":{"line":266,"column":12},"end":{"line":266,"column":12}}]},"21":{"line":266,"type":"binary-expr","locations":[{"start":{"line":266,"column":16},"end":{"line":266,"column":88}},{"start":{"line":267,"column":19},"end":{"line":267,"column":87}}]},"22":{"line":273,"type":"if","locations":[{"start":{"line":273,"column":12},"end":{"line":273,"column":12}},{"start":{"line":273,"column":12},"end":{"line":273,"column":12}}]},"23":{"line":279,"type":"if","locations":[{"start":{"line":279,"column":8},"end":{"line":279,"column":8}},{"start":{"line":279,"column":8},"end":{"line":279,"column":8}}]},"24":{"line":281,"type":"if","locations":[{"start":{"line":281,"column":12},"end":{"line":281,"column":12}},{"start":{"line":281,"column":12},"end":{"line":281,"column":12}}]},"25":{"line":281,"type":"binary-expr","locations":[{"start":{"line":281,"column":16},"end":{"line":281,"column":36}},{"start":{"line":281,"column":40},"end":{"line":281,"column":89}}]},"26":{"line":283,"type":"if","locations":[{"start":{"line":283,"column":16},"end":{"line":283,"column":16}},{"start":{"line":283,"column":16},"end":{"line":283,"column":16}}]},"27":{"line":302,"type":"switch","locations":[{"start":{"line":303,"column":12},"end":{"line":304,"column":23}},{"start":{"line":305,"column":12},"end":{"line":313,"column":23}},{"start":{"line":314,"column":12},"end":{"line":316,"column":23}},{"start":{"line":317,"column":12},"end":{"line":318,"column":60}}]},"28":{"line":335,"type":"if","locations":[{"start":{"line":335,"column":8},"end":{"line":335,"column":8}},{"start":{"line":335,"column":8},"end":{"line":335,"column":8}}]},"29":{"line":340,"type":"if","locations":[{"start":{"line":340,"column":12},"end":{"line":340,"column":12}},{"start":{"line":340,"column":12},"end":{"line":340,"column":12}}]},"30":{"line":353,"type":"if","locations":[{"start":{"line":353,"column":8},"end":{"line":353,"column":8}},{"start":{"line":353,"column":8},"end":{"line":353,"column":8}}]},"31":{"line":353,"type":"binary-expr","locations":[{"start":{"line":353,"column":12},"end":{"line":353,"column":45}},{"start":{"line":354,"column":13},"end":{"line":354,"column":59}},{"start":{"line":354,"column":63},"end":{"line":354,"column":102}}]},"32":{"line":358,"type":"if","locations":[{"start":{"line":358,"column":8},"end":{"line":358,"column":8}},{"start":{"line":358,"column":8},"end":{"line":358,"column":8}}]},"33":{"line":373,"type":"if","locations":[{"start":{"line":373,"column":8},"end":{"line":373,"column":8}},{"start":{"line":373,"column":8},"end":{"line":373,"column":8}}]},"34":{"line":377,"type":"if","locations":[{"start":{"line":377,"column":8},"end":{"line":377,"column":8}},{"start":{"line":377,"column":8},"end":{"line":377,"column":8}}]},"35":{"line":383,"type":"if","locations":[{"start":{"line":383,"column":8},"end":{"line":383,"column":8}},{"start":{"line":383,"column":8},"end":{"line":383,"column":8}}]},"36":{"line":383,"type":"binary-expr","locations":[{"start":{"line":383,"column":12},"end":{"line":383,"column":39}},{"start":{"line":383,"column":43},"end":{"line":383,"column":77}}]},"37":{"line":397,"type":"if","locations":[{"start":{"line":397,"column":8},"end":{"line":397,"column":8}},{"start":{"line":397,"column":8},"end":{"line":397,"column":8}}]},"38":{"line":404,"type":"if","locations":[{"start":{"line":404,"column":16},"end":{"line":404,"column":16}},{"start":{"line":404,"column":16},"end":{"line":404,"column":16}}]},"39":{"line":415,"type":"if","locations":[{"start":{"line":415,"column":8},"end":{"line":415,"column":8}},{"start":{"line":415,"column":8},"end":{"line":415,"column":8}}]},"40":{"line":415,"type":"binary-expr","locations":[{"start":{"line":415,"column":12},"end":{"line":415,"column":37}},{"start":{"line":415,"column":41},"end":{"line":415,"column":88}}]},"41":{"line":418,"type":"if","locations":[{"start":{"line":418,"column":12},"end":{"line":418,"column":12}},{"start":{"line":418,"column":12},"end":{"line":418,"column":12}}]},"42":{"line":444,"type":"if","locations":[{"start":{"line":444,"column":8},"end":{"line":444,"column":8}},{"start":{"line":444,"column":8},"end":{"line":444,"column":8}}]},"43":{"line":456,"type":"if","locations":[{"start":{"line":456,"column":8},"end":{"line":456,"column":8}},{"start":{"line":456,"column":8},"end":{"line":456,"column":8}}]}},"l":{"4":1,"7":1,"8":1,"9":1,"10":1,"11":1,"15":1,"16":1,"20":1,"24":1,"28":1,"32":1,"36":1,"40":1,"44":1,"48":1,"52":1,"56":1,"60":1,"64":1,"68":1,"73":1,"74":1,"78":1,"84":1,"89":1,"99":1,"106":1,"107":1,"117":328,"129":328,"130":328,"131":328,"132":328,"133":328,"134":328,"135":328,"136":328,"137":328,"138":328,"139":328,"140":328,"141":328,"142":328,"143":324,"145":328,"150":1,"151":213,"153":0,"155":213,"160":1,"168":1,"169":148,"176":1,"177":0,"183":1,"184":249,"186":1,"191":279,"207":1,"208":162,"209":162,"210":260,"211":162,"213":98,"214":98,"215":0,"217":98,"219":162,"225":1,"226":41,"232":1,"233":56,"239":1,"240":258,"242":258,"243":258,"244":258,"245":258,"246":4,"249":258,"250":9,"251":0,"252":0,"255":258,"256":2,"257":0,"258":0,"261":258,"262":4,"265":258,"266":41,"268":4,"273":217,"274":2,"279":258,"281":158,"283":0,"286":0,"301":1,"302":265,"304":6,"306":258,"307":258,"308":258,"309":258,"310":249,"311":249,"313":258,"315":1,"316":1,"318":0,"334":1,"335":243,"336":18,"338":225,"339":169,"340":169,"341":12,"344":213,"352":1,"353":1453,"356":67,"358":1386,"359":32,"360":32,"363":1386,"364":1336,"365":1336,"371":1,"372":32,"373":32,"375":0,"377":32,"379":0,"382":32,"383":32,"385":0,"387":32,"391":32,"394":32,"397":32,"398":0,"401":32,"403":32,"404":32,"405":0,"407":0,"413":32,"414":32,"415":32,"417":26,"418":26,"423":18,"428":8,"430":8,"435":6,"436":6,"444":6,"445":0,"446":0,"447":0,"450":6,"452":6,"454":6,"455":6,"456":6,"459":4,"467":2,"473":1,"474":1,"476":1}},
"D:\\SimplrJS\\simplr-forms\\tools\\api-extractor\\lib\\definitions\\ApiDocumentation.js":{"path":"D:\\SimplrJS\\simplr-forms\\tools\\api-extractor\\lib\\definitions\\ApiDocumentation.js","s":{"1":1,"2":1,"3":1,"4":1,"5":1,"6":1,"7":1,"8":1,"9":1,"10":1,"11":1,"12":1,"13":1,"14":1,"15":331,"16":331,"17":0,"18":0,"19":331,"20":331,"21":331,"22":331,"23":331,"24":331,"25":331,"26":1,"27":258,"28":258,"29":1,"30":331,"31":331,"32":331,"33":331,"34":331,"35":331,"36":331,"37":331,"38":331,"39":331,"40":331,"41":331,"42":511,"43":511,"44":331,"45":331,"46":0,"47":331,"48":180,"49":174,"50":11,"51":11,"52":11,"53":11,"54":12,"55":12,"56":12,"57":12,"58":16,"59":16,"60":16,"61":16,"62":16,"63":16,"64":8,"65":8,"66":8,"67":0,"68":8,"69":4,"70":4,"71":4,"72":80,"73":80,"74":80,"75":80,"76":15,"77":15,"78":15,"79":15,"80":8,"81":8,"82":8,"83":8,"84":12,"85":12,"86":12,"87":12,"88":2,"89":2,"90":2,"91":0,"92":0,"93":0,"94":0,"95":0,"96":0,"97":6,"98":6,"99":6,"100":0,"101":0,"102":0,"103":0,"104":0,"105":0,"106":0,"107":0,"108":6,"109":6,"110":6,"111":6,"112":6,"113":2,"114":6,"115":0,"116":0,"117":331,"118":4,"119":331,"120":0,"121":0,"122":1,"123":19,"124":19,"125":0,"126":0,"127":19,"128":19,"129":0,"130":0,"131":19,"132":19,"133":19,"134":0,"135":0,"136":19,"137":19,"138":19,"139":19,"140":19,"141":1,"142":258,"143":2,"144":2,"145":2,"146":2,"147":2,"148":2,"149":1,"150":1,"151":258,"152":35,"153":35,"154":1,"155":6,"156":6,"157":6,"158":6,"159":6,"160":0,"161":0,"162":0,"163":0,"164":0,"165":0,"166":0,"167":0,"168":1,"169":39,"170":0,"171":1,"172":1,"173":1,"174":1,"175":1},"b":{"1":[1,1],"2":[331,180],"3":[0,331],"4":[331,0],"5":[174,6],"6":[11,12,16,8,4,80,15,8,12,2,0,0,6],"7":[16,0],"8":[0,8],"9":[8,8],"10":[0,6],"11":[0,0,0],"12":[6,0],"13":[2,4],"14":[4,327],"15":[0,331],"16":[331,2],"17":[0,19],"18":[19,0],"19":[0,19],"20":[0,19],"21":[2,0],"22":[1,1],"23":[2,1],"24":[6,0],"25":[6,6],"26":[0,0],"27":[0,0],"28":[0,0],"29":[0,0],"30":[0,39]},"f":{"1":1,"2":1,"3":331,"4":0,"5":258,"6":331,"7":19,"8":258,"9":258,"10":6,"11":39},"fnMap":{"1":{"name":"(anonymous_1)","line":17,"loc":{"start":{"line":17,"column":1},"end":{"line":17,"column":23}}},"2":{"name":"(anonymous_2)","line":45,"loc":{"start":{"line":45,"column":24},"end":{"line":45,"column":36}}},"3":{"name":"ApiDocumentation","line":46,"loc":{"start":{"line":46,"column":4},"end":{"line":46,"column":95}}},"4":{"name":"(anonymous_4)","line":48,"loc":{"start":{"line":48,"column":27},"end":{"line":48,"column":46}}},"5":{"name":"(anonymous_5)","line":64,"loc":{"start":{"line":64,"column":56},"end":{"line":64,"column":76}}},"6":{"name":"(anonymous_6)","line":70,"loc":{"start":{"line":70,"column":44},"end":{"line":70,"column":56}}},"7":{"name":"(anonymous_7)","line":202,"loc":{"start":{"line":202,"column":45},"end":{"line":202,"column":66}}},"8":{"name":"(anonymous_8)","line":236,"loc":{"start":{"line":236,"column":48},"end":{"line":236,"column":60}}},"9":{"name":"(anonymous_9)","line":262,"loc":{"start":{"line":262,"column":54},"end":{"line":262,"column":74}}},"10":{"name":"(anonymous_10)","line":268,"loc":{"start":{"line":268,"column":52},"end":{"line":268,"column":69}}},"11":{"name":"(anonymous_11)","line":286,"loc":{"start":{"line":286,"column":56},"end":{"line":286,"column":76}}}},"statementMap":{"1":{"start":{"line":4,"column":0},"end":{"line":4,"column":62}},"2":{"start":{"line":5,"column":0},"end":{"line":5,"column":56}},"3":{"start":{"line":6,"column":0},"end":{"line":6,"column":68}},"4":{"start":{"line":7,"column":0},"end":{"line":7,"column":34}},"5":{"start":{"line":8,"column":0},"end":{"line":8,"column":42}},"6":{"start":{"line":16,"column":0},"end":{"line":16,"column":15}},"7":{"start":{"line":17,"column":0},"end":{"line":44,"column":65}},"8":{"start":{"line":21,"column":4},"end":{"line":21,"column":48}},"9":{"start":{"line":27,"column":4},"end":{"line":27,"column":56}},"10":{"start":{"line":32,"column":4},"end":{"line":32,"column":50}},"11":{"start":{"line":38,"column":4},"end":{"line":38,"column":48}},"12":{"start":{"line":43,"column":4},"end":{"line":43,"column":52}},"13":{"start":{"line":45,"column":0},"end":{"line":320,"column":5}},"14":{"start":{"line":46,"column":4},"end":{"line":59,"column":5}},"15":{"start":{"line":47,"column":8},"end":{"line":47,"column":25}},"16":{"start":{"line":48,"column":8},"end":{"line":51,"column":10}},"17":{"start":{"line":49,"column":12},"end":{"line":49,"column":33}},"18":{"start":{"line":50,"column":12},"end":{"line":50,"column":39}},"19":{"start":{"line":52,"column":8},"end":{"line":52,"column":40}},"20":{"start":{"line":53,"column":8},"end":{"line":53,"column":51}},"21":{"start":{"line":54,"column":8},"end":{"line":54,"column":35}},"22":{"start":{"line":55,"column":8},"end":{"line":55,"column":39}},"23":{"start":{"line":56,"column":8},"end":{"line":56,"column":29}},"24":{"start":{"line":57,"column":8},"end":{"line":57,"column":33}},"25":{"start":{"line":58,"column":8},"end":{"line":58,"column":26}},"26":{"start":{"line":64,"column":4},"end":{"line":69,"column":6}},"27":{"start":{"line":66,"column":8},"end":{"line":66,"column":30}},"28":{"start":{"line":68,"column":8},"end":{"line":68,"column":44}},"29":{"start":{"line":70,"column":4},"end":{"line":201,"column":6}},"30":{"start":{"line":71,"column":8},"end":{"line":71,"column":26}},"31":{"start":{"line":72,"column":8},"end":{"line":72,"column":33}},"32":{"start":{"line":73,"column":8},"end":{"line":73,"column":36}},"33":{"start":{"line":74,"column":8},"end":{"line":74,"column":26}},"34":{"start":{"line":75,"column":8},"end":{"line":75,"column":34}},"35":{"start":{"line":76,"column":8},"end":{"line":76,"column":40}},"36":{"start":{"line":77,"column":8},"end":{"line":77,"column":42}},"37":{"start":{"line":78,"column":8},"end":{"line":78,"column":86}},"38":{"start":{"line":79,"column":8},"end":{"line":79,"column":73}},"39":{"start":{"line":80,"column":8},"end":{"line":80,"column":32}},"40":{"start":{"line":81,"column":8},"end":{"line":81,"column":27}},"41":{"start":{"line":82,"column":8},"end":{"line":193,"column":9}},"42":{"start":{"line":83,"column":12},"end":{"line":83,"column":46}},"43":{"start":{"line":84,"column":12},"end":{"line":94,"column":13}},"44":{"start":{"line":85,"column":16},"end":{"line":85,"column":32}},"45":{"start":{"line":87,"column":16},"end":{"line":92,"column":17}},"46":{"start":{"line":91,"column":20},"end":{"line":91,"column":106}},"47":{"start":{"line":93,"column":16},"end":{"line":93,"column":22}},"48":{"start":{"line":95,"column":12},"end":{"line":192,"column":13}},"49":{"start":{"line":96,"column":16},"end":{"line":162,"column":17}},"50":{"start":{"line":98,"column":24},"end":{"line":98,"column":45}},"51":{"start":{"line":99,"column":24},"end":{"line":99,"column":63}},"52":{"start":{"line":100,"column":24},"end":{"line":100,"column":89}},"53":{"start":{"line":101,"column":24},"end":{"line":101,"column":30}},"54":{"start":{"line":103,"column":24},"end":{"line":103,"column":45}},"55":{"start":{"line":104,"column":24},"end":{"line":104,"column":63}},"56":{"start":{"line":105,"column":24},"end":{"line":105,"column":96}},"57":{"start":{"line":106,"column":24},"end":{"line":106,"column":30}},"58":{"start":{"line":108,"column":24},"end":{"line":108,"column":45}},"59":{"start":{"line":109,"column":24},"end":{"line":109,"column":63}},"60":{"start":{"line":110,"column":24},"end":{"line":110,"column":64}},"61":{"start":{"line":111,"column":24},"end":{"line":113,"column":25}},"62":{"start":{"line":112,"column":28},"end":{"line":112,"column":64}},"63":{"start":{"line":114,"column":24},"end":{"line":114,"column":30}},"64":{"start":{"line":116,"column":24},"end":{"line":116,"column":45}},"65":{"start":{"line":117,"column":24},"end":{"line":117,"column":99}},"66":{"start":{"line":118,"column":24},"end":{"line":120,"column":25}},"67":{"start":{"line":119,"column":28},"end":{"line":119,"column":109}},"68":{"start":{"line":121,"column":24},"end":{"line":121,"column":30}},"69":{"start":{"line":124,"column":24},"end":{"line":124,"column":45}},"70":{"start":{"line":125,"column":24},"end":{"line":125,"column":74}},"71":{"start":{"line":126,"column":24},"end":{"line":126,"column":30}},"72":{"start":{"line":128,"column":24},"end":{"line":128,"column":45}},"73":{"start":{"line":129,"column":24},"end":{"line":129,"column":60}},"74":{"start":{"line":130,"column":24},"end":{"line":130,"column":42}},"75":{"start":{"line":131,"column":24},"end":{"line":131,"column":30}},"76":{"start":{"line":133,"column":24},"end":{"line":133,"column":45}},"77":{"start":{"line":134,"column":24},"end":{"line":134,"column":62}},"78":{"start":{"line":135,"column":24},"end":{"line":135,"column":42}},"79":{"start":{"line":136,"column":24},"end":{"line":136,"column":30}},"80":{"start":{"line":138,"column":24},"end":{"line":138,"column":45}},"81":{"start":{"line":139,"column":24},"end":{"line":139,"column":59}},"82":{"start":{"line":140,"column":24},"end":{"line":140,"column":42}},"83":{"start":{"line":141,"column":24},"end":{"line":141,"column":30}},"84":{"start":{"line":143,"column":24},"end":{"line":143,"column":45}},"85":{"start":{"line":144,"column":24},"end":{"line":144,"column":58}},"86":{"start":{"line":145,"column":24},"end":{"line":145,"column":42}},"87":{"start":{"line":146,"column":24},"end":{"line":146,"column":30}},"88":{"start":{"line":148,"column":24},"end":{"line":148,"column":45}},"89":{"start":{"line":149,"column":24},"end":{"line":149,"column":48}},"90":{"start":{"line":150,"column":24},"end":{"line":150,"column":30}},"91":{"start":{"line":152,"column":24},"end":{"line":152,"column":45}},"92":{"start":{"line":153,"column":24},"end":{"line":153,"column":51}},"93":{"start":{"line":154,"column":24},"end":{"line":154,"column":30}},"94":{"start":{"line":156,"column":24},"end":{"line":156,"column":45}},"95":{"start":{"line":157,"column":24},"end":{"line":157,"column":46}},"96":{"start":{"line":158,"column":24},"end":{"line":158,"column":30}},"97":{"start":{"line":160,"column":24},"end":{"line":160,"column":45}},"98":{"start":{"line":161,"column":24},"end":{"line":161,"column":55}},"99":{"start":{"line":164,"column":17},"end":{"line":192,"column":13}},"100":{"start":{"line":165,"column":16},"end":{"line":176,"column":17}},"101":{"start":{"line":167,"column":24},"end":{"line":167,"column":74}},"102":{"start":{"line":168,"column":24},"end":{"line":168,"column":30}},"103":{"start":{"line":170,"column":24},"end":{"line":170,"column":74}},"104":{"start":{"line":171,"column":24},"end":{"line":171,"column":30}},"105":{"start":{"line":173,"column":24},"end":{"line":173,"column":45}},"106":{"start":{"line":174,"column":24},"end":{"line":174,"column":55}},"107":{"start":{"line":175,"column":24},"end":{"line":175,"column":30}},"108":{"start":{"line":178,"column":17},"end":{"line":192,"column":13}},"109":{"start":{"line":179,"column":16},"end":{"line":179,"column":37}},"110":{"start":{"line":181,"column":16},"end":{"line":181,"column":36}},"111":{"start":{"line":182,"column":16},"end":{"line":182,"column":52}},"112":{"start":{"line":183,"column":16},"end":{"line":185,"column":17}},"113":{"start":{"line":184,"column":20},"end":{"line":184,"column":87}},"114":{"start":{"line":186,"column":16},"end":{"line":186,"column":94}},"115":{"start":{"line":189,"column":16},"end":{"line":189,"column":37}},"116":{"start":{"line":191,"column":16},"end":{"line":191,"column":114}},"117":{"start":{"line":194,"column":8},"end":{"line":196,"column":9}},"118":{"start":{"line":195,"column":12},"end":{"line":195,"column":93}},"119":{"start":{"line":197,"column":8},"end":{"line":200,"column":9}},"120":{"start":{"line":198,"column":12},"end":{"line":198,"column":98}},"121":{"start":{"line":199,"column":12},"end":{"line":199,"column":37}},"122":{"start":{"line":202,"column":4},"end":{"line":231,"column":6}},"123":{"start":{"line":203,"column":8},"end":{"line":203,"column":57}},"124":{"start":{"line":204,"column":8},"end":{"line":207,"column":9}},"125":{"start":{"line":205,"column":12},"end":{"line":205,"column":82}},"126":{"start":{"line":206,"column":12},"end":{"line":206,"column":19}},"127":{"start":{"line":208,"column":8},"end":{"line":208,"column":95}},"128":{"start":{"line":209,"column":8},"end":{"line":230,"column":9}},"129":{"start":{"line":210,"column":12},"end":{"line":211,"column":38}},"130":{"start":{"line":212,"column":12},"end":{"line":212,"column":19}},"131":{"start":{"line":215,"column":12},"end":{"line":215,"column":81}},"132":{"start":{"line":216,"column":12},"end":{"line":216,"column":84}},"133":{"start":{"line":217,"column":12},"end":{"line":220,"column":13}},"134":{"start":{"line":218,"column":16},"end":{"line":218,"column":86}},"135":{"start":{"line":219,"column":16},"end":{"line":219,"column":23}},"136":{"start":{"line":221,"column":12},"end":{"line":221,"column":89}},"137":{"start":{"line":223,"column":12},"end":{"line":223,"column":86}},"138":{"start":{"line":224,"column":12},"end":{"line":224,"column":85}},"139":{"start":{"line":225,"column":12},"end":{"line":228,"column":14}},"140":{"start":{"line":229,"column":12},"end":{"line":229,"column":35}},"141":{"start":{"line":236,"column":4},"end":{"line":257,"column":6}},"142":{"start":{"line":237,"column":8},"end":{"line":256,"column":9}},"143":{"start":{"line":238,"column":12},"end":{"line":238,"column":54}},"144":{"start":{"line":239,"column":12},"end":{"line":244,"column":14}},"145":{"start":{"line":245,"column":12},"end":{"line":245,"column":91}},"146":{"start":{"line":246,"column":12},"end":{"line":246,"column":122}},"147":{"start":{"line":249,"column":12},"end":{"line":255,"column":13}},"148":{"start":{"line":250,"column":16},"end":{"line":254,"column":17}},"149":{"start":{"line":252,"column":20},"end":{"line":253,"column":82}},"150":{"start":{"line":262,"column":4},"end":{"line":267,"column":6}},"151":{"start":{"line":263,"column":8},"end":{"line":266,"column":9}},"152":{"start":{"line":264,"column":12},"end":{"line":264,"column":57}},"153":{"start":{"line":265,"column":12},"end":{"line":265,"column":78}},"154":{"start":{"line":268,"column":4},"end":{"line":285,"column":6}},"155":{"start":{"line":269,"column":8},"end":{"line":269,"column":96}},"156":{"start":{"line":270,"column":8},"end":{"line":270,"column":94}},"157":{"start":{"line":271,"column":8},"end":{"line":274,"column":9}},"158":{"start":{"line":272,"column":12},"end":{"line":272,"column":94}},"159":{"start":{"line":273,"column":12},"end":{"line":273,"column":19}},"160":{"start":{"line":275,"column":8},"end":{"line":278,"column":9}},"161":{"start":{"line":276,"column":12},"end":{"line":276,"column":126}},"162":{"start":{"line":277,"column":12},"end":{"line":277,"column":19}},"163":{"start":{"line":279,"column":8},"end":{"line":282,"column":9}},"164":{"start":{"line":280,"column":12},"end":{"line":280,"column":123}},"165":{"start":{"line":281,"column":12},"end":{"line":281,"column":19}},"166":{"start":{"line":283,"column":8},"end":{"line":283,"column":97}},"167":{"start":{"line":284,"column":8},"end":{"line":284,"column":15}},"168":{"start":{"line":286,"column":4},"end":{"line":290,"column":6}},"169":{"start":{"line":287,"column":8},"end":{"line":289,"column":9}},"170":{"start":{"line":288,"column":12},"end":{"line":288,"column":130}},"171":{"start":{"line":295,"column":4},"end":{"line":295,"column":94}},"172":{"start":{"line":298,"column":4},"end":{"line":313,"column":6}},"173":{"start":{"line":314,"column":4},"end":{"line":318,"column":6}},"174":{"start":{"line":319,"column":4},"end":{"line":319,"column":28}},"175":{"start":{"line":321,"column":0},"end":{"line":321,"column":35}}},"branchMap":{"1":{"line":44,"type":"binary-expr","locations":[{"start":{"line":44,"column":16},"end":{"line":44,"column":34}},{"start":{"line":44,"column":39},"end":{"line":44,"column":62}}]},"2":{"line":84,"type":"if","locations":[{"start":{"line":84,"column":12},"end":{"line":84,"column":12}},{"start":{"line":84,"column":12},"end":{"line":84,"column":12}}]},"3":{"line":87,"type":"if","locations":[{"start":{"line":87,"column":16},"end":{"line":87,"column":16}},{"start":{"line":87,"column":16},"end":{"line":87,"column":16}}]},"4":{"line":87,"type":"binary-expr","locations":[{"start":{"line":87,"column":20},"end":{"line":87,"column":49}},{"start":{"line":87,"column":53},"end":{"line":87,"column":88}}]},"5":{"line":95,"type":"if","locations":[{"start":{"line":95,"column":12},"end":{"line":95,"column":12}},{"start":{"line":95,"column":12},"end":{"line":95,"column":12}}]},"6":{"line":96,"type":"switch","locations":[{"start":{"line":97,"column":20},"end":{"line":101,"column":30}},{"start":{"line":102,"column":20},"end":{"line":106,"column":30}},{"start":{"line":107,"column":20},"end":{"line":114,"column":30}},{"start":{"line":115,"column":20},"end":{"line":121,"column":30}},{"start":{"line":122,"column":20},"end":{"line":126,"column":30}},{"start":{"line":127,"column":20},"end":{"line":131,"column":30}},{"start":{"line":132,"column":20},"end":{"line":136,"column":30}},{"start":{"line":137,"column":20},"end":{"line":141,"column":30}},{"start":{"line":142,"column":20},"end":{"line":146,"column":30}},{"start":{"line":147,"column":20},"end":{"line":150,"column":30}},{"start":{"line":151,"column":20},"end":{"line":154,"column":30}},{"start":{"line":155,"column":20},"end":{"line":158,"column":30}},{"start":{"line":159,"column":20},"end":{"line":161,"column":55}}]},"7":{"line":111,"type":"if","locations":[{"start":{"line":111,"column":24},"end":{"line":111,"column":24}},{"start":{"line":111,"column":24},"end":{"line":111,"column":24}}]},"8":{"line":118,"type":"if","locations":[{"start":{"line":118,"column":24},"end":{"line":118,"column":24}},{"start":{"line":118,"column":24},"end":{"line":118,"column":24}}]},"9":{"line":118,"type":"binary-expr","locations":[{"start":{"line":118,"column":28},"end":{"line":118,"column":51}},{"start":{"line":118,"column":55},"end":{"line":118,"column":90}}]},"10":{"line":164,"type":"if","locations":[{"start":{"line":164,"column":17},"end":{"line":164,"column":17}},{"start":{"line":164,"column":17},"end":{"line":164,"column":17}}]},"11":{"line":165,"type":"switch","locations":[{"start":{"line":166,"column":20},"end":{"line":168,"column":30}},{"start":{"line":169,"column":20},"end":{"line":171,"column":30}},{"start":{"line":172,"column":20},"end":{"line":175,"column":30}}]},"12":{"line":178,"type":"if","locations":[{"start":{"line":178,"column":17},"end":{"line":178,"column":17}},{"start":{"line":178,"column":17},"end":{"line":178,"column":17}}]},"13":{"line":183,"type":"if","locations":[{"start":{"line":183,"column":16},"end":{"line":183,"column":16}},{"start":{"line":183,"column":16},"end":{"line":183,"column":16}}]},"14":{"line":194,"type":"if","locations":[{"start":{"line":194,"column":8},"end":{"line":194,"column":8}},{"start":{"line":194,"column":8},"end":{"line":194,"column":8}}]},"15":{"line":197,"type":"if","locations":[{"start":{"line":197,"column":8},"end":{"line":197,"column":8}},{"start":{"line":197,"column":8},"end":{"line":197,"column":8}}]},"16":{"line":197,"type":"binary-expr","locations":[{"start":{"line":197,"column":12},"end":{"line":197,"column":28}},{"start":{"line":197,"column":32},"end":{"line":197,"column":71}}]},"17":{"line":204,"type":"if","locations":[{"start":{"line":204,"column":8},"end":{"line":204,"column":8}},{"start":{"line":204,"column":8},"end":{"line":204,"column":8}}]},"18":{"line":208,"type":"cond-expr","locations":[{"start":{"line":208,"column":50},"end":{"line":208,"column":89}},{"start":{"line":208,"column":92},"end":{"line":208,"column":94}}]},"19":{"line":209,"type":"if","locations":[{"start":{"line":209,"column":8},"end":{"line":209,"column":8}},{"start":{"line":209,"column":8},"end":{"line":209,"column":8}}]},"20":{"line":217,"type":"if","locations":[{"start":{"line":217,"column":12},"end":{"line":217,"column":12}},{"start":{"line":217,"column":12},"end":{"line":217,"column":12}}]},"21":{"line":249,"type":"if","locations":[{"start":{"line":249,"column":12},"end":{"line":249,"column":12}},{"start":{"line":249,"column":12},"end":{"line":249,"column":12}}]},"22":{"line":250,"type":"if","locations":[{"start":{"line":250,"column":16},"end":{"line":250,"column":16}},{"start":{"line":250,"column":16},"end":{"line":250,"column":16}}]},"23":{"line":250,"type":"binary-expr","locations":[{"start":{"line":250,"column":20},"end":{"line":250,"column":70}},{"start":{"line":251,"column":23},"end":{"line":251,"column":70}}]},"24":{"line":271,"type":"if","locations":[{"start":{"line":271,"column":8},"end":{"line":271,"column":8}},{"start":{"line":271,"column":8},"end":{"line":271,"column":8}}]},"25":{"line":271,"type":"binary-expr","locations":[{"start":{"line":271,"column":12},"end":{"line":271,"column":28}},{"start":{"line":271,"column":32},"end":{"line":271,"column":47}}]},"26":{"line":275,"type":"if","locations":[{"start":{"line":275,"column":8},"end":{"line":275,"column":8}},{"start":{"line":275,"column":8},"end":{"line":275,"column":8}}]},"27":{"line":275,"type":"binary-expr","locations":[{"start":{"line":275,"column":12},"end":{"line":275,"column":54}},{"start":{"line":275,"column":58},"end":{"line":275,"column":73}}]},"28":{"line":279,"type":"if","locations":[{"start":{"line":279,"column":8},"end":{"line":279,"column":8}},{"start":{"line":279,"column":8},"end":{"line":279,"column":8}}]},"29":{"line":279,"type":"binary-expr","locations":[{"start":{"line":279,"column":12},"end":{"line":279,"column":53}},{"start":{"line":279,"column":57},"end":{"line":279,"column":73}}]},"30":{"line":287,"type":"if","locations":[{"start":{"line":287,"column":8},"end":{"line":287,"column":8}},{"start":{"line":287,"column":8},"end":{"line":287,"column":8}}]}},"l":{"4":1,"5":1,"6":1,"7":1,"8":1,"16":1,"17":1,"21":1,"27":1,"32":1,"38":1,"43":1,"45":1,"46":1,"47":331,"48":331,"49":0,"50":0,"52":331,"53":331,"54":331,"55":331,"56":331,"57":331,"58":331,"64":1,"66":258,"68":258,"70":1,"71":331,"72":331,"73":331,"74":331,"75":331,"76":331,"77":331,"78":331,"79":331,"80":331,"81":331,"82":331,"83":511,"84":511,"85":331,"87":331,"91":0,"93":331,"95":180,"96":174,"98":11,"99":11,"100":11,"101":11,"103":12,"104":12,"105":12,"106":12,"108":16,"109":16,"110":16,"111":16,"112":16,"114":16,"116":8,"117":8,"118":8,"119":0,"121":8,"124":4,"125":4,"126":4,"128":80,"129":80,"130":80,"131":80,"133":15,"134":15,"135":15,"136":15,"138":8,"139":8,"140":8,"141":8,"143":12,"144":12,"145":12,"146":12,"148":2,"149":2,"150":2,"152":0,"153":0,"154":0,"156":0,"157":0,"158":0,"160":6,"161":6,"164":6,"165":0,"167":0,"168":0,"170":0,"171":0,"173":0,"174":0,"175":0,"178":6,"179":6,"181":6,"182":6,"183":6,"184":2,"186":6,"189":0,"191":0,"194":331,"195":4,"197":331,"198":0,"199":0,"202":1,"203":19,"204":19,"205":0,"206":0,"208":19,"209":19,"210":0,"212":0,"215":19,"216":19,"217":19,"218":0,"219":0,"221":19,"223":19,"224":19,"225":19,"229":19,"236":1,"237":258,"238":2,"239":2,"245":2,"246":2,"249":2,"250":2,"252":1,"262":1,"263":258,"264":35,"265":35,"268":1,"269":6,"270":6,"271":6,"272":6,"273":6,"275":0,"276":0,"277":0,"279":0,"280":0,"281":0,"283":0,"284":0,"286":1,"287":39,"288":0,"295":1,"298":1,"314":1,"319":1,"321":1}},
"D:\\SimplrJS\\simplr-forms\\tools\\api-extractor\\lib\\Token.js":{"path":"D:\\SimplrJS\\simplr-forms\\tools\\api-extractor\\lib\\Token.js","s":{"1":1,"2":1,"3":1,"4":1,"5":1,"6":1,"7":1,"8":1,"9":487,"10":487,"11":487,"12":487,"13":1,"14":2,"15":1,"16":1,"17":1093,"18":1,"19":462,"20":1,"21":383,"22":1,"23":300,"24":1,"25":1},"b":{"1":[1,1],"2":[245,242],"3":[300,187],"4":[1,1]},"f":{"1":1,"2":1,"3":487,"4":2,"5":1093,"6":462,"7":383,"8":300},"fnMap":{"1":{"name":"(anonymous_1)","line":9,"loc":{"start":{"line":9,"column":1},"end":{"line":9,"column":22}}},"2":{"name":"(anonymous_2)","line":32,"loc":{"start":{"line":32,"column":13},"end":{"line":32,"column":25}}},"3":{"name":"Token","line":33,"loc":{"start":{"line":33,"column":4},"end":{"line":33,"column":36}}},"4":{"name":"(anonymous_4)","line":42,"loc":{"start":{"line":42,"column":34},"end":{"line":42,"column":50}}},"5":{"name":"(anonymous_5)","line":48,"loc":{"start":{"line":48,"column":13},"end":{"line":48,"column":25}}},"6":{"name":"(anonymous_6)","line":55,"loc":{"start":{"line":55,"column":13},"end":{"line":55,"column":25}}},"7":{"name":"(anonymous_7)","line":62,"loc":{"start":{"line":62,"column":13},"end":{"line":62,"column":25}}},"8":{"name":"(anonymous_8)","line":68,"loc":{"start":{"line":68,"column":32},"end":{"line":68,"column":48}}}},"statementMap":{"1":{"start":{"line":4,"column":0},"end":{"line":4,"column":62}},"2":{"start":{"line":8,"column":0},"end":{"line":8,"column":14}},"3":{"start":{"line":9,"column":0},"end":{"line":28,"column":62}},"4":{"start":{"line":13,"column":4},"end":{"line":13,"column":46}},"5":{"start":{"line":18,"column":4},"end":{"line":18,"column":54}},"6":{"start":{"line":27,"column":4},"end":{"line":27,"column":56}},"7":{"start":{"line":32,"column":0},"end":{"line":72,"column":5}},"8":{"start":{"line":33,"column":4},"end":{"line":38,"column":5}},"9":{"start":{"line":34,"column":8},"end":{"line":34,"column":26}},"10":{"start":{"line":35,"column":8},"end":{"line":35,"column":35}},"11":{"start":{"line":36,"column":8},"end":{"line":36,"column":54}},"12":{"start":{"line":37,"column":8},"end":{"line":37,"column":20}},"13":{"start":{"line":42,"column":4},"end":{"line":46,"column":6}},"14":{"start":{"line":43,"column":8},"end":{"line":45,"column":9}},"15":{"start":{"line":44,"column":12},"end":{"line":44,"column":114}},"16":{"start":{"line":47,"column":4},"end":{"line":53,"column":7}},"17":{"start":{"line":49,"column":12},"end":{"line":49,"column":30}},"18":{"start":{"line":54,"column":4},"end":{"line":60,"column":7}},"19":{"start":{"line":56,"column":12},"end":{"line":56,"column":29}},"20":{"start":{"line":61,"column":4},"end":{"line":67,"column":7}},"21":{"start":{"line":63,"column":12},"end":{"line":63,"column":30}},"22":{"start":{"line":68,"column":4},"end":{"line":70,"column":6}},"23":{"start":{"line":69,"column":8},"end":{"line":69,"column":102}},"24":{"start":{"line":71,"column":4},"end":{"line":71,"column":17}},"25":{"start":{"line":73,"column":0},"end":{"line":73,"column":24}}},"branchMap":{"1":{"line":28,"type":"binary-expr","locations":[{"start":{"line":28,"column":15},"end":{"line":28,"column":32}},{"start":{"line":28,"column":37},"end":{"line":28,"column":59}}]},"2":{"line":35,"type":"cond-expr","locations":[{"start":{"line":35,"column":26},"end":{"line":35,"column":29}},{"start":{"line":35,"column":32},"end":{"line":35,"column":34}}]},"3":{"line":36,"type":"cond-expr","locations":[{"start":{"line":36,"column":28},"end":{"line":36,"column":48}},{"start":{"line":36,"column":51},"end":{"line":36,"column":53}}]},"4":{"line":43,"type":"if","locations":[{"start":{"line":43,"column":8},"end":{"line":43,"column":8}},{"start":{"line":43,"column":8},"end":{"line":43,"column":8}}]}},"l":{"4":1,"8":1,"9":1,"13":1,"18":1,"27":1,"32":1,"33":1,"34":487,"35":487,"36":487,"37":487,"42":1,"43":2,"44":1,"47":1,"49":1093,"54":1,"56":462,"61":1,"63":383,"68":1,"69":300,"71":1,"73":1}},
"D:\\SimplrJS\\simplr-forms\\tools\\api-extractor\\lib\\Tokenizer.js":{"path":"D:\\SimplrJS\\simplr-forms\\tools\\api-extractor\\lib\\Tokenizer.js","s":{"1":1,"2":1,"3":1,"4":1,"5":1,"6":343,"7":343,"8":1,"9":344,"10":131,"11":213,"12":213,"13":213,"14":213,"15":213,"16":482,"17":482,"18":482,"19":183,"20":299,"21":64,"22":235,"23":482,"24":473,"25":213,"26":1,"27":65,"28":0,"29":65,"30":65,"31":0,"32":0,"33":65,"34":65,"35":0,"36":0,"37":65,"38":65,"39":25,"40":4,"41":4,"42":21,"43":21,"44":21,"45":40,"46":35,"47":35,"48":35,"49":5,"50":5,"51":1,"52":1169,"53":1,"54":464,"55":1,"56":213,"57":213,"58":493,"59":493,"60":493,"61":493,"62":11,"63":482,"64":213,"65":1,"66":1,"67":1},"b":{"1":[131,213],"2":[183,299],"3":[64,235],"4":[299,64],"5":[473,9],"6":[0,65],"7":[65,65],"8":[0,65],"9":[0,65],"10":[25,40],"11":[4,21],"12":[35,5],"13":[558,611],"14":[1169,909],"15":[0,464],"16":[464,464],"17":[11,482]},"f":{"1":1,"2":343,"3":344,"4":65,"5":1169,"6":464,"7":213},"fnMap":{"1":{"name":"(anonymous_1)","line":10,"loc":{"start":{"line":10,"column":17},"end":{"line":10,"column":29}}},"2":{"name":"Tokenizer","line":11,"loc":{"start":{"line":11,"column":4},"end":{"line":11,"column":42}}},"3":{"name":"(anonymous_3)","line":27,"loc":{"start":{"line":27,"column":40},"end":{"line":27,"column":56}}},"4":{"name":"(anonymous_4)","line":58,"loc":{"start":{"line":58,"column":42},"end":{"line":58,"column":62}}},"5":{"name":"(anonymous_5)","line":96,"loc":{"start":{"line":96,"column":36},"end":{"line":96,"column":48}}},"6":{"name":"(anonymous_6)","line":99,"loc":{"start":{"line":99,"column":35},"end":{"line":99,"column":47}}},"7":{"name":"(anonymous_7)","line":108,"loc":{"start":{"line":108,"column":46},"end":{"line":108,"column":68}}}},"statementMap":{"1":{"start":{"line":4,"column":0},"end":{"line":4,"column":62}},"2":{"start":{"line":5,"column":0},"end":{"line":5,"column":33}},"3":{"start":{"line":6,"column":0},"end":{"line":6,"column":57}},"4":{"start":{"line":10,"column":0},"end":{"line":127,"column":5}},"5":{"start":{"line":11,"column":4},"end":{"line":14,"column":5}},"6":{"start":{"line":12,"column":8},"end":{"line":12,"column":40}},"7":{"start":{"line":13,"column":8},"end":{"line":13,"column":53}},"8":{"start":{"line":27,"column":4},"end":{"line":53,"column":6}},"9":{"start":{"line":28,"column":8},"end":{"line":30,"column":9}},"10":{"start":{"line":29,"column":12},"end":{"line":29,"column":19}},"11":{"start":{"line":31,"column":8},"e
[...]
e":19,"column":0},"end":{"line":19,"column":52}},"18":{"start":{"line":20,"column":0},"end":{"line":20,"column":68}},"19":{"start":{"line":32,"column":0},"end":{"line":221,"column":29}},"20":{"start":{"line":33,"column":4},"end":{"line":33,"column":40}},"21":{"start":{"line":34,"column":4},"end":{"line":38,"column":5}},"22":{"start":{"line":35,"column":8},"end":{"line":35,"column":77}},"23":{"start":{"line":36,"column":8},"end":{"line":36,"column":63}},"24":{"start":{"line":37,"column":8},"end":{"line":37,"column":21}},"25":{"start":{"line":46,"column":4},"end":{"line":51,"column":6}},"26":{"start":{"line":48,"column":8},"end":{"line":48,"column":72}},"27":{"start":{"line":49,"column":8},"end":{"line":49,"column":76}},"28":{"start":{"line":50,"column":8},"end":{"line":50,"column":55}},"29":{"start":{"line":58,"column":4},"end":{"line":61,"column":6}},"30":{"start":{"line":59,"column":8},"end":{"line":59,"column":65}},"31":{"start":{"line":60,"column":8},"end":{"line":60,"column":54}},"32":{"start":{"line":62,"column":4},"end":{"line":68,"column":6}},"33":{"start":{"line":63,"column":8},"end":{"line":63,"column":36}},"34":{"start":{"line":65,"column":8},"end":{"line":65,"column":38}},"35":{"start":{"line":66,"column":8},"end":{"line":66,"column":84}},"36":{"start":{"line":67,"column":8},"end":{"line":67,"column":27}},"37":{"start":{"line":69,"column":4},"end":{"line":95,"column":6}},"38":{"start":{"line":70,"column":8},"end":{"line":70,"column":25}},"39":{"start":{"line":71,"column":8},"end":{"line":71,"column":69}},"40":{"start":{"line":72,"column":8},"end":{"line":77,"column":9}},"41":{"start":{"line":73,"column":12},"end":{"line":73,"column":73}},"42":{"start":{"line":74,"column":12},"end":{"line":74,"column":67}},"43":{"start":{"line":75,"column":12},"end":{"line":75,"column":48}},"44":{"start":{"line":76,"column":12},"end":{"line":76,"column":19}},"45":{"start":{"line":78,"column":8},"end":{"line":80,"column":9}},"46":{"start":{"line":79,"column":12},"end":{"line":79,"column":56}},"47":{"start":{"line":81,"column":8},"end":{"line":81,"column":63}},"48":{"start":{"line":82,"column":8},"end":{"line":93,"column":11}},"49":{"start":{"line":83,"column":12},"end":{"line":87,"column":13}},"50":{"start":{"line":86,"column":16},"end":{"line":86,"column":56}},"51":{"start":{"line":88,"column":12},"end":{"line":92,"column":13}},"52":{"start":{"line":89,"column":16},"end":{"line":89,"column":36}},"53":{"start":{"line":90,"column":16},"end":{"line":90,"column":36}},"54":{"start":{"line":91,"column":16},"end":{"line":91,"column":50}},"55":{"start":{"line":94,"column":8},"end":{"line":94,"column":40}},"56":{"start":{"line":96,"column":4},"end":{"line":108,"column":6}},"57":{"start":{"line":97,"column":8},"end":{"line":97,"column":25}},"58":{"start":{"line":98,"column":8},"end":{"line":98,"column":42}},"59":{"start":{"line":99,"column":8},"end":{"line":99,"column":70}},"60":{"start":{"line":100,"column":8},"end":{"line":106,"column":11}},"61":{"start":{"line":101,"column":12},"end":{"line":101,"column":57}},"62":{"start":{"line":102,"column":12},"end":{"line":105,"column":13}},"63":{"start":{"line":103,"column":16},"end":{"line":103,"column":40}},"64":{"start":{"line":104,"column":16},"end":{"line":104,"column":83}},"65":{"start":{"line":107,"column":8},"end":{"line":107,"column":40}},"66":{"start":{"line":109,"column":4},"end":{"line":112,"column":6}},"67":{"start":{"line":110,"column":8},"end":{"line":110,"column":47}},"68":{"start":{"line":111,"column":8},"end":{"line":111,"column":70}},"69":{"start":{"line":113,"column":4},"end":{"line":121,"column":6}},"70":{"start":{"line":114,"column":8},"end":{"line":119,"column":9}},"71":{"start":{"line":115,"column":12},"end":{"line":115,"column":33}},"72":{"start":{"line":116,"column":12},"end":{"line":116,"column":32}},"73":{"start":{"line":117,"column":12},"end":{"line":117,"column":45}},"74":{"start":{"line":118,"column":12},"end":{"line":118,"column":45}},"75":{"start":{"line":120,"column":8},"end":{"line":120,"column":45}},"76":{"start":{"line":122,"column":4},"end":{"line":137,"column":6}},"77":{"start":{"line":123,"column":8},"end":{"line":123,"column":25}},"78":{"start":{"line":124,"column":8},"end":{"line":124,"column":47}},"79":{"start":{"line":127,"column":8},"end":{"line":127,"column":77}},"80":{"start":{"line":128,"column":8},"end":{"line":135,"column":11}},"81":{"start":{"line":129,"column":12},"end":{"line":134,"column":13}},"82":{"start":{"line":130,"column":16},"end":{"line":130,"column":37}},"83":{"start":{"line":131,"column":16},"end":{"line":131,"column":37}},"84":{"start":{"line":132,"column":16},"end":{"line":132,"column":50}},"85":{"start":{"line":133,"column":16},"end":{"line":133,"column":50}},"86":{"start":{"line":136,"column":8},"end":{"line":136,"column":40}},"87":{"start":{"line":138,"column":4},"end":{"line":141,"column":6}},"88":{"start":{"line":139,"column":8},"end":{"line":139,"column":52}},"89":{"start":{"line":140,"column":8},"end":{"line":140,"column":131}},"90":{"start":{"line":142,"column":4},"end":{"line":152,"column":6}},"91":{"start":{"line":143,"column":8},"end":{"line":145,"column":9}},"92":{"start":{"line":144,"column":12},"end":{"line":144,"column":48}},"93":{"start":{"line":146,"column":8},"end":{"line":146,"column":67}},"94":{"start":{"line":147,"column":8},"end":{"line":151,"column":9}},"95":{"start":{"line":148,"column":12},"end":{"line":148,"column":41}},"96":{"start":{"line":149,"column":12},"end":{"line":149,"column":46}},"97":{"start":{"line":150,"column":12},"end":{"line":150,"column":41}},"98":{"start":{"line":153,"column":4},"end":{"line":156,"column":6}},"99":{"start":{"line":154,"column":8},"end":{"line":154,"column":46}},"100":{"start":{"line":155,"column":8},"end":{"line":155,"column":69}},"101":{"start":{"line":157,"column":4},"end":{"line":159,"column":6}},"102":{"start":{"line":158,"column":8},"end":{"line":158,"column":39}},"103":{"start":{"line":165,"column":4},"end":{"line":207,"column":6}},"104":{"start":{"line":166,"column":8},"end":{"line":166,"column":37}},"105":{"start":{"line":167,"column":8},"end":{"line":167,"column":23}},"106":{"start":{"line":168,"column":8},"end":{"line":205,"column":9}},"107":{"start":{"line":169,"column":12},"end":{"line":169,"column":67}},"108":{"start":{"line":172,"column":12},"end":{"line":172,"column":28}},"109":{"start":{"line":173,"column":12},"end":{"line":186,"column":13}},"110":{"start":{"line":175,"column":20},"end":{"line":175,"column":42}},"111":{"start":{"line":176,"column":20},"end":{"line":176,"column":26}},"112":{"start":{"line":178,"column":20},"end":{"line":178,"column":39}},"113":{"start":{"line":179,"column":20},"end":{"line":179,"column":26}},"114":{"start":{"line":181,"column":20},"end":{"line":181,"column":38}},"115":{"start":{"line":182,"column":20},"end":{"line":182,"column":26}},"116":{"start":{"line":184,"column":20},"end":{"line":184,"column":40}},"117":{"start":{"line":185,"column":20},"end":{"line":185,"column":26}},"118":{"start":{"line":189,"column":12},"end":{"line":194,"column":13}},"119":{"start":{"line":190,"column":16},"end":{"line":192,"column":17}},"120":{"start":{"line":191,"column":20},"end":{"line":191,"column":34}},"121":{"start":{"line":193,"column":16},"end":{"line":193,"column":40}},"122":{"start":{"line":196,"column":12},"end":{"line":201,"column":13}},"123":{"start":{"line":197,"column":16},"end":{"line":199,"column":17}},"124":{"start":{"line":198,"column":20},"end":{"line":198,"column":34}},"125":{"start":{"line":200,"column":16},"end":{"line":200,"column":43}},"126":{"start":{"line":202,"column":12},"end":{"line":204,"column":13}},"127":{"start":{"line":203,"column":16},"end":{"line":203,"column":35}},"128":{"start":{"line":206,"column":8},"end":{"line":206,"column":42}},"129":{"start":{"line":208,"column":4},"end":{"line":211,"column":6}},"130":{"start":{"line":209,"column":8},"end":{"line":209,"column":83}},"131":{"start":{"line":209,"column":56},"end":{"line":209,"column":79}},"132":{"start":{"line":210,"column":8},"end":{"line":210,"column":42}},"133":{"start":{"line":212,"column":4},"end":{"line":219,"column":6}},"134":{"start":{"line":213,"column":8},"end":{"line":218,"column":9}},"135":{"start":{"line":215,"column":12},"end":{"line":215,"column":46}},"136":{"start":{"line":216,"column":12},"end":{"line":216,"column":60}},"137":{"start":{"line":217,"column":12},"end":{"line":217,"column":45}},"138":{"start":{"line":220,"column":4},"end":{"line":220,"column":28}},"139":{"start":{"line":222,"column":0},"end":{"line":222,"column":35}}},"branchMap":{"1":{"line":4,"type":"binary-expr","locations":[{"start":{"line":4,"column":17},"end":{"line":4,"column":21}},{"start":{"line":4,"column":25},"end":{"line":4,"column":39}},{"start":{"line":4,"column":44},"end":{"line":13,"column":4}}]},"2":{"line":5,"type":"binary-expr","locations":[{"start":{"line":5,"column":24},"end":{"line":5,"column":45}},{"start":{"line":6,"column":9},"end":{"line":6,"column":43}},{"start":{"line":6,"column":47},"end":{"line":6,"column":83}},{"start":{"line":7,"column":8},"end":{"line":7,"column":82}}]},"3":{"line":7,"type":"if","locations":[{"start":{"line":7,"column":43},"end":{"line":7,"column":43}},{"start":{"line":7,"column":43},"end":{"line":7,"column":43}}]},"4":{"line":11,"type":"cond-expr","locations":[{"start":{"line":11,"column":35},"end":{"line":11,"column":51}},{"start":{"line":11,"column":55},"end":{"line":11,"column":91}}]},"5":{"line":35,"type":"binary-expr","locations":[{"start":{"line":35,"column":20},"end":{"line":35,"column":35}},{"start":{"line":35,"column":39},"end":{"line":35,"column":68}},{"start":{"line":35,"column":72},"end":{"line":35,"column":76}}]},"6":{"line":72,"type":"if","locations":[{"start":{"line":72,"column":8},"end":{"line":72,"column":8}},{"start":{"line":72,"column":8},"end":{"line":72,"column":8}}]},"7":{"line":78,"type":"if","locations":[{"start":{"line":78,"column":8},"end":{"line":78,"column":8}},{"start":{"line":78,"column":8},"end":{"line":78,"column":8}}]},"8":{"line":83,"type":"if","locations":[{"start":{"line":83,"column":12},"end":{"line":83,"column":12}},{"start":{"line":83,"column":12},"end":{"line":83,"column":12}}]},"9":{"line":104,"type":"cond-expr","locations":[{"start":{"line":104,"column":73},"end":{"line":104,"column":76}},{"start":{"line":104,"column":79},"end":{"line":104,"column":81}}]},"10":{"line":143,"type":"if","locations":[{"start":{"line":143,"column":8},"end":{"line":143,"column":8}},{"start":{"line":143,"column":8},"end":{"line":143,"column":8}}]},"11":{"line":147,"type":"if","locations":[{"start":{"line":147,"column":8},"end":{"line":147,"column":8}},{"start":{"line":147,"column":8},"end":{"line":147,"column":8}}]},"12":{"line":168,"type":"if","locations":[{"start":{"line":168,"column":8},"end":{"line":168,"column":8}},{"start":{"line":168,"column":8},"end":{"line":168,"column":8}}]},"13":{"line":168,"type":"binary-expr","locations":[{"start":{"line":168,"column":12},"end":{"line":168,"column":51}},{"start":{"line":168,"column":55},"end":{"line":168,"column":92}}]},"14":{"line":173,"type":"switch","locations":[{"start":{"line":174,"column":16},"end":{"line":176,"column":26}},{"start":{"line":177,"column":16},"end":{"line":179,"column":26}},{"start":{"line":180,"column":16},"end":{"line":182,"column":26}},{"start":{"line":183,"column":16},"end":{"line":185,"column":26}}]},"15":{"line":189,"type":"if","locations":[{"start":{"line":189,"column":12},"end":{"line":189,"column":12}},{"start":{"line":189,"column":12},"end":{"line":189,"column":12}}]},"16":{"line":190,"type":"if","locations":[{"start":{"line":190,"column":16},"end":{"line":190,"column":16}},{"start":{"line":190,"column":16},"end":{"line":190,"column":16}}]},"17":{"line":196,"type":"if","locations":[{"start":{"line":196,"column":12},"end":{"line":196,"column":12}},{"start":{"line":196,"column":12},"end":{"line":196,"column":12}}]},"18":{"line":196,"type":"binary-expr","locations":[{"start":{"line":196,"column":16},"end":{"line":196,"column":45}},{"start":{"line":196,"column":49},"end":{"line":196,"column":75}}]},"19":{"line":197,"type":"if","locations":[{"start":{"line":197,"column":16},"end":{"line":197,"column":16}},{"start":{"line":197,"column":16},"end":{"line":197,"column":16}}]},"20":{"line":202,"type":"if","locations":[{"start":{"line":202,"column":12},"end":{"line":202,"column":12}},{"start":{"line":202,"column":12},"end":{"line":202,"column":12}}]},"21":{"line":213,"type":"if","locations":[{"start":{"line":213,"column":8},"end":{"line":213,"column":8}},{"start":{"line":213,"column":8},"end":{"line":213,"column":8}}]}},"l":{"4":1,"5":1,"6":0,"7":0,"8":1,"9":1,"10":1,"11":1,"14":1,"15":1,"16":1,"17":1,"18":1,"19":1,"20":1,"32":1,"33":1,"34":1,"35":4,"36":4,"37":4,"46":1,"48":3,"49":3,"50":3,"58":1,"59":4,"60":4,"62":1,"63":4,"65":4,"66":4,"67":4,"69":1,"70":22,"71":22,"72":22,"73":1,"74":1,"75":1,"76":1,"78":21,"79":18,"81":21,"82":21,"83":21,"86":3,"88":21,"89":49,"90":49,"91":49,"94":21,"96":1,"97":14,"98":14,"99":14,"100":14,"101":14,"102":14,"103":4,"104":4,"107":14,"109":1,"110":4,"111":4,"113":1,"114":4,"115":37,"116":37,"117":37,"118":37,"120":4,"122":1,"123":1,"124":1,"127":1,"128":1,"129":1,"130":3,"131":3,"132":3,"133":3,"136":1,"138":1,"139":3,"140":3,"142":1,"143":49,"144":49,"146":49,"147":49,"148":3,"149":3,"150":3,"153":1,"154":3,"155":3,"157":1,"158":0,"165":1,"166":96,"167":96,"168":96,"169":2,"172":94,"173":94,"175":7,"176":7,"178":4,"179":4,"181":3,"182":3,"184":32,"185":32,"189":94,"190":2,"191":1,"193":2,"196":94,"197":20,"198":7,"200":20,"202":94,"203":60,"206":96,"208":1,"209":99,"210":99,"212":1,"213":195,"215":79,"216":79,"217":79,"220":1,"222":1}},
"D:\\SimplrJS\\simplr-forms\\tools\\api-extractor\\lib\\IndentedWriter.js":{"path":"D:\\SimplrJS\\simplr-forms\\tools\\api-extractor\\lib\\IndentedWriter.js","s":{"1":1,"2":1,"3":1,"4":4,"5":4,"6":4,"7":4,"8":1,"9":4,"10":1,"11":36,"12":36,"13":36,"14":36,"15":1,"16":36,"17":36,"18":1,"19":36,"20":36,"21":36,"22":1,"23":504,"24":504,"25":763,"26":763,"27":259,"28":504,"29":763,"30":302,"31":1,"32":251,"33":208,"34":251,"35":1,"36":302,"37":218,"38":218,"39":302,"40":1,"41":259,"42":259,"43":1,"44":72,"45":1,"46":1},"b":{"1":[36,0],"2":[259,504],"3":[302,461],"4":[208,43],"5":[218,84]},"f":{"1":1,"2":4,"3":4,"4":36,"5":36,"6":36,"7":504,"8":251,"9":302,"10":259,"11":72},"fnMap":{"1":{"name":"(anonymous_1)","line":28,"loc":{"start":{"line":28,"column":22},"end":{"line":28,"column":34}}},"2":{"name":"IndentedWriter","line":29,"loc":{"start":{"line":29,"column":4},"end":{"line":29,"column":30}}},"3":{"name":"(anonymous_3)","line":38,"loc":{"start":{"line":38,"column":40},"end":{"line":38,"column":52}}},"4":{"name":"(anonymous_4)","line":48,"loc":{"start":{"line":48,"column":46},"end":{"line":48,"column":64}}},"5":{"name":"(anonymous_5)","line":57,"loc":{"start":{"line":57,"column":46},"end":{"line":57,"column":58}}},"6":{"name":"(anonymous_6)","line":65,"loc":{"start":{"line":65,"column":43},"end":{"line":65,"column":60}}},"7":{"name":"(anonymous_7)","line":75,"loc":{"start":{"line":75,"column":37},"end":{"line":75,"column":56}}},"8":{"name":"(anonymous_8)","line":94,"loc":{"start":{"line":94,"column":41},"end":{"line":94,"column":60}}},"9":{"name":"(anonymous_9)","line":101,"loc":{"start":{"line":101,"column":46},"end":{"line":101,"column":65}}},"10":{"name":"(anonymous_10)","line":108,"loc":{"start":{"line":108,"column":45},"end":{"line":108,"column":57}}},"11":{"name":"(anonymous_11)","line":112,"loc":{"start":{"line":112,"column":49},"end":{"line":112,"column":61}}}},"statementMap":{"1":{"start":{"line":4,"column":0},"end":{"line":4,"column":62}},"2":{"start":{"line":28,"column":0},"end":{"line":116,"column":5}},"3":{"start":{"line":29,"column":4},"end":{"line":34,"column":5}},"4":{"start":{"line":30,"column":8},"end":{"line":30,"column":26}},"5":{"start":{"line":31,"column":8},"end":{"line":31,"column":31}},"6":{"start":{"line":32,"column":8},"end":{"line":32,"column":30}},"7":{"start":{"line":33,"column":8},"end":{"line":33,"column":33}},"8":{"start":{"line":38,"column":4},"end":{"line":40,"column":6}},"9":{"start":{"line":39,"column":8},"end":{"line":39,"column":28}},"10":{"start":{"line":48,"column":4},"end":{"line":52,"column":6}},"11":{"start":{"line":49,"column":8},"end":{"line":49,"column":49}},"12":{"start":{"line":49,"column":33},"end":{"line":49,"column":47}},"13":{"start":{"line":50,"column":8},"end":{"line":50,"column":39}},"14":{"start":{"line":51,"column":8},"end":{"line":51,"column":33}},"15":{"start":{"line":57,"column":4},"end":{"line":60,"column":6}},"16":{"start":{"line":58,"column":8},"end":{"line":58,"column":32}},"17":{"start":{"line":59,"column":8},"end":{"line":59,"column":33}},"18":{"start":{"line":65,"column":4},"end":{"line":69,"column":6}},"19":{"start":{"line":66,"column":8},"end":{"line":66,"column":30}},"20":{"start":{"line":67,"column":8},"end":{"line":67,"column":16}},"21":{"start":{"line":68,"column":8},"end":{"line":68,"column":30}},"22":{"start":{"line":75,"column":4},"end":{"line":89,"column":6}},"23":{"start":{"line":76,"column":8},"end":{"line":76,"column":25}},"24":{"start":{"line":77,"column":8},"end":{"line":88,"column":9}},"25":{"start":{"line":78,"column":12},"end":{"line":78,"column":34}},"26":{"start":{"line":79,"column":12},"end":{"line":84,"column":13}},"27":{"start":{"line":80,"column":16},"end":{"line":80,"column":37}},"28":{"start":{"line":83,"column":16},"end":{"line":83,"column":30}},"29":{"start":{"line":85,"column":12},"end":{"line":87,"column":13}},"30":{"start":{"line":86,"column":16},"end":{"line":86,"column":46}},"31":{"start":{"line":94,"column":4},"end":{"line":97,"column":6}},"32":{"start":{"line":95,"column":8},"end":{"line":95,"column":49}},"33":{"start":{"line":95,"column":34},"end":{"line":95,"column":47}},"34":{"start":{"line":96,"column":8},"end":{"line":96,"column":35}},"35":{"start":{"line":101,"column":4},"end":{"line":107,"column":6}},"36":{"start":{"line":102,"column":8},"end":{"line":105,"column":9}},"37":{"start":{"line":103,"column":12},"end":{"line":103,"column":45}},"38":{"start":{"line":104,"column":12},"end":{"line":104,"column":38}},"39":{"start":{"line":106,"column":8},"end":{"line":106,"column":51}},"40":{"start":{"line":108,"column":4},"end":{"line":111,"column":6}},"41":{"start":{"line":109,"column":8},"end":{"line":109,"column":29}},"42":{"start":{"line":110,"column":8},"end":{"line":110,"column":33}},"43":{"start":{"line":112,"column":4},"end":{"line":114,"column":6}},"44":{"start":{"line":113,"column":8},"end":{"line":113,"column":54}},"45":{"start":{"line":115,"column":4},"end":{"line":115,"column":26}},"46":{"start":{"line":117,"column":0},"end":{"line":117,"column":33}}},"branchMap":{"1":{"line":49,"type":"if","locations":[{"start":{"line":49,"column":8},"end":{"line":49,"column":8}},{"start":{"line":49,"column":8},"end":{"line":49,"column":8}}]},"2":{"line":79,"type":"if","locations":[{"start":{"line":79,"column":12},"end":{"line":79,"column":12}},{"start":{"line":79,"column":12},"end":{"line":79,"column":12}}]},"3":{"line":85,"type":"if","locations":[{"start":{"line":85,"column":12},"end":{"line":85,"column":12}},{"start":{"line":85,"column":12},"end":{"line":85,"column":12}}]},"4":{"line":95,"type":"if","locations":[{"start":{"line":95,"column":8},"end":{"line":95,"column":8}},{"start":{"line":95,"column":8},"end":{"line":95,"column":8}}]},"5":{"line":102,"type":"if","locations":[{"start":{"line":102,"column":8},"end":{"line":102,"column":8}},{"start":{"line":102,"column":8},"end":{"line":102,"column":8}}]}},"l":{"4":1,"28":1,"29":1,"30":4,"31":4,"32":4,"33":4,"38":1,"39":4,"48":1,"49":36,"50":36,"51":36,"57":1,"58":36,"59":36,"65":1,"66":36,"67":36,"68":36,"75":1,"76":504,"77":504,"78":763,"79":763,"80":259,"83":504,"85":763,"86":302,"94":1,"95":251,"96":251,"101":1,"102":302,"103":218,"104":218,"106":302,"108":1,"109":259,"110":259,"112":1,"113":72,"115":1,"117":1}}}
