TN:
SF:D:\SimplrJS\simplr-forms\tools\api-extractor\lib\ApiDefinitionReference.js
FN:8,(anonymous_1)
FN:9,ApiDefinitionReference
FN:19,(anonymous_3)
FN:27,(anonymous_4)
FN:70,(anonymous_5)
FN:88,(anonymous_6)
FN:104,(anonymous_7)
FN:117,(anonymous_8)
FNF:8
FNH:8
FNDA:1,(anonymous_1)
FNDA:50,ApiDefinitionReference
FNDA:50,(anonymous_3)
FNDA:47,(anonymous_4)
FNDA:44,(anonymous_5)
FNDA:33,(anonymous_6)
FNDA:5,(anonymous_7)
FNDA:1,(anonymous_8)
DA:4,1
DA:8,1
DA:9,1
DA:10,50
DA:11,50
DA:12,50
DA:13,50
DA:19,1
DA:20,50
DA:27,1
DA:28,47
DA:29,4
DA:30,4
DA:32,43
DA:39,43
DA:40,43
DA:42,34
DA:43,34
DA:44,34
DA:45,34
DA:48,43
DA:49,43
DA:50,42
DA:51,42
DA:55,1
DA:57,1
DA:59,42
DA:60,0
DA:61,0
DA:63,42
DA:70,1
DA:71,44
DA:72,16
DA:74,28
DA:75,28
DA:76,28
DA:79,0
DA:88,1
DA:89,33
DA:90,33
DA:91,25
DA:93,8
DA:94,7
DA:96,33
DA:104,1
DA:105,5
DA:106,5
DA:107,4
DA:109,5
DA:117,1
DA:118,1
DA:124,1
DA:128,1
DA:132,1
DA:133,1
DA:135,1
LF:56
LH:53
BRDA:28,1,0,4
BRDA:28,1,1,43
BRDA:28,2,0,47
BRDA:28,2,1,47
BRDA:40,3,0,34
BRDA:40,3,1,9
BRDA:49,4,0,42
BRDA:49,4,1,1
BRDA:51,5,0,7
BRDA:51,5,1,35
BRDA:59,6,0,0
BRDA:59,6,1,42
BRDA:71,7,0,16
BRDA:71,7,1,28
BRDA:75,8,0,28
BRDA:75,8,1,0
BRDA:90,9,0,25
BRDA:90,9,1,8
BRDA:93,10,0,7
BRDA:93,10,1,1
BRDA:106,11,0,4
BRDA:106,11,1,1
BRF:22
BRH:20
end_of_record
TN:
SF:D:\SimplrJS\simplr-forms\tools\api-extractor\lib\DocElementParser.js
FN:8,(anonymous_1)
FN:9,DocElementParser
FN:11,(anonymous_3)
FN:13,(anonymous_4)
FN:31,(anonymous_5)
FN:37,(anonymous_6)
FN:112,(anonymous_7)
FN:118,(anonymous_8)
FN:187,(anonymous_9)
FNF:9
FNH:8
FNDA:1,(anonymous_1)
FNDA:0,DocElementParser
FNDA:258,(anonymous_3)
FNDA:176,(anonymous_4)
FNDA:19,(anonymous_5)
FNDA:397,(anonymous_6)
FNDA:20,(anonymous_7)
FNDA:30,(anonymous_8)
FNDA:35,(anonymous_9)
DA:4,1
DA:5,1
DA:6,1
DA:7,1
DA:8,1
DA:9,1
DA:11,1
DA:12,258
DA:13,258
DA:14,176
DA:16,170
DA:17,170
DA:20,6
DA:23,0
DA:25,0
DA:26,0
DA:29,258
DA:31,1
DA:32,19
DA:33,0
DA:35,19
DA:37,1
DA:38,397
DA:39,397
DA:40,397
DA:41,397
DA:42,658
DA:43,658
DA:44,227
DA:45,227
DA:47,431
DA:48,171
DA:50,1
DA:51,1
DA:55,1
DA:57,170
DA:58,170
DA:61,260
DA:62,55
DA:64,35
DA:65,35
DA:66,4
DA:69,35
DA:70,35
DA:71,35
DA:73,20
DA:74,20
DA:76,13
DA:77,13
DA:78,4
DA:81,20
DA:82,20
DA:84,0
DA:85,0
DA:88,205
DA:89,205
DA:90,205
DA:93,0
DA:96,397
DA:112,1
DA:113,20
DA:114,0
DA:115,0
DA:118,20
DA:119,30
DA:120,30
DA:123,20
DA:124,1
DA:125,1
DA:127,19
DA:128,19
DA:130,19
DA:131,19
DA:133,11
DA:134,1
DA:136,1
DA:138,10
DA:147,8
DA:149,8
DA:150,4
DA:152,4
DA:163,14
DA:164,8
DA:165,8
DA:166,1
DA:168,1
DA:171,7
DA:175,6
DA:177,13
DA:187,1
DA:189,35
DA:190,35
DA:191,0
DA:193,0
DA:197,35
DA:199,35
DA:200,0
DA:201,0
DA:204,35
DA:207,35
DA:208,6
DA:212,6
DA:213,6
DA:221,29
DA:222,7
DA:225,29
DA:226,29
DA:229,29
DA:231,2
DA:232,2
DA:233,2
DA:235,0
DA:236,0
DA:237,0
DA:242,29
DA:243,8
DA:252,1
DA:266,1
DA:267,1
DA:269,1
LF:120
LH:104
BRDA:14,1,0,170
BRDA:14,1,1,6
BRDA:14,1,2,0
BRDA:14,1,3,0
BRDA:32,2,0,0
BRDA:32,2,1,19
BRDA:43,3,0,227
BRDA:43,3,1,431
BRDA:47,4,0,171
BRDA:47,4,1,260
BRDA:48,5,0,1
BRDA:48,5,1,170
BRDA:61,6,0,55
BRDA:61,6,1,205
BRDA:62,7,0,35
BRDA:62,7,1,20
BRDA:62,7,2,0
BRDA:65,8,0,4
BRDA:65,8,1,31
BRDA:65,9,0,35
BRDA:65,9,1,31
BRDA:74,10,0,13
BRDA:74,10,1,7
BRDA:77,11,0,4
BRDA:77,11,1,9
BRDA:88,12,0,205
BRDA:88,12,1,0
BRDA:113,13,0,0
BRDA:113,13,1,20
BRDA:119,14,0,30
BRDA:119,14,1,0
BRDA:123,15,0,1
BRDA:123,15,1,19
BRDA:128,16,0,8
BRDA:128,16,1,11
BRDA:131,17,0,11
BRDA:131,17,1,8
BRDA:133,18,0,1
BRDA:133,18,1,10
BRDA:149,19,0,4
BRDA:149,19,1,4
BRDA:163,20,0,8
BRDA:163,20,1,6
BRDA:165,21,0,1
BRDA:165,21,1,7
BRDA:190,22,0,0
BRDA:190,22,1,35
BRDA:199,23,0,0
BRDA:199,23,1,35
BRDA:207,24,0,6
BRDA:207,24,1,29
BRDA:221,25,0,7
BRDA:221,25,1,22
BRDA:229,26,0,2
BRDA:229,26,1,0
BRDA:242,27,0,8
BRDA:242,27,1,21
BRF:57
BRH:47
end_of_record
TN:
SF:D:\SimplrJS\simplr-forms\tools\api-extractor\lib\definitions\ApiItem.js
FN:16,(anonymous_1)
FN:74,(anonymous_2)
FN:106,(anonymous_3)
FN:107,ApiItem
FN:150,(anonymous_5)
FN:160,(anonymous_6)
FN:168,(anonymous_7)
FN:176,(anonymous_8)
FN:183,(anonymous_9)
FN:190,(anonymous_10)
FN:207,(anonymous_11)
FN:225,(anonymous_12)
FN:232,(anonymous_13)
FN:239,(anonymous_14)
FN:301,(anonymous_15)
FN:334,(anonymous_16)
FN:352,(anonymous_17)
FN:371,(anonymous_18)
FN:403,(anonymous_19)
FNF:19
FNH:18
FNDA:1,(anonymous_1)
FNDA:1,(anonymous_2)
FNDA:1,(anonymous_3)
FNDA:328,ApiItem
FNDA:213,(anonymous_5)
FNDA:208,(anonymous_6)
FNDA:148,(anonymous_7)
FNDA:0,(anonymous_8)
FNDA:249,(anonymous_9)
FNDA:279,(anonymous_10)
FNDA:162,(anonymous_11)
FNDA:41,(anonymous_12)
FNDA:56,(anonymous_13)
FNDA:258,(anonymous_14)
FNDA:265,(anonymous_15)
FNDA:243,(anonymous_16)
FNDA:1453,(anonymous_17)
FNDA:32,(anonymous_18)
FNDA:32,(anonymous_19)
DA:4,1
DA:7,1
DA:8,1
DA:9,1
DA:10,1
DA:11,1
DA:15,1
DA:16,1
DA:20,1
DA:24,1
DA:28,1
DA:32,1
DA:36,1
DA:40,1
DA:44,1
DA:48,1
DA:52,1
DA:56,1
DA:60,1
DA:64,1
DA:68,1
DA:73,1
DA:74,1
DA:78,1
DA:84,1
DA:89,1
DA:99,1
DA:106,1
DA:107,1
DA:117,328
DA:129,328
DA:130,328
DA:131,328
DA:132,328
DA:133,328
DA:134,328
DA:135,328
DA:136,328
DA:137,328
DA:138,328
DA:139,328
DA:140,328
DA:141,328
DA:142,328
DA:143,324
DA:145,328
DA:150,1
DA:151,213
DA:153,0
DA:155,213
DA:160,1
DA:168,1
DA:169,148
DA:176,1
DA:177,0
DA:183,1
DA:184,249
DA:186,1
DA:191,279
DA:207,1
DA:208,162
DA:209,162
DA:210,260
DA:211,162
DA:213,98
DA:214,98
DA:215,0
DA:217,98
DA:219,162
DA:225,1
DA:226,41
DA:232,1
DA:233,56
DA:239,1
DA:240,258
DA:242,258
DA:243,258
DA:244,258
DA:245,258
DA:246,4
DA:249,258
DA:250,9
DA:251,0
DA:252,0
DA:255,258
DA:256,2
DA:257,0
DA:258,0
DA:261,258
DA:262,4
DA:265,258
DA:266,41
DA:268,4
DA:273,217
DA:274,2
DA:279,258
DA:281,158
DA:283,0
DA:286,0
DA:301,1
DA:302,265
DA:304,6
DA:306,258
DA:307,258
DA:308,258
DA:309,258
DA:310,249
DA:311,249
DA:313,258
DA:315,1
DA:316,1
DA:318,0
DA:334,1
DA:335,243
DA:336,18
DA:338,225
DA:339,169
DA:340,169
DA:341,12
DA:344,213
DA:352,1
DA:353,1453
DA:356,67
DA:358,1386
DA:359,32
DA:360,32
DA:363,1386
DA:364,1336
DA:365,1336
DA:371,1
DA:372,32
DA:373,32
DA:375,0
DA:377,32
DA:379,0
DA:382,32
DA:383,32
DA:385,0
DA:387,32
DA:391,32
DA:394,32
DA:397,32
DA:398,0
DA:401,32
DA:403,32
DA:404,32
DA:405,0
DA:407,0
DA:413,32
DA:414,32
DA:415,32
DA:417,26
DA:418,26
DA:423,18
DA:428,8
DA:430,8
DA:435,6
DA:436,6
DA:444,6
DA:445,0
DA:446,0
DA:447,0
DA:450,6
DA:452,6
DA:454,6
DA:455,6
DA:456,6
DA:459,4
DA:467,2
DA:473,1
DA:474,1
DA:476,1
LF:172
LH:153
BRDA:69,1,0,1
BRDA:69,1,1,1
BRDA:90,2,0,1
BRDA:90,2,1,1
BRDA:139,3,0,328
BRDA:139,3,1,236
BRDA:140,4,0,328
BRDA:140,4,1,0
BRDA:142,5,0,324
BRDA:142,5,1,4
BRDA:151,6,0,0
BRDA:151,6,1,213
BRDA:210,7,0,162
BRDA:210,7,1,98
BRDA:214,8,0,0
BRDA:214,8,1,98
BRDA:214,9,0,98
BRDA:214,9,1,98
BRDA:243,10,0,258
BRDA:243,10,1,249
BRDA:244,11,0,258
BRDA:244,11,1,249
BRDA:245,12,0,4
BRDA:245,12,1,254
BRDA:249,13,0,9
BRDA:249,13,1,249
BRDA:250,14,0,0
BRDA:250,14,1,9
BRDA:255,15,0,2
BRDA:255,15,1,256
BRDA:256,16,0,0
BRDA:256,16,1,2
BRDA:261,17,0,4
BRDA:261,17,1,254
BRDA:261,18,0,258
BRDA:261,18,1,8
BRDA:265,19,0,41
BRDA:265,19,1,217
BRDA:266,20,0,4
BRDA:266,20,1,37
BRDA:266,21,0,41
BRDA:266,21,1,28
BRDA:273,22,0,2
BRDA:273,22,1,215
BRDA:279,23,0,158
BRDA:279,23,1,100
BRDA:281,24,0,0
BRDA:281,24,1,158
BRDA:281,25,0,158
BRDA:281,25,1,113
BRDA:283,26,0,0
BRDA:283,26,1,0
BRDA:302,27,0,6
BRDA:302,27,1,258
BRDA:302,27,2,1
BRDA:302,27,3,0
BRDA:335,28,0,18
BRDA:335,28,1,225
BRDA:340,29,0,12
BRDA:340,29,1,157
BRDA:353,30,0,67
BRDA:353,30,1,1386
BRDA:353,31,0,1453
BRDA:353,31,1,1386
BRDA:353,31,2,337
BRDA:358,32,0,32
BRDA:358,32,1,1354
BRDA:373,33,0,0
BRDA:373,33,1,32
BRDA:377,34,0,0
BRDA:377,34,1,32
BRDA:383,35,0,0
BRDA:383,35,1,32
BRDA:383,36,0,32
BRDA:383,36,1,32
BRDA:397,37,0,0
BRDA:397,37,1,32
BRDA:404,38,0,0
BRDA:404,38,1,32
BRDA:415,39,0,26
BRDA:415,39,1,6
BRDA:415,40,0,32
BRDA:415,40,1,32
BRDA:418,41,0,18
BRDA:418,41,1,8
BRDA:444,42,0,0
BRDA:444,42,1,6
BRDA:456,43,0,4
BRDA:456,43,1,2
BRF:89
BRH:74
end_of_record
TN:
SF:D:\SimplrJS\simplr-forms\tools\api-extractor\lib\definitions\ApiDocumentation.js
FN:17,(anonymous_1)
FN:45,(anonymous_2)
FN:46,ApiDocumentation
FN:48,(anonymous_4)
FN:64,(anonymous_5)
FN:70,(anonymous_6)
FN:202,(anonymous_7)
FN:236,(anonymous_8)
FN:262,(anonymous_9)
FN:268,(anonymous_10)
FN:286,(anonymous_11)
FNF:11
FNH:10
FNDA:1,(anonymous_1)
FNDA:1,(anonymous_2)
FNDA:331,ApiDocumentation
FNDA:0,(anonymous_4)
FNDA:258,(anonymous_5)
FNDA:331,(anonymous_6)
FNDA:19,(anonymous_7)
FNDA:258,(anonymous_8)
FNDA:258,(anonymous_9)
FNDA:6,(anonymous_10)
FNDA:39,(anonymous_11)
DA:4,1
DA:5,1
DA:6,1
DA:7,1
DA:8,1
DA:16,1
DA:17,1
DA:21,1
DA:27,1
DA:32,1
DA:38,1
DA:43,1
DA:45,1
DA:46,1
DA:47,331
DA:48,331
DA:49,0
DA:50,0
DA:52,331
DA:53,331
DA:54,331
DA:55,331
DA:56,331
DA:57,331
DA:58,331
DA:64,1
DA:66,258
DA:68,258
DA:70,1
DA:71,331
DA:72,331
DA:73,331
DA:74,331
DA:75,331
DA:76,331
DA:77,331
DA:78,331
DA:79,331
DA:80,331
DA:81,331
DA:82,331
DA:83,511
DA:84,511
DA:85,331
DA:87,331
DA:91,0
DA:93,331
DA:95,180
DA:96,174
DA:98,11
DA:99,11
DA:100,11
DA:101,11
DA:103,12
DA:104,12
DA:105,12
DA:106,12
DA:108,16
DA:109,16
DA:110,16
DA:111,16
DA:112,16
DA:114,16
DA:116,8
DA:117,8
DA:118,8
DA:119,0
DA:121,8
DA:124,4
DA:125,4
DA:126,4
DA:128,80
DA:129,80
DA:130,80
DA:131,80
DA:133,15
DA:134,15
DA:135,15
DA:136,15
DA:138,8
DA:139,8
DA:140,8
DA:141,8
DA:143,12
DA:144,12
DA:145,12
DA:146,12
DA:148,2
DA:149,2
DA:150,2
DA:152,0
DA:153,0
DA:154,0
DA:156,0
DA:157,0
DA:158,0
DA:160,6
DA:161,6
DA:164,6
DA:165,0
DA:167,0
DA:168,0
DA:170,0
DA:171,0
DA:173,0
DA:174,0
DA:175,0
DA:178,6
DA:179,6
DA:181,6
DA:182,6
DA:183,6
DA:184,2
DA:186,6
DA:189,0
DA:191,0
DA:194,331
DA:195,4
DA:197,331
DA:198,0
DA:199,0
DA:202,1
DA:203,19
DA:204,19
DA:205,0
DA:206,0
DA:208,19
DA:209,19
DA:210,0
DA:212,0
DA:215,19
DA:216,19
DA:217,19
DA:218,0
DA:219,0
DA:221,19
DA:223,19
DA:224,19
DA:225,19
DA:229,19
DA:236,1
DA:237,258
DA:238,2
DA:239,2
DA:245,2
DA:246,2
DA:249,2
DA:250,2
DA:252,1
DA:262,1
DA:263,258
DA:264,35
DA:265,35
DA:268,1
DA:269,6
DA:270,6
DA:271,6
DA:272,6
DA:273,6
DA:275,0
DA:276,0
DA:277,0
DA:279,0
DA:280,0
DA:281,0
DA:283,0
DA:284,0
DA:286,1
DA:287,39
DA:288,0
DA:295,1
DA:298,1
DA:314,1
DA:319,1
DA:321,1
LF:175
LH:138
BRDA:44,1,0,1
BRDA:44,1,1,1
BRDA:84,2,0,331
BRDA:84,2,1,180
BRDA:87,3,0,0
BRDA:87,3,1,331
BRDA:87,4,0,331
BRDA:87,4,1,0
BRDA:95,5,0,174
BRDA:95,5,1,6
BRDA:96,6,0,11
BRDA:96,6,1,12
BRDA:96,6,2,16
BRDA:96,6,3,8
BRDA:96,6,4,4
BRDA:96,6,5,80
BRDA:96,6,6,15
BRDA:96,6,7,8
BRDA:96,6,8,12
BRDA:96,6,9,2
BRDA:96,6,10,0
BRDA:96,6,11,0
BRDA:96,6,12,6
BRDA:111,7,0,16
BRDA:111,7,1,0
BRDA:118,8,0,0
BRDA:118,8,1,8
BRDA:118,9,0,8
BRDA:118,9,1,8
BRDA:164,10,0,0
BRDA:164,10,1,6
BRDA:165,11,0,0
BRDA:165,11,1,0
BRDA:165,11,2,0
BRDA:178,12,0,6
BRDA:178,12,1,0
BRDA:183,13,0,2
BRDA:183,13,1,4
BRDA:194,14,0,4
BRDA:194,14,1,327
BRDA:197,15,0,0
BRDA:197,15,1,331
BRDA:197,16,0,331
BRDA:197,16,1,2
BRDA:204,17,0,0
BRDA:204,17,1,19
BRDA:208,18,0,19
BRDA:208,18,1,0
BRDA:209,19,0,0
BRDA:209,19,1,19
BRDA:217,20,0,0
BRDA:217,20,1,19
BRDA:249,21,0,2
BRDA:249,21,1,0
BRDA:250,22,0,1
BRDA:250,22,1,1
BRDA:250,23,0,2
BRDA:250,23,1,1
BRDA:271,24,0,6
BRDA:271,24,1,0
BRDA:271,25,0,6
BRDA:271,25,1,6
BRDA:275,26,0,0
BRDA:275,26,1,0
BRDA:275,27,0,0
BRDA:275,27,1,0
BRDA:279,28,0,0
BRDA:279,28,1,0
BRDA:279,29,0,0
BRDA:279,29,1,0
BRDA:287,30,0,0
BRDA:287,30,1,39
BRF:72
BRH:45
end_of_record
TN:
SF:D:\SimplrJS\simplr-forms\tools\api-extractor\lib\Token.js
FN:9,(anonymous_1)
FN:32,(anonymous_2)
FN:33,Token
FN:42,(anonymous_4)
FN:48,(anonymous_5)
FN:55,(anonymous_6)
FN:62,(anonymous_7)
FN:68,(anonymous_8)
FNF:8
FNH:8
FNDA:1,(anonymous_1)
FNDA:1,(anonymous_2)
FNDA:487,Token
FNDA:2,(anonymous_4)
FNDA:1093,(anonymous_5)
FNDA:462,(anonymous_6)
FNDA:383,(anonymous_7)
FNDA:300,(anonymous_8)
DA:4,1
DA:8,1
DA:9,1
DA:13,1
DA:18,1
DA:27,1
DA:32,1
DA:33,1
DA:34,487
DA:35,487
DA:36,487
DA:37,487
DA:42,1
DA:43,2
DA:44,1
DA:47,1
DA:49,1093
DA:54,1
DA:56,462
DA:61,1
DA:63,383
DA:68,1
DA:69,300
DA:71,1
DA:73,1
LF:25
LH:25
BRDA:28,1,0,1
BRDA:28,1,1,1
BRDA:35,2,0,245
BRDA:35,2,1,242
BRDA:36,3,0,300
BRDA:36,3,1,187
BRDA:43,4,0,1
BRDA:43,4,1,1
BRF:8
BRH:8
end_of_record
TN:
SF:D:\SimplrJS\simplr-forms\tools\api-extractor\lib\Tokenizer.js
FN:10,(anonymous_1)
FN:11,Tokenizer
FN:27,(anonymous_3)
FN:58,(anonymous_4)
FN:96,(anonymous_5)
FN:99,(anonymous_6)
FN:108,(anonymous_7)
FNF:7
FNH:7
FNDA:1,(anonymous_1)
FNDA:343,Tokenizer
FNDA:344,(anonymous_3)
FNDA:65,(anonymous_4)
FNDA:1169,(anonymous_5)
FNDA:464,(anonymous_6)
FNDA:213,(anonymous_7)
DA:4,1
DA:5,1
DA:6,1
DA:10,1
DA:11,1
DA:12,343
DA:13,343
DA:27,1
DA:28,344
DA:29,131
DA:31,213
DA:32,213
DA:34,213
DA:35,213
DA:36,213
DA:37,482
DA:38,482
DA:39,482
DA:40,183
DA:42,299
DA:43,64
DA:46,235
DA:48,482
DA:49,473
DA:52,213
DA:58,1
DA:59,65
DA:61,0
DA:63,65
DA:64,65
DA:66,0
DA:67,0
DA:69,65
DA:70,65
DA:71,0
DA:73,0
DA:77,65
DA:78,65
DA:79,25
DA:80,4
DA:81,4
DA:83,21
DA:84,21
DA:85,21
DA:87,40
DA:88,35
DA:89,35
DA:90,35
DA:93,5
DA:94,5
DA:96,1
DA:97,1169
DA:99,1
DA:100,464
DA:108,1
DA:109,213
DA:110,213
DA:111,493
DA:112,493
DA:113,493
DA:114,493
DA:115,11
DA:117,482
DA:119,213
DA:125,1
DA:126,1
DA:128,1
LF:67
LH:62
BRDA:28,1,0,131
BRDA:28,1,1,213
BRDA:39,2,0,183
BRDA:39,2,1,299
BRDA:42,3,0,64
BRDA:42,3,1,235
BRDA:42,4,0,299
BRDA:42,4,1,64
BRDA:48,5,0,473
BRDA:48,5,1,9
BRDA:59,6,0,0
BRDA:59,6,1,65
BRDA:59,7,0,65
BRDA:59,7,1,65
BRDA:64,8,0,0
BRDA:64,8,1,65
BRDA:70,9,0,0
BRDA:70,9,1,65
BRDA:78,10,0,25
BRDA:78,10,1,40
BRDA:79,11,0,4
BRDA:79,11,1,21
BRDA:87,12,0,35
BRDA:87,12,1,5
BRDA:97,13,0,558
BRDA:97,13,1,611
BRDA:97,14,0,1169
BRDA:97,14,1,909
BRDA:100,15,0,0
BRDA:100,15,1,464
BRDA:100,16,0,464
BRDA:100,16,1,464
BRDA:114,17,0,11
BRDA:114,17,1,482
BRF:34
BRH:30
end_of_record
TN:
SF:D:\SimplrJS\simplr-forms\tools\api-extractor\lib\TypeScriptHelpers.js
FN:6,(anonymous_1)
FN:7,TypeScriptHelpers
FN:17,(anonymous_3)
FN:27,(anonymous_4)
FN:40,(anonymous_5)
FN:70,(anonymous_6)
FN:97,(anonymous_7)
FN:134,(anonymous_8)
FN:137,(anonymous_9)
FNF:9
FNH:8
FNDA:1,(anonymous_1)
FNDA:0,TypeScriptHelpers
FNDA:377,(anonymous_3)
FNDA:22,(anonymous_4)
FNDA:324,(anonymous_5)
FNDA:199,(anonymous_6)
FNDA:215,(anonymous_7)
FNDA:2,(anonymous_8)
FNDA:2,(anonymous_9)
DA:4,1
DA:5,1
DA:6,1
DA:7,1
DA:17,1
DA:19,377
DA:21,377
DA:27,1
DA:28,22
DA:29,22
DA:30,0
DA:32,22
DA:40,1
DA:41,324
DA:43,324
DA:44,324
DA:46,198
DA:47,198
DA:48,198
DA:49,198
DA:51,198
DA:52,0
DA:53,0
DA:55,198
DA:56,198
DA:57,0
DA:58,0
DA:60,198
DA:62,324
DA:70,1
DA:72,199
DA:73,199
DA:74,193
DA:77,199
DA:78,199
DA:79,193
DA:82,199
DA:83,199
DA:84,538
DA:87,199
DA:97,1
DA:98,215
DA:99,0
DA:101,215
DA:102,0
DA:104,215
DA:105,215
DA:106,215
DA:107,215
DA:108,464
DA:109,464
DA:110,249
DA:111,159
DA:113,249
DA:114,249
DA:117,0
DA:119,249
DA:120,249
DA:123,215
DA:124,89
DA:126,215
DA:134,1
DA:135,2
DA:136,2
DA:137,2
DA:138,2
DA:139,2
DA:140,2
DA:141,2
DA:143,2
DA:144,2
DA:145,2
DA:146,2
DA:147,2
DA:148,2
DA:149,2
DA:150,6
DA:151,6
DA:152,1
DA:154,5
DA:155,5
DA:157,2
DA:158,2
DA:159,2
DA:160,1
DA:161,1
DA:164,1
DA:168,0
DA:170,2
DA:172,3
DA:173,1
DA:174,1
DA:176,2
DA:177,2
DA:180,0
DA:182,3
DA:184,0
DA:185,0
DA:187,5
DA:188,3
DA:189,1
DA:191,3
DA:194,2
DA:195,0
DA:197,2
DA:202,1
DA:206,1
DA:210,1
DA:214,1
DA:215,1
DA:217,1
LF:111
LH:98
BRDA:29,1,0,0
BRDA:29,1,1,22
BRDA:44,2,0,198
BRDA:44,2,1,126
BRDA:44,3,0,324
BRDA:44,3,1,198
BRDA:51,4,0,0
BRDA:51,4,1,198
BRDA:56,5,0,0
BRDA:56,5,1,198
BRDA:73,6,0,193
BRDA:73,6,1,6
BRDA:78,7,0,193
BRDA:78,7,1,6
BRDA:82,8,0,199
BRDA:82,8,1,0
BRDA:98,9,0,0
BRDA:98,9,1,215
BRDA:101,10,0,0
BRDA:101,10,1,215
BRDA:109,11,0,249
BRDA:109,11,1,215
BRDA:110,12,0,159
BRDA:110,12,1,90
BRDA:114,13,0,0
BRDA:114,13,1,249
BRDA:122,14,0,464
BRDA:122,14,1,249
BRDA:123,15,0,89
BRDA:123,15,1,126
BRDA:142,16,0,2
BRDA:142,16,1,2
BRDA:151,17,0,1
BRDA:151,17,1,5
BRDA:155,18,0,2
BRDA:155,18,1,3
BRDA:155,18,2,0
BRDA:157,19,0,2
BRDA:157,19,1,0
BRDA:159,20,0,1
BRDA:159,20,1,1
BRDA:172,21,0,1
BRDA:172,21,1,2
BRDA:176,22,0,2
BRDA:176,22,1,0
BRDA:187,23,0,3
BRDA:187,23,1,2
BRDA:188,24,0,1
BRDA:188,24,1,2
BRDA:194,25,0,0
BRDA:194,25,1,2
BRF:51
BRH:40
end_of_record
TN:
SF:D:\SimplrJS\simplr-forms\tools\api-extractor\lib\PrettyPrinter.js
FN:10,(anonymous_1)
FN:11,PrettyPrinter
FN:16,(anonymous_3)
FN:46,(anonymous_4)
FN:52,(anonymous_5)
FN:62,(anonymous_6)
FN:89,(anonymous_7)
FN:96,(anonymous_8)
FN:101,(anonymous_9)
FN:104,(anonymous_10)
FN:107,(anonymous_11)
FN:123,(anonymous_12)
FN:132,(anonymous_13)
FNF:13
FNH:4
FNDA:1,(anonymous_1)
FNDA:0,PrettyPrinter
FNDA:0,(anonymous_3)
FNDA:0,(anonymous_4)
FNDA:0,(anonymous_5)
FNDA:47,(anonymous_6)
FNDA:0,(anonymous_7)
FNDA:0,(anonymous_8)
FNDA:0,(anonymous_9)
FNDA:0,(anonymous_10)
FNDA:0,(anonymous_11)
FNDA:309,(anonymous_12)
FNDA:180,(anonymous_13)
DA:4,1
DA:6,1
DA:10,1
DA:11,1
DA:16,1
DA:17,0
DA:18,0
DA:19,0
DA:20,0
DA:21,0
DA:25,0
DA:26,0
DA:30,0
DA:32,0
DA:33,0
DA:34,0
DA:35,0
DA:36,0
DA:46,1
DA:47,0
DA:52,1
DA:53,0
DA:62,1
DA:63,47
DA:64,47
DA:65,47
DA:66,387
DA:67,387
DA:69,36
DA:71,42
DA:72,42
DA:74,309
DA:76,94
DA:78,309
DA:79,309
DA:80,309
DA:83,47
DA:89,1
DA:90,0
DA:96,1
DA:97,0
DA:98,0
DA:99,0
DA:101,1
DA:102,0
DA:104,1
DA:105,0
DA:107,1
DA:109,0
DA:110,0
DA:111,0
DA:112,0
DA:113,0
DA:114,0
DA:116,0
DA:118,0
DA:120,0
DA:123,1
DA:124,309
DA:128,129
DA:130,180
DA:132,1
DA:133,180
DA:139,86
DA:141,94
DA:143,1
DA:145,1
LF:67
LH:37
BRDA:17,1,0,0
BRDA:17,1,1,0
BRDA:25,2,0,0
BRDA:25,2,1,0
BRDA:67,3,0,36
BRDA:67,3,1,42
BRDA:67,3,2,309
BRDA:74,4,0,94
BRDA:74,4,1,215
BRDA:74,5,0,309
BRDA:74,5,1,180
BRDA:112,6,0,0
BRDA:112,6,1,0
BRDA:113,7,0,0
BRDA:113,7,1,0
BRDA:120,8,0,0
BRDA:120,8,1,0
BRDA:124,9,0,47
BRDA:124,9,1,89
BRDA:124,9,2,129
BRDA:133,10,0,0
BRDA:133,10,1,42
BRDA:133,10,2,84
BRDA:133,10,3,85
BRDA:133,10,4,86
BRF:25
BRH:14
end_of_record
TN:
SF:D:\SimplrJS\simplr-forms\tools\api-extractor\lib\TestFileComparer.js
FN:8,(anonymous_1)
FN:9,TestFileComparer
FN:11,(anonymous_3)
FN:25,(anonymous_4)
FN:36,(anonymous_5)
FN:40,(anonymous_6)
FNF:6
FNH:3
FNDA:1,(anonymous_1)
FNDA:0,TestFileComparer
FNDA:12,(anonymous_3)
FNDA:12,(anonymous_4)
FNDA:0,(anonymous_5)
FNDA:0,(anonymous_6)
DA:4,1
DA:5,1
DA:6,1
DA:8,1
DA:9,1
DA:11,1
DA:12,12
DA:13,12
DA:14,12
DA:25,1
DA:27,12
DA:28,12
DA:29,12
DA:36,1
DA:37,0
DA:38,0
DA:40,1
DA:42,0
DA:43,0
DA:45,0
DA:46,0
DA:48,1
DA:50,1
LF:23
LH:17
BRDA:42,1,0,0
BRDA:42,1,1,0
BRF:2
BRH:0
end_of_record
TN:
SF:D:\SimplrJS\simplr-forms\tools\api-extractor\lib\JsonFile.js
FN:12,(anonymous_1)
FN:13,JsonFile
FN:15,(anonymous_3)
FN:33,(anonymous_4)
FN:45,(anonymous_5)
FN:56,(anonymous_6)
FN:72,(anonymous_7)
FN:90,(anonymous_8)
FNF:8
FNH:6
FNDA:1,(anonymous_1)
FNDA:0,JsonFile
FNDA:16,(anonymous_3)
FNDA:42,(anonymous_4)
FNDA:18,(anonymous_5)
FNDA:1044,(anonymous_6)
FNDA:0,(anonymous_7)
FNDA:18,(anonymous_8)
DA:4,1
DA:5,1
DA:6,1
DA:7,1
DA:8,1
DA:12,1
DA:13,1
DA:15,1
DA:21,16
DA:22,16
DA:26,16
DA:27,0
DA:28,0
DA:29,0
DA:30,0
DA:33,1
DA:34,42
DA:35,0
DA:37,42
DA:38,42
DA:39,42
DA:42,0
DA:45,1
DA:46,18
DA:47,18
DA:48,18
DA:49,18
DA:56,1
DA:57,1044
DA:58,195
DA:60,849
DA:61,493
DA:62,1026
DA:64,1026
DA:65,1026
DA:66,0
DA:68,1026
DA:72,1
DA:73,0
DA:74,0
DA:75,0
DA:76,0
DA:77,0
DA:78,0
DA:81,0
DA:90,1
DA:91,18
DA:93,1
DA:95,1
LF:49
LH:35
BRDA:26,1,0,0
BRDA:26,1,1,16
BRDA:34,2,0,0
BRDA:34,2,1,42
BRDA:57,3,0,195
BRDA:57,3,1,849
BRDA:60,4,0,493
BRDA:60,4,1,356
BRDA:65,5,0,0
BRDA:65,5,1,1026
BRDA:77,6,0,0
BRDA:77,6,1,0
BRF:12
BRH:7
end_of_record
TN:
SF:D:\SimplrJS\simplr-forms\tools\api-extractor\lib\Extractor.js
FN:18,(anonymous_1)
FN:19,Extractor
FN:28,(anonymous_3)
FN:35,(anonymous_4)
FN:44,(anonymous_5)
FN:70,(anonymous_6)
FN:83,(anonymous_7)
FN:89,(anonymous_8)
FNF:8
FNH:7
FNDA:1,(anonymous_1)
FNDA:9,Extractor
FNDA:0,(anonymous_3)
FNDA:9,(anonymous_4)
FNDA:9,(anonymous_5)
FNDA:41,(anonymous_6)
FNDA:6,(anonymous_7)
FNDA:6,(anonymous_8)
DA:4,1
DA:5,1
DA:6,1
DA:7,1
DA:8,1
DA:9,1
DA:10,1
DA:18,1
DA:19,1
DA:20,9
DA:21,9
DA:22,9
DA:23,9
DA:28,1
DA:29,0
DA:31,1
DA:36,9
DA:44,1
DA:45,9
DA:46,9
DA:50,9
DA:51,0
DA:52,0
DA:54,9
DA:55,9
DA:56,9
DA:57,0
DA:60,9
DA:62,9
DA:63,9
DA:64,9
DA:65,9
DA:70,1
DA:71,41
DA:72,41
DA:83,1
DA:84,6
DA:85,6
DA:86,0
DA:88,6
DA:89,6
DA:90,6
DA:91,6
DA:92,6
DA:96,1
DA:98,1
LF:46
LH:41
BRDA:23,1,0,9
BRDA:23,1,1,0
BRDA:45,2,0,9
BRDA:45,2,1,9
BRDA:56,3,0,0
BRDA:56,3,1,9
BRDA:85,4,0,0
BRDA:85,4,1,6
BRDA:90,5,0,6
BRDA:90,5,1,0
BRF:10
BRH:6
end_of_record
TN:
SF:D:\SimplrJS\simplr-forms\tools\api-extractor\lib\definitions\ApiPackage.js
FN:4,(anonymous_1)
FN:6,(anonymous_2)
FN:7,(anonymous_3)
FN:8,(anonymous_4)
FN:10,__
FN:28,(anonymous_6)
FN:30,ApiPackage
FN:81,(anonymous_8)
FN:115,(anonymous_9)
FN:125,(anonymous_10)
FNF:10
FNH:8
FNDA:1,(anonymous_1)
FNDA:0,(anonymous_2)
FNDA:0,(anonymous_3)
FNDA:1,(anonymous_4)
FNDA:1,__
FNDA:1,(anonymous_6)
FNDA:9,ApiPackage
FNDA:9,(anonymous_8)
FNDA:26,(anonymous_9)
FNDA:9,(anonymous_10)
DA:4,1
DA:5,1
DA:6,0
DA:7,0
DA:8,1
DA:9,1
DA:10,1
DA:11,1
DA:14,1
DA:16,1
DA:17,1
DA:18,1
DA:19,1
DA:20,1
DA:21,1
DA:22,1
DA:23,1
DA:28,1
DA:29,1
DA:30,1
DA:31,9
DA:32,9
DA:33,9
DA:35,9
DA:36,9
DA:37,9
DA:38,9
DA:39,86
DA:40,86
DA:41,86
DA:45,0
DA:46,0
DA:48,86
DA:49,86
DA:50,86
DA:57,86
DA:58,40
DA:60,46
DA:61,2
DA:63,44
DA:64,12
DA:66,32
DA:67,32
DA:70,0
DA:73,86
DA:79,9
DA:81,1
DA:82,9
DA:83,9
DA:84,9
DA:85,9
DA:86,33
DA:87,33
DA:88,5
DA:89,5
DA:90,5
DA:91,5
DA:92,5
DA:97,9
DA:115,1
DA:116,26
DA:117,26
DA:118,176
DA:119,176
DA:120,18
DA:123,8
DA:125,1
DA:127,9
DA:129,1
DA:131,1
LF:70
LH:65
BRDA:4,1,0,1
BRDA:4,1,1,1
BRDA:4,1,2,1
BRDA:5,2,0,1
BRDA:5,2,1,0
BRDA:5,2,2,0
BRDA:5,2,3,0
BRDA:7,3,0,0
BRDA:7,3,1,0
BRDA:11,4,0,0
BRDA:11,4,1,1
BRDA:31,5,0,9
BRDA:31,5,1,0
BRDA:37,6,0,9
BRDA:37,6,1,0
BRDA:41,7,0,0
BRDA:41,7,1,86
BRDA:57,8,0,40
BRDA:57,8,1,46
BRDA:60,9,0,2
BRDA:60,9,1,44
BRDA:63,10,0,12
BRDA:63,10,1,32
BRDA:66,11,0,32
BRDA:66,11,1,0
BRDA:87,12,0,5
BRDA:87,12,1,28
BRDA:91,13,0,5
BRDA:91,13,1,0
BRDA:119,14,0,18
BRDA:119,14,1,158
BRF:31
BRH:20
end_of_record
TN:
SF:D:\SimplrJS\simplr-forms\tools\api-extractor\lib\definitions\ApiStructuredType.js
FN:4,(anonymous_1)
FN:6,(anonymous_2)
FN:7,(anonymous_3)
FN:8,(anonymous_4)
FN:10,__
FN:27,(anonymous_6)
FN:29,ApiStructuredType
FN:94,(anonymous_8)
FN:107,(anonymous_9)
FN:122,(anonymous_10)
FN:131,(anonymous_11)
FN:138,(anonymous_12)
FN:144,(anonymous_13)
FNF:13
FNH:9
FNDA:1,(anonymous_1)
FNDA:0,(anonymous_2)
FNDA:0,(anonymous_3)
FNDA:1,(anonymous_4)
FNDA:1,__
FNDA:1,(anonymous_6)
FNDA:49,ApiStructuredType
FNDA:0,(anonymous_8)
FNDA:40,(anonymous_9)
FNDA:22,(anonymous_10)
FNDA:0,(anonymous_11)
FNDA:2,(anonymous_12)
FNDA:163,(anonymous_13)
DA:4,1
DA:5,1
DA:6,0
DA:7,0
DA:8,1
DA:9,1
DA:10,1
DA:11,1
DA:14,1
DA:16,1
DA:17,1
DA:18,1
DA:19,1
DA:20,1
DA:21,1
DA:22,1
DA:27,1
DA:28,1
DA:29,1
DA:30,49
DA:31,49
DA:32,49
DA:33,49
DA:34,49
DA:35,49
DA:36,8
DA:38,41
DA:39,9
DA:42,32
DA:44,49
DA:45,163
DA:46,163
DA:47,163
DA:48,163
DA:52,0
DA:54,0
DA:60,49
DA:61,125
DA:62,125
DA:63,125
DA:64,2
DA:65,2
DA:70,49
DA:71,2
DA:72,4
DA:73,4
DA:75,4
DA:76,2
DA:78,2
DA:79,2
DA:84,49
DA:85,0
DA:86,0
DA:88,0
DA:89,0
DA:90,0
DA:94,49
DA:95,0
DA:99,0
DA:102,49
DA:107,1
DA:108,40
DA:110,40
DA:111,2
DA:112,4
DA:113,4
DA:122,1
DA:123,22
DA:124,22
DA:125,19
DA:127,19
DA:128,19
DA:129,0
DA:130,0
DA:131,0
DA:133,0
DA:135,19
DA:136,1
DA:137,1
DA:138,2
DA:142,22
DA:144,1
DA:145,163
DA:146,131
DA:147,133
DA:148,133
DA:149,12
DA:153,151
DA:154,4
DA:156,0
DA:160,4
DA:163,147
DA:164,147
DA:170,147
DA:174,74
DA:176,73
DA:178,73
DA:181,0
DA:184,1
DA:186,1
LF:100
LH:83
BRDA:4,1,0,1
BRDA:4,1,1,1
BRDA:4,1,2,1
BRDA:5,2,0,1
BRDA:5,2,1,0
BRDA:5,2,2,0
BRDA:5,2,3,0
BRDA:7,3,0,0
BRDA:7,3,1,0
BRDA:11,4,0,0
BRDA:11,4,1,1
BRDA:30,5,0,49
BRDA:30,5,1,0
BRDA:35,6,0,8
BRDA:35,6,1,41
BRDA:38,7,0,9
BRDA:38,7,1,32
BRDA:47,8,0,163
BRDA:47,8,1,0
BRDA:52,9,0,0
BRDA:52,9,1,0
BRDA:63,10,0,2
BRDA:63,10,1,123
BRDA:63,11,0,125
BRDA:63,11,1,125
BRDA:64,12,0,2
BRDA:64,12,1,0
BRDA:70,13,0,2
BRDA:70,13,1,47
BRDA:73,14,0,4
BRDA:73,14,1,0
BRDA:73,15,0,4
BRDA:73,15,1,4
BRDA:73,15,2,4
BRDA:75,16,0,2
BRDA:75,16,1,2
BRDA:78,17,0,2
BRDA:78,17,1,0
BRDA:84,18,0,0
BRDA:84,18,1,49
BRDA:84,19,0,49
BRDA:84,19,1,0
BRDA:85,20,0,0
BRDA:85,20,1,0
BRDA:95,21,0,0
BRDA:95,21,1,0
BRDA:110,22,0,2
BRDA:110,22,1,38
BRDA:110,23,0,40
BRDA:110,23,1,40
BRDA:124,24,0,19
BRDA:124,24,1,3
BRDA:125,25,0,4
BRDA:125,25,1,15
BRDA:128,26,0,0
BRDA:128,26,1,19
BRDA:135,27,0,1
BRDA:135,27,1,18
BRDA:145,28,0,131
BRDA:145,28,1,32
BRDA:148,29,0,12
BRDA:148,29,1,121
BRDA:153,30,0,4
BRDA:153,30,1,147
BRDA:154,31,0,0
BRDA:154,31,1,4
BRDA:170,32,0,74
BRDA:170,32,1,73
BRDA:176,33,0,73
BRDA:176,33,1,0
BRF:70
BRH:48
end_of_record
TN:
SF:D:\SimplrJS\simplr-forms\tools\api-extractor\lib\definitions\ApiMethod.js
FN:4,(anonymous_1)
FN:6,(anonymous_2)
FN:7,(anonymous_3)
FN:8,(anonymous_4)
FN:10,__
FN:28,(anonymous_6)
FN:30,ApiMethod
FN:68,(anonymous_8)
FN:74,(anonymous_9)
FNF:9
FNH:7
FNDA:1,(anonymous_1)
FNDA:0,(anonymous_2)
FNDA:0,(anonymous_3)
FNDA:1,(anonymous_4)
FNDA:1,__
FNDA:1,(anonymous_6)
FNDA:74,ApiMethod
FNDA:136,(anonymous_8)
FNDA:62,(anonymous_9)
DA:4,1
DA:5,1
DA:6,0
DA:7,0
DA:8,1
DA:9,1
DA:10,1
DA:11,1
DA:14,1
DA:15,1
DA:16,1
DA:17,1
DA:18,1
DA:19,1
DA:20,1
DA:28,1
DA:29,1
DA:30,1
DA:31,74
DA:32,74
DA:33,74
DA:35,74
DA:36,74
DA:37,74
DA:38,49
DA:39,49
DA:40,49
DA:46,49
DA:47,49
DA:51,74
DA:53,74
DA:54,66
DA:55,62
DA:58,4
DA:59,4
DA:62,74
DA:64,1
DA:69,136
DA:74,1
DA:75,62
DA:79,62
DA:80,4
DA:81,4
DA:85,4
DA:87,4
DA:95,4
DA:100,4
DA:103,1
DA:105,1
LF:49
LH:47
BRDA:4,1,0,1
BRDA:4,1,1,1
BRDA:4,1,2,1
BRDA:5,2,0,1
BRDA:5,2,1,0
BRDA:5,2,2,0
BRDA:5,2,3,0
BRDA:7,3,0,0
BRDA:7,3,1,0
BRDA:11,4,0,0
BRDA:11,4,1,1
BRDA:31,5,0,74
BRDA:31,5,1,0
BRDA:35,6,0,74
BRDA:35,6,1,0
BRDA:53,7,0,66
BRDA:53,7,1,8
BRDA:54,8,0,62
BRDA:54,8,1,4
BRDA:79,9,0,4
BRDA:79,9,1,58
BRDA:80,10,0,4
BRDA:80,10,1,0
BRF:23
BRH:14
end_of_record
TN:
SF:D:\SimplrJS\simplr-forms\tools\api-extractor\lib\definitions\ApiMember.js
FN:4,(anonymous_1)
FN:6,(anonymous_2)
FN:7,(anonymous_3)
FN:8,(anonymous_4)
FN:10,__
FN:21,(anonymous_6)
FN:37,(anonymous_7)
FN:39,ApiMember
FN:79,(anonymous_9)
FN:89,(anonymous_10)
FNF:10
FNH:8
FNDA:1,(anonymous_1)
FNDA:0,(anonymous_2)
FNDA:0,(anonymous_3)
FNDA:1,(anonymous_4)
FNDA:1,__
FNDA:1,(anonymous_6)
FNDA:1,(anonymous_7)
FNDA:153,ApiMember
FNDA:117,(anonymous_9)
FNDA:64,(anonymous_10)
DA:4,1
DA:5,1
DA:6,0
DA:7,0
DA:8,1
DA:9,1
DA:10,1
DA:11,1
DA:14,1
DA:15,1
DA:16,1
DA:17,1
DA:18,1
DA:19,1
DA:20,1
DA:21,1
DA:22,1
DA:23,1
DA:24,1
DA:37,1
DA:38,1
DA:39,1
DA:40,153
DA:41,153
DA:42,153
DA:43,153
DA:45,153
DA:46,115
DA:47,117
DA:48,117
DA:49,115
DA:51,2
DA:52,0
DA:54,2
DA:55,0
DA:57,2
DA:58,2
DA:62,153
DA:63,9
DA:64,9
DA:65,9
DA:71,9
DA:72,9
DA:74,153
DA:79,1
DA:80,117
DA:81,117
DA:82,113
DA:89,1
DA:90,64
DA:91,24
DA:92,24
DA:93,24
DA:94,24
DA:95,24
DA:96,24
DA:97,24
DA:98,24
DA:99,24
DA:102,40
DA:105,1
DA:107,1
LF:62
LH:58
BRDA:4,1,0,1
BRDA:4,1,1,1
BRDA:4,1,2,1
BRDA:5,2,0,1
BRDA:5,2,1,0
BRDA:5,2,2,0
BRDA:5,2,3,0
BRDA:7,3,0,0
BRDA:7,3,1,0
BRDA:11,4,0,0
BRDA:11,4,1,1
BRDA:25,5,0,1
BRDA:25,5,1,1
BRDA:40,6,0,153
BRDA:40,6,1,153
BRDA:45,7,0,115
BRDA:45,7,1,38
BRDA:48,8,0,115
BRDA:48,8,1,2
BRDA:51,9,0,0
BRDA:51,9,1,2
BRDA:54,10,0,0
BRDA:54,10,1,2
BRDA:57,11,0,2
BRDA:57,11,1,0
BRDA:62,12,0,9
BRDA:62,12,1,144
BRDA:62,13,0,153
BRDA:62,13,1,131
BRDA:81,14,0,113
BRDA:81,14,1,4
BRDA:90,15,0,24
BRDA:90,15,1,40
BRDA:90,16,0,64
BRDA:90,16,1,60
BRDA:91,17,0,16
BRDA:91,17,1,8
BRDA:92,18,0,16
BRDA:92,18,1,8
BRDA:93,19,0,0
BRDA:93,19,1,24
BRDA:94,20,0,1
BRDA:94,20,1,23
BRDA:94,21,0,24
BRDA:94,21,1,22
BRDA:96,22,0,0
BRDA:96,22,1,24
BRDA:98,23,0,20
BRDA:98,23,1,4
BRDA:98,24,0,24
BRDA:98,24,1,20
BRDA:98,24,2,20
BRF:52
BRH:41
end_of_record
TN:
SF:D:\SimplrJS\simplr-forms\tools\api-extractor\lib\definitions\ApiParameter.js
FN:4,(anonymous_1)
FN:6,(anonymous_2)
FN:7,(anonymous_3)
FN:8,(anonymous_4)
FN:10,__
FN:19,(anonymous_6)
FN:21,ApiParameter
FNF:7
FNH:5
FNDA:1,(anonymous_1)
FNDA:0,(anonymous_2)
FNDA:0,(anonymous_3)
FNDA:1,(anonymous_4)
FNDA:1,__
FNDA:1,(anonymous_6)
FNDA:67,ApiParameter
DA:4,1
DA:5,1
DA:6,0
DA:7,0
DA:8,1
DA:9,1
DA:10,1
DA:11,1
DA:14,1
DA:15,1
DA:19,1
DA:20,1
DA:21,1
DA:22,67
DA:23,67
DA:24,67
DA:25,67
DA:26,67
DA:27,51
DA:30,16
DA:31,16
DA:33,67
DA:34,67
DA:36,1
DA:38,1
LF:25
LH:23
BRDA:4,1,0,1
BRDA:4,1,1,1
BRDA:4,1,2,1
BRDA:5,2,0,1
BRDA:5,2,1,0
BRDA:5,2,2,0
BRDA:5,2,3,0
BRDA:7,3,0,0
BRDA:7,3,1,0
BRDA:11,4,0,0
BRDA:11,4,1,1
BRDA:22,5,0,67
BRDA:22,5,1,67
BRDA:25,6,0,67
BRDA:25,6,1,67
BRDA:26,7,0,51
BRDA:26,7,1,16
BRF:17
BRH:11
end_of_record
TN:
SF:D:\SimplrJS\simplr-forms\tools\api-extractor\lib\definitions\ApiProperty.js
FN:4,(anonymous_1)
FN:6,(anonymous_2)
FN:7,(anonymous_3)
FN:8,(anonymous_4)
FN:10,__
FN:21,(anonymous_6)
FN:23,ApiProperty
FN:39,(anonymous_8)
FNF:8
FNH:6
FNDA:1,(anonymous_1)
FNDA:0,(anonymous_2)
FNDA:0,(anonymous_3)
FNDA:1,(anonymous_4)
FNDA:1,__
FNDA:1,(anonymous_6)
FNDA:73,ApiProperty
FNDA:22,(anonymous_8)
DA:4,1
DA:5,1
DA:6,0
DA:7,0
DA:8,1
DA:9,1
DA:10,1
DA:11,1
DA:14,1
DA:15,1
DA:16,1
DA:21,1
DA:22,1
DA:23,1
DA:24,73
DA:25,73
DA:26,73
DA:27,0
DA:29,73
DA:30,73
DA:31,63
DA:34,10
DA:35,10
DA:37,73
DA:39,1
DA:40,22
DA:45,1
DA:47,1
LF:28
LH:25
BRDA:4,1,0,1
BRDA:4,1,1,1
BRDA:4,1,2,1
BRDA:5,2,0,1
BRDA:5,2,1,0
BRDA:5,2,2,0
BRDA:5,2,3,0
BRDA:7,3,0,0
BRDA:7,3,1,0
BRDA:11,4,0,0
BRDA:11,4,1,1
BRDA:24,5,0,73
BRDA:24,5,1,0
BRDA:26,6,0,0
BRDA:26,6,1,73
BRDA:30,7,0,63
BRDA:30,7,1,10
BRF:17
BRH:9
end_of_record
TN:
SF:D:\SimplrJS\simplr-forms\tools\api-extractor\lib\definitions\ApiItemContainer.js
FN:4,(anonymous_1)
FN:6,(anonymous_2)
FN:7,(anonymous_3)
FN:8,(anonymous_4)
FN:10,__
FN:20,(anonymous_6)
FN:22,ApiItemContainer
FN:32,(anonymous_8)
FN:38,(anonymous_9)
FN:40,(anonymous_10)
FN:44,(anonymous_11)
FN:49,(anonymous_12)
FN:62,(anonymous_13)
FN:64,(anonymous_14)
FNF:14
FNH:12
FNDA:1,(anonymous_1)
FNDA:0,(anonymous_2)
FNDA:0,(anonymous_3)
FNDA:1,(anonymous_4)
FNDA:1,__
FNDA:1,(anonymous_6)
FNDA:92,ApiItemContainer
FNDA:14,(anonymous_8)
FNDA:125,(anonymous_9)
FNDA:320,(anonymous_10)
FNDA:549,(anonymous_11)
FNDA:243,(anonymous_12)
FNDA:83,(anonymous_13)
FNDA:199,(anonymous_14)
DA:4,1
DA:5,1
DA:6,0
DA:7,0
DA:8,1
DA:9,1
DA:10,1
DA:11,1
DA:14,1
DA:15,1
DA:20,1
DA:21,1
DA:22,1
DA:23,92
DA:24,92
DA:25,92
DA:32,1
DA:33,14
DA:38,1
DA:39,125
DA:40,125
DA:41,320
DA:43,125
DA:44,549
DA:49,1
DA:50,243
DA:51,30
DA:54,213
DA:55,213
DA:56,213
DA:62,1
DA:63,83
DA:64,83
DA:65,199
DA:68,1
DA:70,1
LF:36
LH:34
BRDA:4,1,0,1
BRDA:4,1,1,1
BRDA:4,1,2,1
BRDA:5,2,0,1
BRDA:5,2,1,0
BRDA:5,2,2,0
BRDA:5,2,3,0
BRDA:7,3,0,0
BRDA:7,3,1,0
BRDA:11,4,0,0
BRDA:11,4,1,1
BRDA:23,5,0,92
BRDA:23,5,1,92
BRDA:50,6,0,30
BRDA:50,6,1,213
BRF:15
BRH:9
end_of_record
TN:
SF:D:\SimplrJS\simplr-forms\tools\api-extractor\lib\definitions\ApiEnum.js
FN:4,(anonymous_1)
FN:6,(anonymous_2)
FN:7,(anonymous_3)
FN:8,(anonymous_4)
FN:10,__
FN:23,(anonymous_6)
FN:25,ApiEnum
FNF:7
FNH:5
FNDA:1,(anonymous_1)
FNDA:0,(anonymous_2)
FNDA:0,(anonymous_3)
FNDA:1,(anonymous_4)
FNDA:1,__
FNDA:1,(anonymous_6)
FNDA:32,ApiEnum
DA:4,1
DA:5,1
DA:6,0
DA:7,0
DA:8,1
DA:9,1
DA:10,1
DA:11,1
DA:14,1
DA:15,1
DA:16,1
DA:17,1
DA:18,1
DA:23,1
DA:24,1
DA:25,1
DA:26,32
DA:27,32
DA:28,32
DA:29,4
DA:30,4
DA:31,4
DA:37,4
DA:39,32
DA:41,1
DA:43,1
LF:26
LH:24
BRDA:4,1,0,1
BRDA:4,1,1,1
BRDA:4,1,2,1
BRDA:5,2,0,1
BRDA:5,2,1,0
BRDA:5,2,2,0
BRDA:5,2,3,0
BRDA:7,3,0,0
BRDA:7,3,1,0
BRDA:11,4,0,0
BRDA:11,4,1,1
BRDA:26,5,0,32
BRDA:26,5,1,0
BRF:13
BRH:6
end_of_record
TN:
SF:D:\SimplrJS\simplr-forms\tools\api-extractor\lib\definitions\ApiEnumValue.js
FN:4,(anonymous_1)
FN:6,(anonymous_2)
FN:7,(anonymous_3)
FN:8,(anonymous_4)
FN:10,__
FN:21,(anonymous_6)
FN:23,ApiEnumValue
FN:31,(anonymous_8)
FNF:8
FNH:6
FNDA:1,(anonymous_1)
FNDA:0,(anonymous_2)
FNDA:0,(anonymous_3)
FNDA:1,(anonymous_4)
FNDA:1,__
FNDA:1,(anonymous_6)
FNDA:4,ApiEnumValue
FNDA:4,(anonymous_8)
DA:4,1
DA:5,1
DA:6,0
DA:7,0
DA:8,1
DA:9,1
DA:10,1
DA:11,1
DA:14,1
DA:15,1
DA:16,1
DA:21,1
DA:22,1
DA:23,1
DA:24,4
DA:25,4
DA:26,4
DA:31,1
DA:32,4
DA:34,1
DA:36,1
LF:21
LH:19
BRDA:4,1,0,1
BRDA:4,1,1,1
BRDA:4,1,2,1
BRDA:5,2,0,1
BRDA:5,2,1,0
BRDA:5,2,2,0
BRDA:5,2,3,0
BRDA:7,3,0,0
BRDA:7,3,1,0
BRDA:11,4,0,0
BRDA:11,4,1,1
BRDA:24,5,0,4
BRDA:24,5,1,4
BRF:13
BRH:7
end_of_record
TN:
SF:D:\SimplrJS\simplr-forms\tools\api-extractor\lib\definitions\ApiFunction.js
FN:4,(anonymous_1)
FN:6,(anonymous_2)
FN:7,(anonymous_3)
FN:8,(anonymous_4)
FN:10,__
FN:25,(anonymous_6)
FN:27,ApiFunction
FN:61,(anonymous_8)
FNF:8
FNH:6
FNDA:1,(anonymous_1)
FNDA:0,(anonymous_2)
FNDA:0,(anonymous_3)
FNDA:1,(anonymous_4)
FNDA:1,__
FNDA:1,(anonymous_6)
FNDA:12,ApiFunction
FNDA:3,(anonymous_8)
DA:4,1
DA:5,1
DA:6,0
DA:7,0
DA:8,1
DA:9,1
DA:10,1
DA:11,1
DA:14,1
DA:15,1
DA:16,1
DA:17,1
DA:18,1
DA:25,1
DA:26,1
DA:27,1
DA:28,12
DA:29,12
DA:30,12
DA:32,12
DA:33,12
DA:34,12
DA:35,18
DA:36,18
DA:37,18
DA:43,18
DA:44,18
DA:48,12
DA:49,8
DA:52,4
DA:53,4
DA:55,12
DA:61,1
DA:62,3
DA:64,1
DA:66,1
LF:36
LH:34
BRDA:4,1,0,1
BRDA:4,1,1,1
BRDA:4,1,2,1
BRDA:5,2,0,1
BRDA:5,2,1,0
BRDA:5,2,2,0
BRDA:5,2,3,0
BRDA:7,3,0,0
BRDA:7,3,1,0
BRDA:11,4,0,0
BRDA:11,4,1,1
BRDA:28,5,0,12
BRDA:28,5,1,12
BRDA:32,6,0,12
BRDA:32,6,1,0
BRDA:48,7,0,8
BRDA:48,7,1,4
BRF:17
BRH:10
end_of_record
TN:
SF:D:\SimplrJS\simplr-forms\tools\api-extractor\lib\definitions\ApiNamespace.js
FN:4,(anonymous_1)
FN:6,(anonymous_2)
FN:7,(anonymous_3)
FN:8,(anonymous_4)
FN:10,__
FN:34,(anonymous_6)
FN:36,ApiNamespace
FNF:7
FNH:5
FNDA:1,(anonymous_1)
FNDA:0,(anonymous_2)
FNDA:0,(anonymous_3)
FNDA:1,(anonymous_4)
FNDA:1,__
FNDA:1,(anonymous_6)
FNDA:2,ApiNamespace
DA:4,1
DA:5,1
DA:6,0
DA:7,0
DA:8,1
DA:9,1
DA:10,1
DA:11,1
DA:14,1
DA:16,1
DA:17,1
DA:18,1
DA:19,1
DA:20,1
DA:34,1
DA:35,1
DA:36,1
DA:37,2
DA:38,2
DA:39,2
DA:40,2
DA:41,2
DA:42,2
DA:43,2
DA:44,18
DA:45,18
DA:46,18
DA:50,0
DA:51,0
DA:53,18
DA:54,6
DA:56,6
DA:62,12
DA:63,12
DA:64,2
DA:66,2
DA:68,10
DA:69,10
DA:70,4
DA:72,4
DA:74,6
DA:75,0
DA:76,0
DA:83,6
DA:84,6
DA:86,0
DA:90,6
DA:92,6
DA:99,6
DA:100,6
DA:106,2
DA:108,1
DA:110,1
LF:53
LH:46
BRDA:4,1,0,1
BRDA:4,1,1,1
BRDA:4,1,2,1
BRDA:5,2,0,1
BRDA:5,2,1,0
BRDA:5,2,2,0
BRDA:5,2,3,0
BRDA:7,3,0,0
BRDA:7,3,1,0
BRDA:11,4,0,0
BRDA:11,4,1,1
BRDA:37,5,0,2
BRDA:37,5,1,0
BRDA:42,6,0,2
BRDA:42,6,1,0
BRDA:46,7,0,0
BRDA:46,7,1,18
BRDA:53,8,0,6
BRDA:53,8,1,12
BRDA:63,9,0,2
BRDA:63,9,1,10
BRDA:69,10,0,4
BRDA:69,10,1,6
BRDA:69,11,0,10
BRDA:69,11,1,8
BRDA:74,12,0,0
BRDA:74,12,1,6
BRDA:84,13,0,0
BRDA:84,13,1,6
BRDA:84,14,0,6
BRDA:84,14,1,6
BRDA:84,14,2,6
BRF:32
BRH:21
end_of_record
TN:
SF:D:\SimplrJS\simplr-forms\tools\api-extractor\lib\definitions\ApiModuleVariable.js
FN:4,(anonymous_1)
FN:6,(anonymous_2)
FN:7,(anonymous_3)
FN:8,(anonymous_4)
FN:10,__
FN:23,(anonymous_6)
FN:25,ApiModuleVariable
FNF:7
FNH:5
FNDA:1,(anonymous_1)
FNDA:0,(anonymous_2)
FNDA:0,(anonymous_3)
FNDA:1,(anonymous_4)
FNDA:1,__
FNDA:1,(anonymous_6)
FNDA:6,ApiModuleVariable
DA:4,1
DA:5,1
DA:6,0
DA:7,0
DA:8,1
DA:9,1
DA:10,1
DA:11,1
DA:14,1
DA:15,1
DA:16,1
DA:23,1
DA:24,1
DA:25,1
DA:26,6
DA:27,6
DA:28,6
DA:29,6
DA:30,6
DA:31,6
DA:32,6
DA:34,1
DA:36,1
LF:23
LH:21
BRDA:4,1,0,1
BRDA:4,1,1,1
BRDA:4,1,2,1
BRDA:5,2,0,1
BRDA:5,2,1,0
BRDA:5,2,2,0
BRDA:5,2,3,0
BRDA:7,3,0,0
BRDA:7,3,1,0
BRDA:11,4,0,0
BRDA:11,4,1,1
BRDA:26,5,0,6
BRDA:26,5,1,0
BRF:13
BRH:6
end_of_record
TN:
SF:D:\SimplrJS\simplr-forms\tools\api-extractor\lib\DocItemLoader.js
FN:20,(anonymous_1)
FN:25,DocItemLoader
FN:35,(anonymous_3)
FN:53,(anonymous_4)
FN:86,(anonymous_5)
FN:142,(anonymous_6)
FN:167,(anonymous_7)
FN:171,(anonymous_8)
FNF:8
FNH:7
FNDA:1,(anonymous_1)
FNDA:9,DocItemLoader
FNDA:37,(anonymous_3)
FNDA:10,(anonymous_4)
FNDA:33,(anonymous_5)
FNDA:33,(anonymous_6)
FNDA:12,(anonymous_7)
FNDA:0,(anonymous_8)
DA:4,1
DA:5,1
DA:6,1
DA:7,1
DA:8,1
DA:9,1
DA:10,1
DA:20,1
DA:25,1
DA:26,9
DA:27,0
DA:29,9
DA:30,9
DA:35,1
DA:38,37
DA:40,10
DA:44,27
DA:53,1
DA:54,10
DA:56,10
DA:57,0
DA:58,0
DA:61,10
DA:62,4
DA:63,4
DA:65,4
DA:70,0
DA:73,10
DA:76,1
DA:77,1
DA:79,9
DA:86,1
DA:88,33
DA:89,33
DA:91,3
DA:93,3
DA:97,30
DA:98,4
DA:99,4
DA:101,26
DA:103,26
DA:104,0
DA:105,0
DA:108,0
DA:110,0
DA:113,0
DA:115,0
DA:118,0
DA:120,0
DA:123,0
DA:125,0
DA:126,0
DA:130,0
DA:131,0
DA:134,26
DA:142,1
DA:143,33
DA:145,33
DA:146,24
DA:149,9
DA:152,33
DA:153,24
DA:156,9
DA:157,9
DA:159,3
DA:161,6
DA:167,1
DA:168,12
DA:170,12
DA:171,12
DA:172,0
DA:174,0
DA:175,0
DA:177,12
DA:178,12
DA:180,1
DA:182,1
LF:77
LH:57
BRDA:26,1,0,0
BRDA:26,1,1,9
BRDA:38,2,0,10
BRDA:38,2,1,27
BRDA:38,3,0,37
BRDA:38,3,1,28
BRDA:56,4,0,0
BRDA:56,4,1,10
BRDA:61,5,0,4
BRDA:61,5,1,6
BRDA:62,6,0,4
BRDA:62,6,1,0
BRDA:73,7,0,1
BRDA:73,7,1,9
BRDA:89,8,0,3
BRDA:89,8,1,30
BRDA:97,9,0,4
BRDA:97,9,1,26
BRDA:103,10,0,0
BRDA:103,10,1,26
BRDA:105,11,0,0
BRDA:105,11,1,0
BRDA:105,11,2,0
BRDA:105,11,3,0
BRDA:108,12,0,0
BRDA:108,12,1,0
BRDA:113,13,0,0
BRDA:113,13,1,0
BRDA:118,14,0,0
BRDA:118,14,1,0
BRDA:125,15,0,0
BRDA:125,15,1,0
BRDA:145,16,0,24
BRDA:145,16,1,9
BRDA:152,17,0,24
BRDA:152,17,1,9
BRDA:157,18,0,3
BRDA:157,18,1,6
BRF:38
BRH:22
end_of_record
TN:
SF:D:\SimplrJS\simplr-forms\tools\api-extractor\lib\ResolvedApiItem.js
FN:11,(anonymous_1)
FN:12,ResolvedApiItem
FN:27,(anonymous_3)
FN:34,(anonymous_4)
FNF:4
FNH:4
FNDA:1,(anonymous_1)
FNDA:35,ResolvedApiItem
FNDA:9,(anonymous_3)
FNDA:26,(anonymous_4)
DA:4,1
DA:5,1
DA:6,1
DA:11,1
DA:12,1
DA:13,35
DA:14,35
DA:15,35
DA:16,35
DA:17,35
DA:18,35
DA:19,35
DA:20,35
DA:21,35
DA:27,1
DA:28,9
DA:34,1
DA:35,26
DA:36,26
DA:37,26
DA:39,2
DA:40,2
DA:41,2
DA:43,0
DA:44,0
DA:45,0
DA:47,24
DA:49,26
DA:51,1
DA:53,1
LF:30
LH:27
BRDA:37,1,0,2
BRDA:37,1,1,0
BRDA:37,1,2,24
BRF:3
BRH:2
end_of_record
TN:
SF:D:\SimplrJS\simplr-forms\tools\api-extractor\lib\generators\ApiJsonFile.js
FN:10,(anonymous_1)
FN:11,ApiJsonFile
FN:20,(anonymous_3)
FN:51,(anonymous_4)
FNF:4
FNH:3
FNDA:1,(anonymous_1)
FNDA:0,ApiJsonFile
FNDA:26,(anonymous_3)
FNDA:76,(anonymous_4)
DA:4,1
DA:5,1
DA:10,1
DA:11,1
DA:20,1
DA:21,26
DA:23,0
DA:25,5
DA:27,16
DA:29,0
DA:31,3
DA:33,2
DA:35,0
DA:37,0
DA:39,0
DA:41,0
DA:43,0
DA:45,0
DA:51,1
DA:52,76
DA:54,1
DA:56,12
DA:58,13
DA:60,4
DA:62,4
DA:64,3
DA:66,4
DA:68,17
DA:70,14
DA:72,1
DA:74,3
DA:76,0
DA:79,1
DA:80,1
DA:81,1
DA:82,1
DA:83,1
DA:84,1
DA:85,1
DA:86,1
DA:87,1
DA:88,1
DA:89,1
DA:90,1
DA:92,1
LF:45
LH:36
BRDA:21,1,0,0
BRDA:21,1,1,5
BRDA:21,1,2,16
BRDA:21,1,3,0
BRDA:21,1,4,3
BRDA:21,1,5,2
BRDA:21,1,6,0
BRDA:21,1,7,0
BRDA:21,1,8,0
BRDA:21,1,9,0
BRDA:21,1,10,0
BRDA:21,1,11,0
BRDA:52,2,0,1
BRDA:52,2,1,12
BRDA:52,2,2,13
BRDA:52,2,3,4
BRDA:52,2,4,4
BRDA:52,2,5,3
BRDA:52,2,6,4
BRDA:52,2,7,17
BRDA:52,2,8,14
BRDA:52,2,9,1
BRDA:52,2,10,3
BRDA:52,2,11,0
BRF:24
BRH:15
end_of_record
TN:
SF:D:\SimplrJS\simplr-forms\tools\api-extractor\lib\PackageJsonLookup.js
FN:13,(anonymous_1)
FN:14,PackageJsonLookup
FN:26,(anonymous_3)
FN:53,(anonymous_4)
FNF:4
FNH:4
FNDA:1,(anonymous_1)
FNDA:11,PackageJsonLookup
FNDA:64,(anonymous_3)
FNDA:42,(anonymous_4)
DA:4,1
DA:6,1
DA:7,1
DA:8,1
DA:13,1
DA:14,1
DA:15,11
DA:16,11
DA:26,1
DA:29,64
DA:30,20
DA:32,44
DA:33,44
DA:34,44
DA:35,0
DA:37,44
DA:38,22
DA:41,22
DA:43,44
DA:44,44
DA:53,1
DA:54,42
DA:55,42
DA:56,28
DA:58,14
DA:59,14
DA:60,14
DA:61,14
DA:63,1
DA:65,1
LF:30
LH:29
BRDA:29,1,0,20
BRDA:29,1,1,44
BRDA:34,2,0,0
BRDA:34,2,1,44
BRDA:34,3,0,44
BRDA:34,3,1,44
BRDA:37,4,0,22
BRDA:37,4,1,22
BRDA:55,5,0,28
BRDA:55,5,1,14
BRF:10
BRH:9
end_of_record
TN:
SF:D:\SimplrJS\simplr-forms\tools\api-extractor\lib\generators\ApiJsonGenerator.js
FN:4,(anonymous_1)
FN:6,(anonymous_2)
FN:7,(anonymous_3)
FN:8,(anonymous_4)
FN:10,__
FN:35,(anonymous_6)
FN:37,ApiJsonGenerator
FN:43,(anonymous_8)
FN:54,(anonymous_9)
FN:60,(anonymous_10)
FN:68,(anonymous_11)
FN:97,(anonymous_12)
FN:116,(anonymous_13)
FN:133,(anonymous_14)
FN:156,(anonymous_15)
FN:169,(anonymous_16)
FN:188,(anonymous_17)
FN:194,(anonymous_18)
FN:214,(anonymous_19)
FN:226,(anonymous_20)
FN:266,(anonymous_21)
FNF:21
FNH:17
FNDA:1,(anonymous_1)
FNDA:0,(anonymous_2)
FNDA:0,(anonymous_3)
FNDA:1,(anonymous_4)
FNDA:1,__
FNDA:1,(anonymous_6)
FNDA:4,ApiJsonGenerator
FNDA:88,(anonymous_8)
FNDA:4,(anonymous_9)
FNDA:0,(anonymous_10)
FNDA:16,(anonymous_11)
FNDA:13,(anonymous_12)
FNDA:4,(anonymous_13)
FNDA:3,(anonymous_14)
FNDA:4,(anonymous_15)
FNDA:1,(anonymous_16)
FNDA:0,(anonymous_17)
FNDA:18,(anonymous_18)
FNDA:3,(anonymous_19)
FNDA:15,(anonymous_20)
FNDA:9,(anonymous_21)
DA:4,1
DA:5,1
DA:6,0
DA:7,0
DA:8,1
DA:9,1
DA:10,1
DA:11,1
DA:14,1
DA:15,1
DA:16,1
DA:17,1
DA:18,1
DA:19,1
DA:20,1
DA:21,1
DA:22,1
DA:23,1
DA:35,1
DA:36,1
DA:37,1
DA:38,4
DA:39,4
DA:40,4
DA:43,1
DA:44,88
DA:48,77
DA:50,11
DA:52,77
DA:54,1
DA:55,4
DA:57,4
DA:59,4
DA:60,4
DA:61,0
DA:64,0
DA:65,0
DA:68,1
DA:69,16
DA:70,0
DA:72,16
DA:75,16
DA:85,16
DA:86,16
DA:87,16
DA:88,16
DA:89,12
DA:90,12
DA:91,12
DA:92,40
DA:93,40
DA:97,1
DA:98,13
DA:99,0
DA:101,13
DA:102,13
DA:110,13
DA:111,13
DA:112,4
DA:113,4
DA:116,1
DA:117,4
DA:118,0
DA:120,4
DA:121,4
DA:122,4
DA:123,4
DA:124,4
DA:133,1
DA:134,3
DA:135,0
DA:137,3
DA:138,1
DA:139,1
DA:141,3
DA:145,3
DA:154,3
DA:156,1
DA:158,4
DA:159,4
DA:160,4
DA:162,4
DA:163,4
DA:164,4
DA:165,37
DA:166,37
DA:169,1
DA:170,1
DA:171,0
DA:173,1
DA:174,1
DA:175,3
DA:176,3
DA:178,1
DA:186,1
DA:188,1
DA:189,0
DA:190,0
DA:192,0
DA:194,1
DA:195,18
DA:196,1
DA:198,17
DA:199,0
DA:201,17
DA:212,17
DA:214,1
DA:215,3
DA:224,3
DA:226,1
DA:227,15
DA:228,0
DA:230,15
DA:231,8
DA:232,8
DA:234,15
DA:235,15
DA:236,1
DA:246,14
DA:250,14
DA:264,15
DA:266,1
DA:267,9
DA:268,0
DA:270,9
DA:271,4
DA:272,4
DA:273,4
DA:276,1
DA:277,1
DA:278,1
DA:279,1
DA:281,1
LF:133
LH:117
BRDA:4,1,0,1
BRDA:4,1,1,1
BRDA:4,1,2,1
BRDA:5,2,0,1
BRDA:5,2,1,0
BRDA:5,2,2,0
BRDA:5,2,3,0
BRDA:7,3,0,0
BRDA:7,3,1,0
BRDA:11,4,0,0
BRDA:11,4,1,1
BRDA:38,5,0,4
BRDA:38,5,1,4
BRDA:38,5,2,4
BRDA:44,6,0,42
BRDA:44,6,1,45
BRDA:44,6,2,77
BRDA:44,6,3,11
BRDA:69,7,0,0
BRDA:69,7,1,16
BRDA:72,8,0,12
BRDA:72,8,1,4
BRDA:73,9,0,4
BRDA:73,9,1,0
BRDA:77,10,0,16
BRDA:77,10,1,15
BRDA:78,11,0,16
BRDA:78,11,1,15
BRDA:79,12,0,16
BRDA:79,12,1,16
BRDA:80,13,0,16
BRDA:80,13,1,0
BRDA:81,14,0,16
BRDA:81,14,1,0
BRDA:82,15,0,16
BRDA:82,15,1,0
BRDA:88,16,0,12
BRDA:88,16,1,4
BRDA:88,17,0,16
BRDA:88,17,1,16
BRDA:98,18,0,0
BRDA:98,18,1,13
BRDA:105,19,0,13
BRDA:105,19,1,0
BRDA:106,20,0,13
BRDA:106,20,1,0
BRDA:107,21,0,13
BRDA:107,21,1,0
BRDA:117,22,0,0
BRDA:117,22,1,4
BRDA:121,23,0,4
BRDA:121,23,1,0
BRDA:122,24,0,4
BRDA:122,24,1,0
BRDA:123,25,0,4
BRDA:123,25,1,0
BRDA:123,26,0,4
BRDA:123,26,1,4
BRDA:127,27,0,4
BRDA:127,27,1,0
BRDA:128,28,0,4
BRDA:128,28,1,0
BRDA:129,29,0,4
BRDA:129,29,1,0
BRDA:134,30,0,0
BRDA:134,30,1,3
BRDA:149,31,0,3
BRDA:149,31,1,0
BRDA:150,32,0,3
BRDA:150,32,1,0
BRDA:151,33,0,3
BRDA:151,33,1,0
BRDA:170,34,0,0
BRDA:170,34,1,1
BRDA:180,35,0,1
BRDA:180,35,1,0
BRDA:181,36,0,1
BRDA:181,36,1,0
BRDA:182,37,0,1
BRDA:182,37,1,0
BRDA:189,38,0,0
BRDA:189,38,1,0
BRDA:195,39,0,1
BRDA:195,39,1,17
BRDA:198,40,0,0
BRDA:198,40,1,17
BRDA:207,41,0,17
BRDA:207,41,1,0
BRDA:208,42,0,17
BRDA:208,42,1,0
BRDA:209,43,0,17
BRDA:209,43,1,0
BRDA:219,44,0,3
BRDA:219,44,1,0
BRDA:220,45,0,3
BRDA:220,45,1,0
BRDA:221,46,0,3
BRDA:221,46,1,0
BRDA:227,47,0,0
BRDA:227,47,1,15
BRDA:235,48,0,1
BRDA:235,48,1,14
BRDA:240,49,0,1
BRDA:240,49,1,0
BRDA:241,50,0,1
BRDA:241,50,1,0
BRDA:242,51,0,1
BRDA:242,51,1,0
BRDA:253,52,0,14
BRDA:253,52,1,0
BRDA:258,53,0,14
BRDA:258,53,1,0
BRDA:259,54,0,14
BRDA:259,54,1,0
BRDA:260,55,0,14
BRDA:260,55,1,0
BRDA:267,56,0,0
BRDA:267,56,1,9
BRDA:270,57,0,4
BRDA:270,57,1,5
BRF:120
BRH:72
end_of_record
TN:
SF:D:\SimplrJS\simplr-forms\tools\api-extractor\lib\ApiItemVisitor.js
FN:18,(anonymous_1)
FN:19,ApiItemVisitor
FN:21,(anonymous_3)
FN:53,(anonymous_4)
FN:57,(anonymous_5)
FNF:5
FNH:5
FNDA:1,(anonymous_1)
FNDA:8,ApiItemVisitor
FNDA:177,(anonymous_3)
FNDA:27,(anonymous_4)
FNDA:22,(anonymous_5)
DA:4,1
DA:5,1
DA:6,1
DA:7,1
DA:8,1
DA:9,1
DA:10,1
DA:11,1
DA:12,1
DA:13,1
DA:18,1
DA:19,1
DA:21,1
DA:22,177
DA:23,38
DA:25,139
DA:26,27
DA:28,112
DA:29,8
DA:31,104
DA:32,6
DA:34,98
DA:35,8
DA:37,90
DA:38,40
DA:40,50
DA:41,42
DA:43,8
DA:44,2
DA:46,6
DA:47,6
DA:50,0
DA:53,1
DA:54,27
DA:57,1
DA:58,22
DA:61,1
DA:63,1
LF:38
LH:37
BRDA:22,1,0,38
BRDA:22,1,1,139
BRDA:25,2,0,27
BRDA:25,2,1,112
BRDA:28,3,0,8
BRDA:28,3,1,104
BRDA:31,4,0,6
BRDA:31,4,1,98
BRDA:34,5,0,8
BRDA:34,5,1,90
BRDA:37,6,0,40
BRDA:37,6,1,50
BRDA:40,7,0,42
BRDA:40,7,1,8
BRDA:43,8,0,2
BRDA:43,8,1,6
BRDA:46,9,0,6
BRDA:46,9,1,0
BRF:18
BRH:17
end_of_record
TN:
SF:D:\SimplrJS\simplr-forms\tools\api-extractor\lib\generators\ApiFileGenerator.js
FN:4,(anonymous_1)
FN:6,(anonymous_2)
FN:7,(anonymous_3)
FN:8,(anonymous_4)
FN:10,__
FN:32,(anonymous_6)
FN:34,ApiFileGenerator
FN:46,(anonymous_8)
FN:58,(anonymous_9)
FN:62,(anonymous_10)
FN:69,(anonymous_11)
FN:82,(anonymous_12)
FN:96,(anonymous_13)
FN:100,(anonymous_14)
FN:109,(anonymous_15)
FN:113,(anonymous_16)
FN:122,(anonymous_17)
FN:128,(anonymous_18)
FN:138,(anonymous_19)
FN:142,(anonymous_20)
FN:153,(anonymous_21)
FN:157,(anonymous_22)
FN:165,(anonymous_23)
FN:208,(anonymous_24)
FN:209,(anonymous_25)
FN:212,(anonymous_26)
FNF:26
FNH:23
FNDA:1,(anonymous_1)
FNDA:0,(anonymous_2)
FNDA:0,(anonymous_3)
FNDA:1,(anonymous_4)
FNDA:1,__
FNDA:1,(anonymous_6)
FNDA:4,ApiFileGenerator
FNDA:3,(anonymous_8)
FNDA:4,(anonymous_9)
FNDA:4,(anonymous_10)
FNDA:22,(anonymous_11)
FNDA:21,(anonymous_12)
FNDA:14,(anonymous_13)
FNDA:14,(anonymous_14)
FNDA:4,(anonymous_15)
FNDA:4,(anonymous_16)
FNDA:1,(anonymous_17)
FNDA:1,(anonymous_18)
FNDA:3,(anonymous_19)
FNDA:49,(anonymous_20)
FNDA:3,(anonymous_21)
FNDA:0,(anonymous_22)
FNDA:96,(anonymous_23)
FNDA:99,(anonymous_24)
FNDA:25,(anonymous_25)
FNDA:195,(anonymous_26)
DA:4,1
DA:5,1
DA:6,0
DA:7,0
DA:8,1
DA:9,1
DA:10,1
DA:11,1
DA:14,1
DA:15,1
DA:16,1
DA:17,1
DA:18,1
DA:19,1
DA:20,1
DA:32,1
DA:33,1
DA:34,1
DA:35,4
DA:36,4
DA:37,4
DA:46,1
DA:48,3
DA:49,3
DA:50,3
DA:58,1
DA:59,4
DA:60,4
DA:62,1
DA:63,4
DA:65,4
DA:66,4
DA:67,4
DA:69,1
DA:70,22
DA:71,22
DA:72,22
DA:73,1
DA:74,1
DA:75,1
DA:76,1
DA:78,21
DA:79,18
DA:81,21
DA:82,21
DA:83,21
DA:86,3
DA:88,21
DA:89,49
DA:90,49
DA:91,49
DA:94,21
DA:96,1
DA:97,14
DA:98,14
DA:99,14
DA:100,14
DA:101,14
DA:102,14
DA:103,4
DA:104,4
DA:107,14
DA:109,1
DA:110,4
DA:111,4
DA:113,1
DA:114,4
DA:115,37
DA:116,37
DA:117,37
DA:118,37
DA:120,4
DA:122,1
DA:123,1
DA:124,1
DA:127,1
DA:128,1
DA:129,1
DA:130,3
DA:131,3
DA:132,3
DA:133,3
DA:136,1
DA:138,1
DA:139,3
DA:140,3
DA:142,1
DA:143,49
DA:144,49
DA:146,49
DA:147,49
DA:148,3
DA:149,3
DA:150,3
DA:153,1
DA:154,3
DA:155,3
DA:157,1
DA:158,0
DA:165,1
DA:166,96
DA:167,96
DA:168,96
DA:169,2
DA:172,94
DA:173,94
DA:175,7
DA:176,7
DA:178,4
DA:179,4
DA:181,3
DA:182,3
DA:184,32
DA:185,32
DA:189,94
DA:190,2
DA:191,1
DA:193,2
DA:196,94
DA:197,20
DA:198,7
DA:200,20
DA:202,94
DA:203,60
DA:206,96
DA:208,1
DA:209,99
DA:210,99
DA:212,1
DA:213,195
DA:215,79
DA:216,79
DA:217,79
DA:220,1
DA:222,1
LF:135
LH:132
BRDA:4,1,0,1
BRDA:4,1,1,1
BRDA:4,1,2,1
BRDA:5,2,0,1
BRDA:5,2,1,0
BRDA:5,2,2,0
BRDA:5,2,3,0
BRDA:7,3,0,0
BRDA:7,3,1,0
BRDA:11,4,0,0
BRDA:11,4,1,1
BRDA:35,5,0,4
BRDA:35,5,1,4
BRDA:35,5,2,4
BRDA:72,6,0,1
BRDA:72,6,1,21
BRDA:78,7,0,18
BRDA:78,7,1,3
BRDA:83,8,0,3
BRDA:83,8,1,18
BRDA:104,9,0,2
BRDA:104,9,1,2
BRDA:143,10,0,49
BRDA:143,10,1,0
BRDA:147,11,0,3
BRDA:147,11,1,46
BRDA:168,12,0,2
BRDA:168,12,1,94
BRDA:168,13,0,96
BRDA:168,13,1,4
BRDA:173,14,0,7
BRDA:173,14,1,4
BRDA:173,14,2,3
BRDA:173,14,3,32
BRDA:189,15,0,2
BRDA:189,15,1,92
BRDA:190,16,0,1
BRDA:190,16,1,1
BRDA:196,17,0,20
BRDA:196,17,1,74
BRDA:196,18,0,94
BRDA:196,18,1,89
BRDA:197,19,0,7
BRDA:197,19,1,13
BRDA:202,20,0,60
BRDA:202,20,1,34
BRDA:213,21,0,79
BRDA:213,21,1,116
BRF:48
BRH:41
end_of_record
TN:
SF:D:\SimplrJS\simplr-forms\tools\api-extractor\lib\IndentedWriter.js
FN:28,(anonymous_1)
FN:29,IndentedWriter
FN:38,(anonymous_3)
FN:48,(anonymous_4)
FN:57,(anonymous_5)
FN:65,(anonymous_6)
FN:75,(anonymous_7)
FN:94,(anonymous_8)
FN:101,(anonymous_9)
FN:108,(anonymous_10)
FN:112,(anonymous_11)
FNF:11
FNH:11
FNDA:1,(anonymous_1)
FNDA:4,IndentedWriter
FNDA:4,(anonymous_3)
FNDA:36,(anonymous_4)
FNDA:36,(anonymous_5)
FNDA:36,(anonymous_6)
FNDA:504,(anonymous_7)
FNDA:251,(anonymous_8)
FNDA:302,(anonymous_9)
FNDA:259,(anonymous_10)
FNDA:72,(anonymous_11)
DA:4,1
DA:28,1
DA:29,1
DA:30,4
DA:31,4
DA:32,4
DA:33,4
DA:38,1
DA:39,4
DA:48,1
DA:49,36
DA:50,36
DA:51,36
DA:57,1
DA:58,36
DA:59,36
DA:65,1
DA:66,36
DA:67,36
DA:68,36
DA:75,1
DA:76,504
DA:77,504
DA:78,763
DA:79,763
DA:80,259
DA:83,504
DA:85,763
DA:86,302
DA:94,1
DA:95,251
DA:96,251
DA:101,1
DA:102,302
DA:103,218
DA:104,218
DA:106,302
DA:108,1
DA:109,259
DA:110,259
DA:112,1
DA:113,72
DA:115,1
DA:117,1
LF:44
LH:44
BRDA:49,1,0,36
BRDA:49,1,1,0
BRDA:79,2,0,259
BRDA:79,2,1,504
BRDA:85,3,0,302
BRDA:85,3,1,461
BRDA:95,4,0,208
BRDA:95,4,1,43
BRDA:102,5,0,218
BRDA:102,5,1,84
BRF:10
BRH:9
end_of_record
